Iteration	Posterior	Likelihood	Prior	rate_log_sd	tree_length
0	-8855.693	-9288.068	432.3743	1.27408	3.704948
6	-8854.745	-9287.101	432.3562	1.390682	3.647986
12	-8867.839	-9300.524	432.6847	1.350483	3.480308
18	-8876.125	-9308.231	432.106	1.350483	3.815616
24	-8881.432	-9313.219	431.7877	1.234499	4.064372
30	-8852.914	-9284.396	431.4816	1.300193	4.201105
36	-8862.791	-9295.095	432.3046	1.263107	3.751548
42	-8855.402	-9286.863	431.4612	1.303473	4.210836
48	-8846.876	-9279.245	432.3696	1.287443	3.69999
54	-8861.623	-9294.168	432.5443	1.322199	3.578563
60	-8860.256	-9292.444	432.1878	1.317042	3.787798
66	-8868.065	-9300.449	432.3839	1.335355	3.66397
72	-8862.157	-9294.919	432.7618	1.374477	3.421203
78	-8855.908	-9288.316	432.4081	1.340997	3.646671
84	-8855.346	-9288.056	432.7106	1.382077	3.446703
90	-8860.562	-9292.981	432.4195	1.300175	3.66375
96	-8855.163	-9287.14	431.9778	1.304038	3.915925
102	-8849.295	-9281.594	432.2994	1.29022	3.738894
108	-8852.521	-9283.767	431.2466	1.239065	4.368729
114	-8859.234	-9290.354	431.1201	1.181353	4.472611
120	-8864.51	-9295.601	431.0916	1.256535	4.446307
126	-8859.666	-9290.465	430.7987	1.22808	4.626895
132	-8853.302	-9285.399	432.0967	1.310365	3.844075
138	-8860.916	-9293.082	432.1663	1.310365	3.804001
144	-8864.415	-9296.728	432.3129	1.264076	3.746209
150	-8836.058	-9268.483	432.4245	1.348248	3.632979
156	-8838.65	-9270.487	431.8369	1.272478	4.014594
162	-8835.925	-9267.578	431.6538	1.269684	4.12058
168	-8832.967	-9265.649	432.6817	1.36142	3.475645
174	-8841.589	-9273.074	431.4847	1.188419	4.26272
180	-8846.311	-9277.677	431.366	1.308938	4.261669
186	-8845.774	-9277.814	432.0406	1.340278	3.859111
192	-8849.716	-9282.15	432.4344	1.331964	3.636686
198	-8850.269	-9282.569	432.2993	1.277411	3.746385
204	-8857.751	-9290.558	432.8069	1.372883	3.395697
210	-8862.208	-9293.901	431.6924	1.266966	4.100173
216	-8865.101	-9296.848	431.7466	1.212785	4.100173
222	-8865.325	-9297.227	431.9014	1.368371	3.922833
228	-8866.782	-9298.9	432.1182	1.249219	3.866833
234	-8861.622	-9293.485	431.863	1.249219	4.012999
240	-8854.225	-9286.182	431.9569	1.298968	3.930837
246	-8852.696	-9284.058	431.3613	1.318043	4.259171
252	-8844.92	-9276.525	431.6046	1.303695	4.129201
258	-8861.793	-9293.398	431.6046	1.303695	4.129201
264	-8858.039	-9289.388	431.349	1.290515	4.281765
270	-8871.17	-9302.492	431.3215	1.265147	4.311687
276	-8872.776	-9304.892	432.1157	1.250903	3.867326
282	-8880.313	-9312.586	432.2732	1.285069	3.757026
288	-8872.306	-9304.301	431.9946	1.285069	3.91719
294	-8860.654	-9293.087	432.4327	1.311528	3.649525
300	-8858.509	-9290.672	432.1623	1.347891	3.784742
306	-8861.991	-9294.623	432.6324	1.502292	3.422097
312	-8862.691	-9295.323	432.6316	1.353608	3.509483
318	-8865.202	-9298.173	432.9703	1.305848	3.339113
324	-8856.044	-9288.097	432.0534	1.293641	3.878527
330	-8864.472	-9297.06	432.5881	1.309133	3.560715
336	-8861.373	-9293.757	432.3839	1.337196	3.662935
342	-8860.789	-9293.167	432.3778	1.343208	3.662935
348	-8871.112	-9303.167	432.0554	1.343208	3.8489
354	-8858.755	-9291.237	432.4827	1.343208	3.602138
360	-8858.986	-9291.406	432.4204	1.351777	3.633323
366	-8861.651	-9294.303	432.6519	1.395556	3.473116
372	-8865.864	-9298.518	432.6535	1.393937	3.473116
378	-8873.797	-9305.655	431.8584	1.331448	3.968616
384	-8881.002	-9312.294	431.2911	1.17211	4.381429
390	-8867.701	-9298.799	431.0981	1.133377	4.511936
396	-8876.299	-9308.074	431.7757	1.17702	4.103932
402	-8869.933	-9301.708	431.7744	1.178385	4.103932
408	-8870.237	-9301.953	431.7153	1.177822	4.137881
414	-8868.995	-9300.81	431.8145	1.256526	4.036478
420	-8859.678	-9292.312	432.6344	1.313943	3.530949
426	-8863.974	-9296.198	432.224	1.313943	3.768748
432	-8867.15	-9299.267	432.1173	1.286113	3.846177
438	-8882.637	-9314.251	431.6143	1.286113	4.133735
444	-8868.785	-9300.437	431.6524	1.247985	4.133735
450	-8881.562	-9313.457	431.8956	1.267393	3.983966
456	-8866.152	-9297.839	431.6868	1.229859	4.124448
462	-8861.252	-9291.6	430.3476	1.126899	4.935297
468	-8862.411	-9294.204	431.7927	1.255214	4.049691
474	-8868.582	-9300.329	431.7469	1.302626	4.04879
480	-8866.7	-9299.139	432.4389	1.422227	3.581658
486	-8873.94	-9307.139	433.1983	1.422227	3.135431
492	-8870.912	-9303.951	433.0392	1.416206	3.233397
498	-8870.732	-9303.214	432.4818	1.339153	3.604986
504	-8865.978	-9298.043	432.0657	1.278386	3.880208
510	-8863.155	-9295.272	432.1178	1.226339	3.880208
516	-8847.037	-9278.414	431.3776	1.244206	4.291797
522	-8850.501	-9282.268	431.7667	1.212972	4.088589
528	-8846.545	-9277.995	431.4502	1.248692	4.248115
534	-8846.949	-9279.254	432.3044	1.415814	3.663434
540	-8846.544	-9279.218	432.6736	1.415814	3.44863
546	-8849.727	-9282.069	432.3415	1.239047	3.744147
552	-8855.457	-9287.681	432.2238	1.311435	3.770309
558	-8862.666	-9294.89	432.2238	1.311435	3.770309
564	-8875.347	-9306.74	431.3929	1.239681	4.285672
570	-8861.721	-9293.919	432.1976	1.300694	3.791591
576	-8889.272	-9321.494	432.2219	1.276343	3.791591
582	-8882.819	-9314.952	432.133	1.26309	3.850373
588	-8884.754	-9316.55	431.796	1.274482	4.036816
594	-8857.527	-9289.994	432.4667	1.34308	3.611491
600	-8856.409	-9288.876	432.4667	1.34308	3.611491
606	-8856.13	-9288.961	432.8312	1.396007	3.367864
612	-8843.098	-9276.085	432.9865	1.330334	3.315186
618	-8846.406	-9279.399	432.9924	1.393309	3.274545
624	-8845.697	-9278.195	432.4981	1.290602	3.623739
630	-8849.648	-9281.504	431.8556	1.274136	4.003004
636	-8856.904	-9287.742	430.8376	1.203616	4.61877
642	-8873.931	-9305.339	431.408	1.237138	4.278566
648	-8872.347	-9303.238	430.8908	1.156837	4.615182
654	-8858.8	-9290.055	431.2547	1.222837	4.373315
660	-8859.297	-9291.259	431.9619	1.236121	3.963948
666	-8866.635	-9298.944	432.3091	1.333537	3.708281
672	-8876.258	-9308.748	432.4895	1.341801	3.598985
678	-8871.129	-9303.579	432.4499	1.381445	3.598985
684	-8850.311	-9282.639	432.3289	1.325455	3.701533
690	-8851.086	-9282.93	431.8435	1.352499	3.965111
696	-8850.811	-9282.98	432.1696	1.267093	3.827041
702	-8852.409	-9284.456	432.0465	1.317484	3.868827
708	-8855.883	-9288.223	432.3396	1.286032	3.718112
714	-8861.489	-9293.744	432.2551	1.342484	3.734324
720	-8857.446	-9289.976	432.5295	1.328145	3.583687
726	-8860.544	-9293.562	433.0181	1.392346	3.259978
732	-8862.887	-9294.999	432.1115	1.306788	3.837594
738	-8856.019	-9287.878	431.8591	1.21591	4.034233
744	-8863.874	-9295.776	431.9018	1.270202	3.978837
750	-8865.431	-9297.002	431.571	1.280839	4.161336
756	-8873.144	-9305.166	432.0227	1.266849	3.911529
762	-8862.056	-9294.183	432.1275	1.268083	3.85066
768	-8856.401	-9288.53	432.129	1.266588	3.85066
774	-8853.143	-9285.256	432.1131	1.282477	3.85066
780	-8860.777	-9292.739	431.9624	1.234315	3.964684
786	-8847.889	-9279.068	431.1792	1.249398	4.400958
792	-8876.485	-9308.446	431.9609	1.216742	3.975607
798	-8865.897	-9298.743	432.8458	1.315113	3.406757
804	-8844.169	-9276.363	432.1934	1.330651	3.776759
810	-8835.569	-9267.93	432.3619	1.360481	3.662142
816	-8853.472	-9286.973	433.501	1.410644	2.9613
822	-8854.086	-9286.382	432.2955	1.220736	3.781247
828	-8851.52	-9284.102	432.5816	1.324428	3.555567
834	-8851.826	-9284.125	432.2989	1.411461	3.669131
840	-8857.802	-9289.036	431.2345	1.250994	4.36885
846	-8858.641	-9290.264	431.6231	1.237783	4.156185
852	-8855.221	-9287.426	432.205	1.308431	3.78285
858	-8857.821	-9290.768	432.9467	1.449207	3.268546
864	-8839.687	-9273.177	433.4901	1.448174	2.945288
870	-8839.818	-9273.004	433.1858	1.390968	3.161476
876	-8846.66	-9279.555	432.895	1.378197	3.340852
882	-8848.133	-9281.125	432.9922	1.357768	3.295625
888	-8853.146	-9286.046	432.9007	1.449316	3.295625
894	-8872.666	-9305.39	432.7238	1.345034	3.460624
900	-8880.238	-9312.625	432.3863	1.399954	3.625129
906	-8865.71	-9297.822	432.1124	1.314073	3.832879
912	-8871.943	-9304.627	432.6839	1.345913	3.483435
918	-8881.549	-9314.634	433.085	1.383574	3.225617
924	-8862.533	-9294.907	432.3738	1.350425	3.661072
930	-8862.224	-9294.116	431.8922	1.255492	3.992705
936	-8847.844	-9280.567	432.7229	1.401282	3.428239
942	-8861.851	-9294.679	432.828	1.401282	3.366632
948	-8857.351	-9290.29	432.939	1.389156	3.308476
954	-8861.514	-9294.355	432.8406	1.427845	3.343664
960	-8866.948	-9299.286	432.338	1.35679	3.678134
966	-8858.088	-9290.948	432.8601	1.37447	3.363558
972	-8862.732	-9294.976	432.2434	1.323065	3.752249
978	-8861.157	-9293.512	432.3545	1.334233	3.681651
984	-8847.783	-9279.658	431.8748	1.32244	3.964378
990	-8862.632	-9295.954	433.3224	1.519087	3.003483
996	-8872.165	-9305.707	433.5416	1.519087	2.871402
1002	-8862.694	-9296.059	433.3658	1.398043	3.049998
1008	-8866.053	-9298.578	432.5248	1.366064	3.564398
1014	-8867.68	-9299.601	431.9214	1.290641	3.955923
1020	-8861.7	-9293.13	431.4298	1.316351	4.221334
1026	-8860.855	-9292.314	431.4594	1.280117	4.22508
1032	-8857.387	-9288.881	431.494	1.245505	4.22508
1038	-8853.615	-9284.738	431.1233	1.207299	4.456149
1044	-8861.99	-9294.35	432.3594	1.288207	3.705406
1050	-8857.815	-9290.524	432.7091	1.379826	3.448879
1056	-8863.061	-9296.467	433.4058	1.426153	3.009201
1062	-8871.808	-9304.458	432.6504	1.372679	3.487359
1068	-8879.633	-9312.338	432.705	1.397878	3.440724
1074	-8871.364	-9304.153	432.7896	1.354138	3.416803
1080	-8883.773	-9315.929	432.1565	1.377534	3.770987
1086	-8869.122	-9301.396	432.2738	1.407644	3.68587
1092	-8861.16	-9293.182	432.0217	1.262305	3.914688
1098	-8862.278	-9292.496	430.2184	1.161723	4.987778
1104	-8855.292	-9287.121	431.8287	1.26008	4.026346
1110	-8849.758	-9280.951	431.1934	1.189399	4.42678
1116	-8855.69	-9287.8	432.1091	1.343256	3.817988
1122	-8847.397	-9279.479	432.0814	1.337149	3.837442
1128	-8862.035	-9294.18	432.1453	1.273274	3.837442
1134	-8860.985	-9293.852	432.8675	1.321552	3.390269
1140	-8864.945	-9297.936	432.9908	1.407959	3.266893
1146	-8861.918	-9294.885	432.9669	1.431815	3.266893
1152	-8861.454	-9293.59	432.1355	1.349993	3.798951
1158	-8853.946	-9285.957	432.011	1.303615	3.897163
1164	-8832.472	-9264.388	431.9154	1.365686	3.916392
1170	-8845.707	-9277.111	431.4033	1.265454	4.265212
1176	-8847.014	-9278.067	431.0535	1.265454	4.462719
1182	-8857.098	-9288.772	431.6745	1.354831	4.060264
1188	-8862.244	-9294.834	432.5902	1.424537	3.492257
1194	-8864.607	-9296.997	432.3901	1.366687	3.642232
1200	-8858.413	-9291.791	433.3782	1.366687	3.061328
1206	-8859.597	-9292.668	433.0707	1.390124	3.230167
1212	-8864.219	-9296.843	432.6246	1.384184	3.495728
1218	-8866.518	-9299.514	432.9961	1.380985	3.279636
1224	-8864.099	-9297.087	432.9878	1.389321	3.279636
1230	-8863.329	-9295.324	431.9948	1.201542	3.964894
1236	-8865.141	-9297.841	432.7005	1.236853	3.537342
1242	-8871.007	-9304.693	433.6857	1.483112	2.805738
1248	-8857.431	-9290.286	432.8551	1.397035	3.353216
1254	-8860.978	-9292.937	431.9585	1.337979	3.907547
1260	-8861.695	-9295.101	433.4067	1.413997	3.015946
1266	-8868.261	-9301.544	433.2825	1.538219	3.015946
1272	-8875.675	-9308.878	433.2027	1.413419	3.138095
1278	-8875.442	-9308.541	433.0986	1.51744	3.138095
1284	-8876.982	-9310.539	433.557	1.452367	2.902446
1290	-8896.962	-9328.882	431.9203	1.281957	3.961506
1296	-8880.692	-9312.867	432.1744	1.269862	3.822697
1302	-8882.994	-9316.089	433.095	1.307376	3.264719
1308	-8860.408	-9292.851	432.4436	1.317397	3.639802
1314	-8878.732	-9310.293	431.5602	1.334034	4.137236
1320	-8877.782	-9309.484	431.7021	1.244934	4.107189
1326	-8873.892	-9305.591	431.6991	1.227116	4.119039
1332	-8876.924	-9308.351	431.4269	1.151789	4.316164
1338	-8870.24	-9300.807	430.5668	1.174447	4.786615
1344	-8846.972	-9278.545	431.5733	1.265112	4.168974
1350	-8849.314	-9282.004	432.6905	1.376717	3.461575
1356	-8855.602	-9287.848	432.2464	1.391161	3.711254
1362	-8864.31	-9296.493	432.1831	1.350774	3.771075
1368	-8865.736	-9297.674	431.9377	1.281267	3.951937
1374	-8865.358	-9297.316	431.9585	1.260456	3.951937
1380	-8864.873	-9296.121	431.2473	1.238161	4.36884
1386	-8870.003	-9300.356	430.3523	1.17624	4.905213
1392	-8864.62	-9295.782	431.1628	1.199984	4.438031
1398	-8867.079	-9298.287	431.2075	1.155288	4.438031
1404	-8868.116	-9299.656	431.5396	1.273267	4.183441
1410	-8873.071	-9304.566	431.4948	1.318082	4.183441
1416	-8887.338	-9318.682	431.3442	1.305342	4.276047
1422	-8888.062	-9320.414	432.3528	1.38066	3.655746
1428	-8873.549	-9305.975	432.4263	1.307146	3.655746
1434	-8887.66	-9319.375	431.7151	1.310423	4.062451
1440	-8876.029	-9308.075	432.0458	1.290087	3.884919
1446	-8877.245	-9309.077	431.832	1.290946	4.00685
1452	-8865.569	-9297.16	431.5915	1.28624	4.146576
1458	-8861.414	-9292.459	431.0456	1.28624	4.455454
1464	-8873.456	-9304.969	431.5134	1.205468	4.236794
1470	-8865.381	-9295.807	430.4267	1.313425	4.787223
1476	-8873.766	-9304.981	431.2153	1.215504	4.399675
1482	-8872.659	-9302.996	430.3379	1.278864	4.856072
1488	-8869.71	-9300.357	430.6473	1.226106	4.712777
1494	-8865.557	-9298.024	432.4676	1.305973	3.632522
1500	-8882.426	-9313.405	430.9787	1.172809	4.556869
1506	-8879.435	-9310.228	430.7929	1.254903	4.615082
1512	-8877	-9308.585	431.5848	1.167496	4.217865
1518	-8868.309	-9299.691	431.3823	1.186852	4.321576
1524	-8888.325	-9320.095	431.77	1.275802	4.050915
1530	-8868.979	-9300.385	431.4068	1.230307	4.283089
1536	-8853.337	-9284.74	431.4027	1.234428	4.283089
1542	-8855.63	-9286.968	431.3376	1.174867	4.353589
1548	-8856.64	-9288.89	432.2496	1.267952	3.780453
1554	-8849.793	-9281.923	432.1304	1.314165	3.822514
1560	-8850.344	-9282.53	432.1865	1.258051	3.822514
1566	-8854.998	-9286.887	431.8896	1.28194	3.979059
1572	-8868.32	-9299.782	431.4619	1.16876	4.286746
1578	-8851.388	-9282.795	431.4072	1.223509	4.286746
1584	-8864.36	-9295.754	431.394	1.236655	4.286746
1590	-8850.062	-9281.499	431.4363	1.230669	4.266192
1596	-8856.082	-9287.783	431.7008	1.265196	4.09636
1602	-8855.573	-9287.227	431.6538	1.214444	4.15198
1608	-8856.791	-9289.307	432.5162	1.355308	3.575641
1614	-8856.668	-9289.1	432.4324	1.361368	3.620771
1620	-8859.04	-9291.468	432.4278	1.361368	3.62348
1626	-8861.999	-9294.037	432.0373	1.273138	3.89952
1632	-8868.474	-9302.125	433.6509	1.364793	2.898599
1638	-8851.622	-9283.936	432.3147	1.271478	3.74088
1644	-8847.476	-9279.734	432.2576	1.264077	3.778094
1650	-8849.254	-9281.188	431.9342	1.312864	3.935876
1656	-8853.851	-9286.518	432.6671	1.363187	3.483155
1662	-8845.721	-9278.663	432.9427	1.369774	3.317741
1668	-8852.359	-9285.471	433.1118	1.369774	3.217936
1674	-8853.698	-9286.246	432.5482	1.292118	3.593792
1680	-8857.832	-9290.344	432.5117	1.32859	3.593792
1686	-8847.967	-9280.667	432.7	1.32859	3.484147
1692	-8850.778	-9283.009	432.2308	1.220077	3.818887
1698	-8852.318	-9284.428	432.1103	1.321147	3.830026
1704	-8846.311	-9278.974	432.6633	1.370208	3.481255
1710	-8850.55	-9281.624	431.0744	1.263869	4.451849
1716	-8850.822	-9282.487	431.6652	1.284536	4.105627
1722	-8847.611	-9279.508	431.897	1.268002	3.982843
1728	-8842.451	-9274.713	432.2617	1.268002	3.773454
1734	-8838.086	-9269.257	431.1707	1.245235	4.408091
1740	-8835.687	-9268.113	432.4265	1.292816	3.663945
1746	-8840.797	-9273.23	432.4326	1.357739	3.622755
1752	-8834.564	-9266.762	432.198	1.270048	3.808975
1758	-8825.706	-9257.903	432.1977	1.270316	3.808975
1764	-8837.268	-9268.97	431.7022	1.212602	4.125548
1770	-8844.545	-9275.692	431.147	1.212041	4.440164
1776	-8847.031	-9278.006	430.9746	1.212041	4.537165
1782	-8842.575	-9273.456	430.8813	1.203398	4.594415
1788	-8842.887	-9274.159	431.2726	1.246519	4.349817
1794	-8855.214	-9287.147	431.9332	1.285228	3.952242
1800	-8856.56	-9288.793	432.2332	1.287963	3.778385
1806	-8846.613	-9279.306	432.6932	1.378549	3.458913
1812	-8855.081	-9287.776	432.6948	1.313741	3.495861
1818	-8861.687	-9293.945	432.2585	1.3232	3.743495
1824	-8866.535	-9297.675	431.1394	1.189141	4.457323
1830	-8853.943	-9285.748	431.8042	1.297925	4.018775
1836	-8835.822	-9267.962	432.1407	1.274237	3.839515
1842	-8838.34	-9270.293	431.9527	1.264941	3.952686
1848	-8854.3	-9285.742	431.4423	1.223818	4.266686
1854	-8859.599	-9291.902	432.3031	1.407042	3.669243
1860	-8855.455	-9288.586	433.1319	1.353842	3.21543
1866	-8860.879	-9294.192	433.3127	1.459956	3.044693
1872	-8854.361	-9287.311	432.9498	1.39472	3.298872
1878	-8866.626	-9299.245	432.6184	1.346159	3.521468
1884	-8850.963	-9282.406	431.443	1.316302	4.213868
1890	-8853.595	-9286.627	433.0326	1.380578	3.258355
1896	-8842.662	-9275.185	432.5231	1.380578	3.55694
1902	-8848.365	-9280.824	432.4593	1.325497	3.626021
1908	-8846.885	-9279.762	432.8763	1.427786	3.322677
1914	-8844.005	-9276.999	432.9942	1.32465	3.313978
1920	-8848.83	-9280.659	431.8292	1.216487	4.05096
1926	-8853.394	-9285.163	431.7692	1.263285	4.058513
1932	-8860.45	-9292.639	432.1888	1.27093	3.813776
1938	-8859.211	-9290.85	431.6394	1.272297	4.127273
1944	-8856.759	-9287.996	431.2367	1.130222	4.435709
1950	-8850.031	-9280.596	430.565	1.186957	4.780616
1956	-8843.815	-9274.428	430.6132	1.155103	4.7715
1962	-8862.309	-9295.204	432.8951	1.371531	3.344685
1968	-8862.356	-9295.769	433.4128	1.48045	2.972412
1974	-8835.96	-9267.326	431.3663	1.192673	4.327294
1980	-8837.803	-9268.76	430.9576	1.220967	4.541719
1986	-8835.921	-9267.471	431.5505	1.177262	4.23173
1992	-8838.493	-9270.404	431.9105	1.247608	3.986758
1998	-8851.673	-9283.928	432.2549	1.315162	3.750214
2004	-8853.566	-9286.022	432.4566	1.310154	3.636432
2010	-8850.159	-9283.149	432.9897	1.388805	3.278837
2016	-8839.841	-9272.126	432.2846	1.272858	3.757501
2022	-8847.415	-9279.979	432.564	1.342768	3.555113
2028	-8849.396	-9281.322	431.9254	1.263758	3.96899
2034	-8889.947	-9320.946	430.9996	1.233834	4.510828
2040	-8867.372	-9298.744	431.3712	1.182933	4.330043
2046	-8859.761	-9291.276	431.5152	1.182933	4.248556
2052	-8882.443	-9314.452	432.0091	1.266548	3.919478
2058	-8878.221	-9309.699	431.4786	1.269149	4.220441
2064	-8861.193	-9291.973	430.7798	1.204993	4.650435
2070	-8861.216	-9292.326	431.1097	1.15534	4.493098
2076	-8873.198	-9305.02	431.8224	1.19231	4.068628
2082	-8860.293	-9291.562	431.2689	1.221635	4.365961
2088	-8868.289	-9300.114	431.8244	1.191387	4.067998
2094	-8870.889	-9302.287	431.3979	1.195564	4.307796
2100	-8859.509	-9291.907	432.3975	1.322712	3.663419
2106	-8851.813	-9284.238	432.4252	1.426316	3.587253
2112	-8858.516	-9291.062	432.5461	1.532181	3.455087
2118	-8845.247	-9277.93	432.6828	1.513333	3.386082
2124	-8856.054	-9289.66	433.6056	1.490452	2.849953
2130	-8845.393	-9277.446	432.0526	1.392041	3.822461
2136	-8857.545	-9290.026	432.4806	1.321816	3.615748
2142	-8838.355	-9270.501	432.146	1.351997	3.79176
2148	-8847.889	-9280.309	432.4201	1.428927	3.5887
2154	-8844.903	-9277.721	432.8181	1.406374	3.369473
2160	-8861.278	-9294.174	432.8962	1.416243	3.317738
2166	-8873.896	-9306.192	432.2963	1.433763	3.657711
2172	-8865.947	-9298.333	432.3855	1.353693	3.65243
2178	-8855.577	-9287.824	432.2469	1.308197	3.758859
2184	-8868.487	-9300.007	431.52	1.270454	4.196173
2190	-8860.983	-9292.81	431.8271	1.273534	4.019605
2196	-8860.041	-9291.976	431.9347	1.326692	3.92766
2202	-8860.281	-9291.584	431.3031	1.18768	4.365827
2208	-8865.043	-9296.873	431.8292	1.23303	4.041548
2214	-8872.369	-9304.163	431.7942	1.218242	4.069914
2220	-8879.218	-9311.321	432.1034	1.236133	3.882824
2226	-8884.696	-9315.896	431.1996	1.236133	4.396903
2232	-8856.994	-9289.496	432.5018	1.368379	3.576444
2238	-8856.854	-9289.442	432.5876	1.353081	3.535419
2244	-8847.529	-9280.252	432.723	1.341358	3.463232
2250	-8830.63	-9262.871	432.2403	1.356612	3.734727
2256	-8842.323	-9275.231	432.9079	1.402793	3.318797
2262	-8838.247	-9270.459	432.2119	1.297996	3.784912
2268	-8855.393	-9287.37	431.9771	1.21575	3.966881
2274	-8850.284	-9281.327	431.0423	1.189152	4.511961
2280	-8847.057	-9277.248	430.1911	1.157727	5.005145
2286	-8846.244	-9277.217	430.9728	1.241017	4.521861
2292	-8849.152	-9281.496	432.3433	1.259689	3.731225
2298	-8839.178	-9270.423	431.2449	1.281155	4.345926
2304	-8841.942	-9273.256	431.3141	1.211945	4.345926
2310	-8851.748	-9284.246	432.4976	1.380697	3.571681
2316	-8861.534	-9294.332	432.7985	1.344252	3.417416
2322	-8850.964	-9284.516	433.5518	1.394892	2.940205
2328	-8855.019	-9288.152	433.1327	1.461121	3.151358
2334	-8868.785	-9300.713	431.927	1.227251	3.98895
2340	-8858.987	-9290.351	431.3641	1.254262	4.293715
2346	-8858.097	-9289.599	431.5021	1.201568	4.24541
2352	-8863.523	-9295.632	432.1081	1.322709	3.830385
2358	-8870.316	-9302.408	432.0915	1.276882	3.866276
2364	-8857.643	-9288.151	430.5082	1.133286	4.842257
2370	-8852.138	-9284.143	432.0055	1.255891	3.927637
2376	-8854.769	-9286.27	431.501	1.209786	4.241355
2382	-8842.265	-9273.914	431.6493	1.257214	4.130225
2388	-8853.874	-9285.977	432.1024	1.293291	3.850591
2394	-8857.86	-9290.506	432.6465	1.287741	3.539167
2400	-8857.926	-9290.625	432.6991	1.354484	3.46953
2406	-8860.347	-9293.216	432.8693	1.385297	3.351799
2412	-8864.956	-9298.272	433.3166	1.392276	3.082803
2418	-8862.787	-9295.717	432.9301	1.39865	3.308141
2424	-8859.066	-9291.474	432.4084	1.21716	3.718172
2430	-8866.06	-9298.217	432.1574	1.306329	3.811447
2436	-8866.953	-9299.076	432.1233	1.303527	3.832686
2442	-8878.668	-9310.05	431.3821	1.204347	4.311757
2448	-8880.24	-9311.736	431.496	1.229086	4.233282
2454	-8890.629	-9321.76	431.1308	1.243341	4.431651
2460	-8879.592	-9311.51	431.9177	1.243341	3.98511
2466	-8871.77	-9303.684	431.9145	1.246533	3.98511
2472	-8864.523	-9296.808	432.2851	1.19938	3.799511
2478	-8869.372	-9300.14	430.7679	1.2698	4.620744
2484	-8866.059	-9296.825	430.766	1.234055	4.641859
2490	-8843.01	-9274.77	431.7602	1.205046	4.096817
2496	-8848.042	-9279.875	431.8332	1.236081	4.037517
2502	-8838.639	-9271.385	432.7463	1.337281	3.45203
2508	-8835.956	-9268.081	432.1252	1.291536	3.838516
2514	-8835.181	-9267.626	432.4452	1.319068	3.637913
2520	-8842.317	-9273.706	431.3889	1.360415	4.219517
2526	-8836.573	-9268.616	432.0422	1.374212	3.838704
2532	-8841.396	-9273.827	432.431	1.374212	3.614156
2538	-8851.443	-9284.011	432.568	1.310854	3.571388
2544	-8858.197	-9290.796	432.5991	1.383856	3.510746
2550	-8860.748	-9293.227	432.4783	1.335791	3.609025
2556	-8851.408	-9283.881	432.4738	1.340258	3.609025
2562	-8854.087	-9285.961	431.8739	1.270128	3.994793
2568	-8851.143	-9283.586	432.4427	1.270128	3.667686
2574	-8860.655	-9291.233	430.5783	1.181367	4.776332
2580	-8863.808	-9295.241	431.4331	1.158502	4.308839
2586	-8865.887	-9296.731	430.8439	1.098913	4.673935
2592	-8869.034	-9299.899	430.8656	1.216554	4.595837
2598	-8850.733	-9282.291	431.5579	1.18409	4.223689
2604	-8853.786	-9286.104	432.3186	1.22696	3.764308
2610	-8849.609	-9280.528	430.919	1.172225	4.59074
2616	-8852.523	-9282.893	430.3701	1.124354	4.924199
2622	-8862.686	-9294.926	432.2406	1.314379	3.758883
2628	-8871.148	-9302.865	431.7168	1.319819	4.056129
2634	-8852.13	-9284.401	432.2709	1.319819	3.73826
2640	-8854.201	-9286.936	432.7358	1.416766	3.411649
2646	-8849.268	-9281.92	432.6518	1.366488	3.490163
2652	-8851.864	-9284.716	432.852	1.302566	3.410462
2658	-8851.948	-9284.742	432.7932	1.361335	3.410462
2664	-8859.678	-9292.963	433.2854	1.4256	3.081523
2670	-8852.772	-9286.026	433.2545	1.491	3.06091
2676	-8860.577	-9293.34	432.7629	1.399455	3.405908
2682	-8863.819	-9295.782	431.9625	1.353842	3.89617
2688	-8865.727	-9298.391	432.6644	1.290518	3.527118
2694	-8861.405	-9295.341	433.9359	1.425046	2.688304
2700	-8856.297	-9289.76	433.4631	1.510812	2.923837
2706	-8864.474	-9297.898	433.4241	1.432101	2.994623
2712	-8846.598	-9278.903	432.3051	1.403383	3.670191
2718	-8847.096	-9279.014	431.9181	1.375462	3.909232
2724	-8844.671	-9276.312	431.6406	1.336765	4.089929
2730	-8870.285	-9303.007	432.7219	1.345497	3.461462
2736	-8884.74	-9317.573	432.8331	1.39671	3.366355
2742	-8838.218	-9270.543	432.3248	1.333645	3.699166
2748	-8839.526	-9271.455	431.9289	1.25897	3.969721
2754	-8841	-9273.039	432.0389	1.250153	3.911779
2760	-8851.888	-9282.925	431.0374	1.274493	4.466728
2766	-8848.033	-9280.612	432.579	1.33441	3.551286
2772	-8873.204	-9304.994	431.7899	1.232238	4.0644
2778	-8877.735	-9309.319	431.5836	1.232238	4.181776
2784	-8860.46	-9292.286	431.8262	1.299457	4.005302
2790	-8861.462	-9293.3	431.838	1.282278	4.008375
2796	-8863.036	-9294.778	431.7426	1.248871	4.081895
2802	-8851.135	-9283.498	432.3631	1.351958	3.666413
2808	-8848.895	-9281.279	432.3837	1.331332	3.666413
2814	-8861.587	-9293.941	432.3545	1.331332	3.683338
2820	-8864.138	-9296.22	432.0822	1.291517	3.863194
2826	-8868.94	-9301.155	432.2153	1.291517	3.786684
2832	-8860.895	-9292.826	431.9306	1.25052	3.9736
2838	-8877.697	-9309.641	431.9437	1.237455	3.9736
2844	-8870.532	-9303.056	432.5238	1.328894	3.586608
2850	-8863.04	-9295.014	431.9741	1.282934	3.930169
2856	-8867.925	-9300.133	432.2087	1.245209	3.817146
2862	-8867.069	-9298.563	431.4945	1.146897	4.280666
2868	-8865.189	-9296.787	431.5983	1.142922	4.224137
2874	-8862.118	-9294.561	432.4427	1.304347	3.647857
2880	-8860.687	-9293.259	432.5725	1.315766	3.565924
2886	-8850.436	-9283.573	433.1363	1.410161	3.179455
2892	-8859.312	-9292.252	432.9398	1.409805	3.295832
2898	-8861.34	-9293.879	432.539	1.409327	3.530924
2904	-8840.507	-9272.83	432.3233	1.335537	3.698942
2910	-8839.36	-9270.919	431.559	1.30593	4.153863
2916	-8849.4	-9280.721	431.3212	1.205096	4.345759
2922	-8866.965	-9299.274	432.3089	1.341658	3.703692
2928	-8864.684	-9296.741	432.0572	1.341658	3.848798
2934	-8866.51	-9297.966	431.4563	1.247728	4.245224
2940	-8856.062	-9287.118	431.0565	1.186628	4.505411
2946	-8871.893	-9303.561	431.6675	1.248728	4.124685
2952	-8878.278	-9310.509	432.2308	1.276141	3.786594
2958	-8876.828	-9309.058	432.2307	1.276267	3.786594
2964	-8870.267	-9302.748	432.4812	1.276267	3.641854
2970	-8886.868	-9319.061	432.1928	1.279501	3.806551
2976	-8887.462	-9319.593	432.1305	1.279501	3.842399
2982	-8883.795	-9315.674	431.8787	1.247184	4.005162
2988	-8879.888	-9310.658	430.7702	1.216561	4.649287
2994	-8879.268	-9310.894	431.6261	1.171748	4.191988
3000	-8874.803	-9306.128	431.325	1.176085	4.360025
3006	-8884.415	-9315.612	431.197	1.176085	4.432265
3012	-8883.929	-9315.274	431.3451	1.156858	4.359517
3018	-8882.464	-9314.408	431.9438	1.188032	4.001796
3024	-8885.382	-9316.852	431.4708	1.188203	4.270706
3030	-8877.312	-9309.359	432.0475	1.249628	3.907153
3036	-8856.495	-9288.745	432.25	1.316329	3.752355
3042	-8859.451	-9291.414	431.9632	1.228363	3.967638
3048	-8863.36	-9295.641	432.2805	1.297425	3.745679
3054	-8852.265	-9283.552	431.2875	1.196349	4.369752
3060	-8844.456	-9275.977	431.5212	1.233478	4.216482
3066	-8855.36	-9287.377	432.0167	1.194676	3.95627
3072	-8856.648	-9288.495	431.8468	1.207774	4.045891
3078	-8852.998	-9285.079	432.0808	1.30826	3.854412
3084	-8848.364	-9281.323	432.9585	1.438343	3.26802
3090	-8845.304	-9278.47	433.1661	1.365831	3.188079
3096	-8855.088	-9286.741	431.6527	1.36818	4.065082
3102	-8849.266	-9280.924	431.6576	1.337861	4.079605
3108	-8846.598	-9277.916	431.3185	1.18747	4.357238
3114	-8849.264	-9280.782	431.5182	1.303026	4.178734
3120	-8856.994	-9288.222	431.2277	1.250554	4.37292
3126	-8853.74	-9284.741	431.0001	1.177148	4.542425
3132	-8868.364	-9299.243	430.8789	1.123935	4.640291
3138	-8858.988	-9290.457	431.469	1.180249	4.27626
3144	-8858.856	-9291.597	432.7404	1.326425	3.461783
3150	-8862.059	-9294.142	432.0826	1.26601	3.877612
3156	-8846.654	-9278.25	431.5952	1.264776	4.156678
3162	-8839.241	-9270.804	431.5633	1.29667	4.156678
3168	-8846.381	-9277.819	431.4386	1.233523	4.263291
3174	-8858.331	-9290.808	432.4774	1.374536	3.587025
3180	-8850.977	-9283.676	432.6992	1.378243	3.455589
3186	-8860.701	-9293.821	433.1196	1.439433	3.172003
3192	-8862.557	-9295.475	432.9181	1.410074	3.308469
3198	-8857.89	-9289.359	431.4688	1.252501	4.23543
3204	-8851.14	-9284.253	433.1135	1.415898	3.189601
3210	-8852.818	-9285.929	433.1111	1.389171	3.206819
3216	-8853.83	-9286.904	433.074	1.389171	3.228825
3222	-8861.516	-9293.892	432.3758	1.383022	3.641052
3228	-8864.959	-9295.826	430.8675	1.156334	4.628547
3234	-8871.195	-9302.299	431.1041	1.224188	4.457465
3240	-8856.522	-9288.244	431.7218	1.377442	4.020381
3246	-8861.56	-9293.229	431.6691	1.221194	4.139454
3252	-8866.298	-9297.997	431.6988	1.212215	4.127673
3258	-8870.91	-9303.317	432.4071	1.291541	3.675909
3264	-8870.568	-9301.885	431.3174	1.138562	4.385476
3270	-8859.957	-9292.54	432.5833	1.369323	3.528473
3276	-8871.47	-9303.488	432.018	1.201868	3.951443
3282	-8865.333	-9296.645	431.3118	1.2198	4.342792
3288	-8890.097	-9321.773	431.6755	1.231441	4.12998
3294	-8848.703	-9281.366	432.6627	1.373125	3.479948
3300	-8844.609	-9276.947	432.3383	1.331592	3.692553
3306	-8843.554	-9275.551	431.9966	1.338411	3.885457
3312	-8847.852	-9279.863	432.011	1.324006	3.885457
3318	-8847.506	-9278.102	430.5963	1.203081	4.754158
3324	-8842.206	-9273.949	431.7427	1.281504	4.063195
3330	-8854.368	-9285.622	431.2539	1.218153	4.376425
3336	-8848.58	-9280.796	432.2153	1.320661	3.769858
3342	-8846.553	-9278.913	432.3595	1.305316	3.695487
3348	-8844.93	-9277.853	432.9225	1.305316	3.367513
3354	-8863.724	-9295.544	431.8202	1.245007	4.03985
3360	-8856.901	-9288.715	431.8139	1.217704	4.059013
3366	-8857.165	-9289.169	432.0042	1.207804	3.955961
3372	-8867.812	-9299.808	431.9957	1.252465	3.935202
3378	-8866.689	-9298.201	431.5119	1.26067	4.206357
3384	-8874.33	-9307.333	433.0032	1.370084	3.281908
3390	-8863.714	-9296.376	432.6614	1.370084	3.482465
3396	-8862.42	-9295.285	432.8652	1.330072	3.386585
3402	-8872.45	-9304.697	432.2468	1.368067	3.724312
3408	-8867.992	-9300.247	432.2558	1.316709	3.748801
3414	-8861.16	-9293.127	431.9672	1.299719	3.924505
3420	-8860.386	-9292.426	432.0406	1.215913	3.930442
3426	-8860.165	-9292.419	432.2539	1.294796	3.762551
3432	-8864.983	-9296.409	431.4261	1.199214	4.289781
3438	-8870.953	-9302.44	431.4873	1.193672	4.258256
3444	-8871.126	-9302.462	431.3368	1.248965	4.312189
3450	-8870.553	-9303.067	432.5141	1.30166	3.608
3456	-8862.457	-9293.767	431.3097	1.202134	4.353946
3462	-8873.421	-9305.134	431.7128	1.214118	4.118645
3468	-8876.256	-9307.912	431.6557	1.17658	4.172457
3474	-8853.282	-9285.31	432.0276	1.321486	3.87736
3480	-8840.29	-9272.316	432.0255	1.323594	3.87736
3486	-8844.151	-9276.556	432.4044	1.323594	3.658909
3492	-8844.907	-9276.922	432.015	1.371113	3.85609
3498	-8847.617	-9279.764	432.1469	1.338992	3.798686
3504	-8844.878	-9277.887	433.0097	1.297499	3.320811
3510	-8850.654	-9282.559	431.9043	1.246627	3.990883
3516	-8846.119	-9277.779	431.6601	1.255985	4.124767
3522	-8854.28	-9286.116	431.8363	1.199657	4.05653
3528	-8843.831	-9275.626	431.7959	1.215982	4.070242
3534	-8842.58	-9274.514	431.9344	1.320442	3.931419
3540	-8853.512	-9285.441	431.9289	1.325914	3.931419
3546	-8852.032	-9284.558	432.5254	1.34503	3.576248
3552	-8871.76	-9303.854	432.0941	1.30637	3.847837
3558	-8862.359	-9295.085	432.726	1.333158	3.466281
3564	-8838.974	-9270.147	431.1727	1.240262	4.409747
3570	-8852.79	-9285.432	432.6422	1.322199	3.521575
3576	-8842.988	-9274.882	431.8945	1.341371	3.942263
3582	-8853.114	-9284.726	431.6118	1.268574	4.145084
3588	-8844.469	-9276.51	432.0405	1.366578	3.844036
3594	-8846.938	-9279.038	432.0992	1.285674	3.856822
3600	-8840.028	-9271.77	431.7425	1.254551	4.078667
3606	-8837.009	-9269.087	432.0776	1.372696	3.819211
3612	-8850.737	-9283.101	432.3639	1.372696	3.653933
3618	-8838.883	-9271.093	432.2106	1.363092	3.748133
3624	-8851.105	-9283.223	432.1182	1.333427	3.818434
3630	-8848.792	-9281.697	432.9054	1.37229	3.338226
3636	-8832.355	-9264.646	432.2911	1.378689	3.692605
3642	-8855.462	-9287.968	432.5058	1.432309	3.5369
3648	-8859.384	-9292.015	432.6305	1.384368	3.492135
3654	-8855.417	-9288.386	432.9691	1.339055	3.320269
3660	-8858.933	-9292.019	433.0855	1.356765	3.241161
3666	-8847.376	-9279.757	432.3802	1.373118	3.644222
3672	-8849.637	-9282.121	432.4841	1.315453	3.617455
3678	-8859.491	-9290.987	431.4963	1.264685	4.212884
3684	-8871.866	-9303.752	431.8857	1.345139	3.945127
3690	-8854.519	-9287.461	432.9422	1.340731	3.335135
3696	-8852.451	-9284.579	432.1282	1.34324	3.807046
3702	-8853.291	-9286.174	432.8825	1.360325	3.358694
3708	-8859.672	-9292.082	432.4101	1.336004	3.648415
3714	-8845.311	-9277.84	432.5292	1.354055	3.568833
3720	-8838.741	-9271.047	432.3057	1.24968	3.758678
3726	-8848.824	-9280.802	431.9775	1.24968	3.947219
3732	-8840.883	-9272.036	431.1534	1.239498	4.421049
3738	-8836.934	-9268.444	431.5098	1.230255	4.2248
3744	-8835.663	-9268.032	432.3683	1.320997	3.681298
3750	-8844.298	-9276.519	432.2209	1.37046	3.7379
3756	-8850.182	-9282.782	432.5997	1.37046	3.5182
3762	-8853.39	-9284.997	431.607	1.259133	4.153208
3768	-8852.212	-9283.823	431.6109	1.255241	4.153208
3774	-8848.745	-9280.301	431.5559	1.282322	4.169063
3780	-8852.921	-9284.228	431.3072	1.191385	4.361416
3786	-8846.209	-9277.705	431.4962	1.296051	4.195189
3792	-8845.655	-9277.342	431.687	1.233159	4.122449
3798	-8854.063	-9285.498	431.435	1.234318	4.264868
3804	-8845.452	-9277.523	432.0715	1.252152	3.891952
3810	-8845.895	-9277.848	431.953	1.294594	3.935571
3816	-8848.694	-9281.236	432.5411	1.397274	3.536716
3822	-8861.424	-9295.014	433.5895	1.450132	2.884142
3828	-8851.683	-9285.086	433.4029	1.411536	3.019694
3834	-8851.137	-9283.561	432.4233	1.411536	3.596925
3840	-8843.382	-9275.964	432.5821	1.290315	3.575097
3846	-8854.606	-9287.129	432.5237	1.348782	3.575097
3852	-8874.147	-9306.425	432.2778	1.356451	3.713145
3858	-8862.921	-9294.971	432.0493	1.275731	3.89115
3864	-8858.765	-9290.806	432.0411	1.283999	3.89115
3870	-8861.965	-9294.398	432.4331	1.283999	3.66523
3876	-8867.734	-9299.572	431.8388	1.305124	3.994843
3882	-8858.11	-9289.412	431.302	1.266039	4.322199
3888	-8863.078	-9294.45	431.3719	1.25694	4.287769
3894	-8855.615	-9287.879	432.2636	1.262203	3.775729
3900	-8847.245	-9278.805	431.5604	1.262203	4.177938
3906	-8852.553	-9284.46	431.9062	1.262203	3.980852
3912	-8844.762	-9276.396	431.6331	1.262203	4.136596
3918	-8844.061	-9275.877	431.8164	1.271521	4.026869
3924	-8847.974	-9280.083	432.1082	1.345125	3.817435
3930	-8853.17	-9285.598	432.428	1.386602	3.608704
3936	-8856.483	-9289.207	432.7241	1.444049	3.402488
3942	-8866.159	-9298.937	432.7777	1.390535	3.402488
3948	-8891.964	-9325.164	433.2006	1.421774	3.134371
3954	-8862.379	-9293.437	431.0573	1.189739	4.503226
3960	-8858.903	-9289.73	430.8269	1.189739	4.632578
3966	-8867.019	-9298.202	431.183	1.230523	4.409453
3972	-8868.308	-9299.68	431.3723	1.195376	4.322378
3978	-8866.75	-9297.967	431.2167	1.323544	4.337892
3984	-8858.683	-9289.345	430.6621	1.206897	4.715227
3990	-8855.021	-9285.432	430.4107	1.195856	4.861768
3996	-8856.516	-9288.234	431.7175	1.195856	4.126344
4002	-8859.951	-9291.21	431.2595	1.227585	4.367936
4008	-8851.115	-9283.529	432.4142	1.305467	3.663729
4014	-8857.184	-9289.246	432.0617	1.288638	3.876662
4020	-8842.766	-9275.239	432.4735	1.278604	3.644938
4026	-8832.687	-9264.205	431.5184	1.213274	4.229509
4032	-8842.109	-9274.344	432.2352	1.229302	3.811021
4038	-8839.499	-9271.255	431.7555	1.216768	4.092795
4044	-8848.787	-9280.33	431.5423	1.189575	4.229403
4050	-8858.221	-9288.928	430.7069	1.14873	4.722699
4056	-8848.18	-9278.623	430.4434	1.14873	4.869786
4062	-8861.413	-9293.056	431.6431	1.307703	4.105015
4068	-8858.017	-9290.533	432.5162	1.30842	3.602905
4074	-8852.243	-9284.288	432.0454	1.39077	3.827309
4080	-8859.04	-9291.096	432.0563	1.392044	3.820338
4086	-8862.421	-9294.814	432.3927	1.325375	3.664649
4092	-8871.862	-9304.138	432.2755	1.319029	3.736081
4098	-8860.846	-9293.184	432.3379	1.256609	3.736081
4104	-8861.175	-9292.648	431.4722	1.261454	4.228415
4110	-8863.422	-9295.207	431.7849	1.297907	4.029797
4116	-8851.651	-9283.831	432.1799	1.29605	3.804462
4122	-8856.785	-9288.472	431.6873	1.271251	4.100649
4128	-8853.669	-9285.193	431.5244	1.245751	4.207704
4134	-8860.913	-9293.226	432.3132	1.272997	3.74087
4140	-8860.985	-9293.174	432.1889	1.312046	3.790062
4146	-8856.235	-9289.015	432.7794	1.320118	3.44268
4152	-8855.3	-9287.168	431.8684	1.320118	3.969345
4158	-8853.68	-9285.701	432.021	1.318553	3.882808
4164	-8861.852	-9293.804	431.9526	1.215316	3.981134
4170	-8860.957	-9292.654	431.6963	1.207187	4.131941
4176	-8856.496	-9288.077	431.5813	1.173348	4.216529
4182	-8850.683	-9282.776	432.0932	1.276352	3.865594
4188	-8841.094	-9273.185	432.0915	1.278038	3.865594
4194	-8842.351	-9274.188	431.8375	1.313149	3.991056
4200	-8839.268	-9271.344	432.0759	1.302107	3.860756
4206	-8840.113	-9272.358	432.2449	1.277903	3.777426
4212	-8851.086	-9284.131	433.0448	1.326302	3.283162
4218	-8863.491	-9296.369	432.8781	1.343227	3.371294
4224	-8862.722	-9295.338	432.6158	1.308761	3.544769
4230	-8866.444	-9298.841	432.3975	1.31385	3.668545
4236	-8881.148	-9314.102	432.9543	1.352135	3.321305
4242	-8870.259	-9302.553	432.2945	1.320534	3.724248
4248	-8876.813	-9309.491	432.6783	1.320534	3.50148
4254	-8868.018	-9300.221	432.2024	1.297555	3.790586
4260	-8862.42	-9294.97	432.5492	1.31789	3.57821
4266	-8855.477	-9288.501	433.0241	1.401944	3.250721
4272	-8861.579	-9295.304	433.725	1.430886	2.813632
4278	-8863.836	-9296.397	432.5608	1.286637	3.589606
4284	-8852.879	-9284.67	431.7918	1.236156	4.061081
4290	-8853.397	-9285.221	431.8237	1.239655	4.040885
4296	-8852.761	-9283.886	431.1252	1.282856	4.412519
4302	-8846.848	-9278.654	431.8062	1.227136	4.058025
4308	-8839.715	-9270.95	431.2355	1.243676	4.372391
4314	-8845.182	-9277.3	432.1174	1.267678	3.856719
4320	-8845.664	-9277.399	431.735	1.235757	4.093648
4326	-8852.857	-9283.911	431.0544	1.141531	4.531914
4332	-8854.499	-9285.499	431.0004	1.151215	4.556858
4338	-8856.076	-9286.995	430.9196	1.168001	4.592786
4344	-8839.365	-9270.667	431.3016	1.240759	4.336713
4350	-8839.376	-9271.255	431.8792	1.291691	3.979442
4356	-8836.778	-9267.815	431.0377	1.184365	4.517228
4362	-8859.011	-9290.715	431.704	1.341771	4.050915
4368	-8851.584	-9283.887	432.3032	1.309268	3.725744
4374	-8837.236	-9269.188	431.9521	1.259361	3.956263
4380	-8827.395	-9259.945	432.5503	1.385292	3.538377
4386	-8829.818	-9261.512	431.6937	1.290291	4.086138
4392	-8843.329	-9274.361	431.0322	1.19876	4.512229
4398	-8844.65	-9275.552	430.902	1.201107	4.584094
4404	-8858.309	-9290.78	432.4717	1.364681	3.596062
4410	-8857.339	-9289.203	431.8645	1.261267	4.005226
4416	-8853.878	-9286.294	432.4157	1.261267	3.688456
4422	-8851.867	-9284.254	432.3874	1.29334	3.686276
4428	-8856.235	-9288.813	432.5781	1.29334	3.575698
4434	-8847.474	-9279.603	432.1291	1.284809	3.840107
4440	-8852.624	-9284.894	432.2703	1.378308	3.70483
4446	-8859.031	-9292.576	433.5448	1.482416	2.891645
4452	-8856.135	-9289.771	433.636	1.482874	2.836131
4458	-8857.064	-9290.973	433.9095	1.453101	2.687299
4464	-8853.386	-9286.766	433.3799	1.453101	3.008539
4470	-8865.393	-9298.634	433.2413	1.343689	3.156584
4476	-8873.988	-9306.541	432.5524	1.281596	3.597433
4482	-8856.89	-9289.014	432.1236	1.380827	3.788046
4488	-8854.847	-9287.095	432.2485	1.26236	3.784338
4494	-8863.677	-9295.315	431.6376	1.247312	4.142503
4500	-8861.035	-9292.668	431.6323	1.252644	4.142503
4506	-8862.234	-9293.477	431.2434	1.265378	4.355686
4512	-8889.633	-9321.417	431.7842	1.238506	4.064067
4518	-8889.595	-9321.722	432.1267	1.252458	3.860117
4524	-8868.429	-9301.107	432.6781	1.324065	3.499548
4530	-8860.837	-9293.263	432.426	1.298845	3.660759
4536	-8855.232	-9286.963	431.7309	1.253038	4.086145
4542	-8858.228	-9289.254	431.0268	1.118854	4.560173
4548	-8852.644	-9284.197	431.5528	1.166117	4.236742
4554	-8844.896	-9276.189	431.2921	1.126584	4.406539
4560	-8844.757	-9276.403	431.6462	1.203357	4.162639
4566	-8853.954	-9286.124	432.1692	1.324655	3.794106
4572	-8850.644	-9282.551	431.9067	1.186193	4.024032
4578	-8855.024	-9286.834	431.8106	1.22863	4.054651
4584	-8845.351	-9277.23	431.8792	1.160018	4.054651
4590	-8856.795	-9288.418	431.6231	1.149814	4.20613
4596	-8852.189	-9282.549	430.3607	1.14638	4.917154
4602	-8847.519	-9278.559	431.0398	1.162229	4.528501
4608	-8866.527	-9297.21	430.6828	1.1805	4.718401
4614	-8864.859	-9295.654	430.7954	1.067879	4.718401
4620	-8857.847	-9289.394	431.5464	1.132656	4.259342
4626	-8851.382	-9282.853	431.4714	1.207715	4.259342
4632	-8863.002	-9294.797	431.7947	1.254447	4.048998
4638	-8869.612	-9301.827	432.2149	1.203633	3.837463
4644	-8873.423	-9306.32	432.8968	1.330849	3.367616
4650	-8861.492	-9293.557	432.0654	1.202308	3.924053
4656	-8855.463	-9287.985	432.5219	1.244992	3.636396
4662	-8849.994	-9281.799	431.8057	1.331917	3.998462
4668	-8843.86	-9276.325	432.4657	1.326549	3.621682
4674	-8845.132	-9278.149	433.0172	1.337211	3.293002
4680	-8854.568	-9286.85	432.282	1.302866	3.741679
4686	-8845.078	-9277.267	432.1893	1.302866	3.795122
4692	-8878.869	-9309.706	430.837	1.240166	4.598606
4698	-8870.626	-9302.369	431.7432	1.330809	4.034776
4704	-8860.694	-9292.277	431.5837	1.186067	4.207936
4710	-8848.981	-9281.069	432.0889	1.25645	3.879496
4716	-8877.257	-9309.289	432.0323	1.32762	3.871117
4722	-8855.003	-9287.479	432.4759	1.331597	3.612838
4728	-8863.234	-9295.324	432.09	1.247936	3.883771
4734	-8863.865	-9296.012	432.147	1.240447	3.855339
4740	-8849.961	-9281.523	431.5616	1.274458	4.170289
4746	-8870.501	-9302.703	432.202	1.337447	3.767869
4752	-8876.166	-9308.034	431.8672	1.22267	4.025745
4758	-8870.272	-9302.226	431.954	1.247767	3.961786
4764	-8866.32	-9297.696	431.3757	1.273734	4.276125
4770	-8872.88	-9304.367	431.4869	1.168261	4.272913
4776	-8856.494	-9287.97	431.4756	1.179534	4.272913
4782	-8851.14	-9283.702	432.5618	1.357744	3.547732
4788	-8856.247	-9287.865	431.6177	1.360362	4.089525
4794	-8844.12	-9276.032	431.9122	1.33732	3.934428
4800	-8857.737	-9289.793	432.0553	1.291184	3.878884
4806	-8851.956	-9283.583	431.6269	1.231938	4.157344
4812	-8845.107	-9276.771	431.6638	1.244197	4.129374
4818	-8845.759	-9277.2	431.4411	1.220886	4.269025
4824	-8850.583	-9282.039	431.4556	1.203413	4.270692
4830	-8846.127	-9277.68	431.5535	1.218845	4.206452
4836	-8847.884	-9278.664	430.7799	1.170363	4.669749
4842	-8841.511	-9273.597	432.0855	1.212464	3.906718
4848	-8856.318	-9289.345	433.0269	1.342681	3.284106
4854	-8866.193	-9299.51	433.3166	1.419727	3.066435
4860	-8866.752	-9299.458	432.7056	1.419727	3.427567
4866	-8856.874	-9289.531	432.6568	1.365645	3.487755
4872	-8854.274	-9286.931	432.6564	1.36598	3.487755
4878	-8853.533	-9285.726	432.193	1.31799	3.78425
4884	-8847.979	-9281.044	433.0653	1.408421	3.222556
4890	-8846.138	-9278.663	432.5255	1.289461	3.608504
4896	-8842.464	-9274.534	432.0704	1.271786	3.881316
4902	-8846.939	-9278.836	431.897	1.229001	4.005142
4908	-8848.095	-9280.185	432.0895	1.302044	3.852996
4914	-8860.676	-9292.737	432.0605	1.330987	3.852996
4920	-8848.845	-9281.082	432.2367	1.223545	3.813494
4926	-8853.055	-9285.007	431.9525	1.307596	3.92841
4932	-8854.268	-9286.446	432.1781	1.266435	3.82254
4938	-8861.592	-9293.579	431.9878	1.287062	3.919922
4944	-8858.89	-9290.549	431.6595	1.284798	4.108734
4950	-8854.58	-9287.249	432.6693	1.28413	3.527981
4956	-8849.878	-9282.746	432.8684	1.322326	3.389247
4962	-8838.116	-9270.246	432.1308	1.24294	3.863212
4968	-8847.465	-9279.356	431.8912	1.230623	4.007512
4974	-8842.25	-9273.767	431.5164	1.248373	4.210781
4980	-8847.364	-9279.466	432.1024	1.227499	3.888348
4986	-8840.964	-9273.039	432.0745	1.267605	3.881344
4992	-8844.962	-9277.322	432.3599	1.267605	3.717049
4998	-8843.557	-9275.53	431.9736	1.302775	3.919093
5004	-8852.027	-9283.656	431.6297	1.276516	4.130384
5010	-8860.031	-9290.681	430.6496	1.221001	4.714355
5016	-8859.017	-9290.395	431.3777	1.193792	4.320245
5022	-8857.16	-9289.146	431.9857	1.330723	3.896079
5028	-8858.627	-9290.74	432.1123	1.247611	3.871166
5034	-8857.959	-9289.27	431.3103	1.235714	4.334626
5040	-8880.581	-9313.173	432.5918	1.36045	3.528652
5046	-8872.165	-9304.343	432.1776	1.324242	3.789525
5052	-8875.946	-9308.643	432.6976	1.380858	3.454995
5058	-8869	-9301.537	432.5371	1.380858	3.548604
5064	-8855.742	-9288.019	432.2768	1.345407	3.720081
5070	-8852.684	-9283.54	430.8558	1.211297	4.604251
5076	-8839.49	-9270.69	431.1996	1.152714	4.443927
5082	-8839.638	-9270.98	431.3417	1.184702	4.345741
5088	-8847.697	-9279.075	431.3771	1.191234	4.322003
5094	-8847.824	-9279.279	431.4552	1.16377	4.293396
5100	-8852.932	-9284.865	431.9333	1.202955	3.999266
5106	-8844.665	-9277.138	432.4735	1.326393	3.617245
5112	-8846.944	-9279.15	432.2059	1.216802	3.835061
5118	-8857.872	-9289.807	431.9353	1.252036	3.970068
5124	-8856.755	-9288.946	432.1905	1.217332	3.843618
5130	-8848.213	-9280.367	432.1537	1.298924	3.817834
5136	-8839.102	-9271.288	432.1856	1.26703	3.817834
5142	-8839.712	-9271.868	432.1565	1.305226	3.812639
5148	-8850.869	-9282.527	431.6572	1.258322	4.125099
5154	-8849.805	-9281.878	432.0736	1.282105	3.873569
5160	-8859.218	-9291.243	432.0244	1.260039	3.914442
5166	-8852.006	-9284.028	432.0217	1.237423	3.928941
5172	-8861.795	-9292.946	431.1504	1.270461	4.405288
5178	-8854.85	-9286.071	431.2204	1.245104	4.380102
5184	-8852.34	-9283.695	431.3545	1.209605	4.324401
5190	-8850.461	-9282.863	432.4017	1.277469	3.687187
5196	-8849.17	-9281.114	431.9436	1.329572	3.920909
5202	-8849.286	-9281.769	432.4827	1.320879	3.61512
5208	-8853.558	-9286.257	432.6987	1.320879	3.489375
5214	-8867.101	-9298.713	431.6124	1.266111	4.146143
5220	-8854.331	-9285.481	431.1505	1.253481	4.414796
5226	-8846.324	-9277.62	431.2959	1.252907	4.33304
5232	-8853.903	-9285.989	432.0861	1.252907	3.883175
5238	-8844.263	-9275.919	431.656	1.335984	4.081597
5244	-8845.576	-9277.897	432.3207	1.29078	3.726278
5250	-8856.611	-9289.412	432.8018	1.299631	3.441577
5256	-8856.996	-9289.088	432.0913	1.378285	3.808087
5262	-8853.046	-9285.645	432.5984	1.354013	3.528554
5268	-8850.876	-9282.934	432.0577	1.301395	3.871631
5274	-8835.792	-9268.137	432.3455	1.360158	3.67186
5280	-8841.263	-9274.096	432.8337	1.439688	3.340714
5286	-8846.558	-9279.954	433.3961	1.466039	2.991055
5292	-8858.85	-9292.255	433.4048	1.46892	2.984132
5298	-8864.094	-9297.754	433.6596	1.476339	2.825751
5304	-8863.623	-9296.08	432.4561	1.327151	3.626872
5310	-8839.768	-9272.325	432.557	1.360634	3.54881
5316	-8845.726	-9278.574	432.8482	1.396127	3.357784
5322	-8865.308	-9298.283	432.9746	1.43306	3.261599
5328	-8869.629	-9302.614	432.9858	1.421881	3.261599
5334	-8857.527	-9289.514	431.9869	1.376781	3.868982
5340	-8860.746	-9294.469	433.7223	1.476012	2.787808
5346	-8853.472	-9285.811	432.339	1.375901	3.666508
5352	-8859.005	-9291.797	432.7917	1.394973	3.391638
5358	-8847.704	-9280.285	432.5814	1.359629	3.535227
5364	-8858.034	-9290.148	432.1133	1.24236	3.873587
5370	-8856.887	-9288.31	431.4228	1.186397	4.298928
5376	-8851.424	-9283.561	432.1366	1.292922	3.831131
5382	-8856.701	-9289.09	432.3893	1.305786	3.677942
5388	-8851.17	-9283.644	432.4739	1.357156	3.599159
5394	-8861.005	-9294.031	433.0258	1.410856	3.24446
5400	-8860.672	-9294.257	433.5849	1.440082	2.892966
5406	-8857.106	-9290.572	433.4661	1.512563	2.920975
5412	-8857.895	-9290.596	432.7013	1.331254	3.481844
5418	-8857.911	-9290.433	432.522	1.402769	3.544671
5424	-8856.038	-9288.682	432.644	1.352865	3.50263
5430	-8845.739	-9278.228	432.4897	1.355853	3.590724
5436	-8842.517	-9274.756	432.2384	1.311039	3.76211
5442	-8850.315	-9282.274	431.9587	1.306196	3.925632
5448	-8846.814	-9279.244	432.4298	1.39315	3.603877
5454	-8844.573	-9277.854	433.2815	1.408351	3.094153
5460	-8860.174	-9292.163	431.9883	1.351696	3.882579
5466	-8865.74	-9297.739	431.9991	1.34087	3.882579
5472	-8855.77	-9287.843	432.0728	1.320256	3.852125
5478	-8861.972	-9294.702	432.7307	1.373934	3.439713
5484	-8866.654	-9300.296	433.6426	1.469041	2.840487
5490	-8868.268	-9301.264	432.9957	1.508682	3.204397
5496	-8869.047	-9301.247	432.2004	1.279951	3.801907
5502	-8866.265	-9298.243	431.9778	1.317743	3.908079
5508	-8864.256	-9295.535	431.2781	1.227988	4.357217
5514	-8869.039	-9300.333	431.2941	1.211953	4.357217
5520	-8862.838	-9294.558	431.7198	1.213696	4.114858
5526	-8860.163	-9291.56	431.3974	1.210059	4.299897
5532	-8859.125	-9290.594	431.4691	1.138319	4.299897
5538	-8852.032	-9283.502	431.4706	1.228921	4.247792
5544	-8855.942	-9288.153	432.2113	1.275609	3.798132
5550	-8852.657	-9284.752	432.0948	1.275789	3.864996
5556	-8854.675	-9286.963	432.2888	1.287312	3.746739
5562	-8879.258	-9310.615	431.3565	1.182868	4.338383
5568	-8865.281	-9297.393	432.1119	1.287565	3.848422
5574	-8854.962	-9287.193	432.2301	1.298262	3.774241
5580	-8858.914	-9291.118	432.2043	1.305433	3.785001
5586	-8869.919	-9302.17	432.2511	1.258644	3.785001
5592	-8864.674	-9297.416	432.7424	1.314977	3.467318
5598	-8860.917	-9294.05	433.1326	1.439851	3.16404
5604	-8852.877	-9285.939	433.0626	1.444865	3.202576
5610	-8842.552	-9275.769	433.2164	1.444865	3.111203
5616	-8852.627	-9285.32	432.6929	1.364834	3.467116
5622	-8868.263	-9301.781	433.5184	1.426862	2.941078
5628	-8861.174	-9294.085	432.9116	1.421992	3.305283
5634	-8849.335	-9281.008	431.6734	1.255878	4.117275
5640	-8857.749	-9288.754	431.0044	1.19412	4.530467
5646	-8861.126	-9292.099	430.9737	1.23496	4.524776
5652	-8850.624	-9281.578	430.9538	1.189275	4.561644
5658	-8861.108	-9292.442	431.3332	1.135538	4.378308
5664	-8863.459	-9294.107	430.6475	1.159032	4.750177
5670	-8867.117	-9298.288	431.1712	1.228362	4.417315
5676	-8859.779	-9291.197	431.4183	1.188835	4.300072
5682	-8851.304	-9283.522	432.2179	1.277497	3.793254
5688	-8851.488	-9283.519	432.0311	1.293512	3.891393
5694	-8848.202	-9280.611	432.4088	1.336844	3.648676
5700	-8857.487	-9289.221	431.7334	1.333125	4.039083
5706	-8856.732	-9289.217	432.4855	1.319314	3.614378
5712	-8842.733	-9275.007	432.2738	1.308075	3.743366
5718	-8840.661	-9272.73	432.0695	1.281323	3.876342
5724	-8848.717	-9281.333	432.6159	1.301673	3.548858
5730	-8851.536	-9283.615	432.079	1.228346	3.901335
5736	-8853.813	-9285.829	432.0168	1.290456	3.901335
5742	-8853.635	-9285.649	432.0141	1.351365	3.867969
5748	-8839.289	-9270.392	431.1029	1.160297	4.494092
5754	-8858.841	-9290.58	431.7384	1.208432	4.107291
5760	-8871.116	-9303.356	432.2408	1.209538	3.819176
5766	-8877.629	-9309.992	432.3625	1.358689	3.66287
5772	-8869.216	-9301.245	432.0294	1.358689	3.85494
5778	-8850.298	-9282.62	432.3219	1.345292	3.6941
5784	-8864.936	-9298.092	433.1553	1.35606	3.200241
5790	-8860.655	-9293.153	432.498	1.268518	3.63657
5796	-8860.179	-9293.219	433.0403	1.357112	3.267686
5802	-8856.878	-9289.595	432.7176	1.312822	3.48305
5808	-8874.978	-9307.344	432.3657	1.312822	3.687552
5814	-8860.575	-9293.31	432.735	1.32253	3.467258
5820	-8862.823	-9295.8	432.9769	1.356704	3.305304
5826	-8845.384	-9277.827	432.4435	1.280719	3.66109
5832	-8852.379	-9284.039	431.6601	1.217234	4.146857
5838	-8844.771	-9277.345	432.5732	1.286497	3.582502
5844	-8850.645	-9282.635	431.9901	1.27409	3.926064
5850	-8854.596	-9287.13	432.534	1.408859	3.534142
5856	-8848.298	-9280.787	432.4898	1.332894	3.603982
5862	-8841.715	-9274.022	432.3075	1.332894	3.709586
5868	-8840.949	-9272.595	431.6466	1.312153	4.100529
5874	-8846.359	-9278.713	432.3542	1.298722	3.702377
5880	-8848.965	-9281.608	432.6437	1.309101	3.52836
5886	-8845.593	-9277.88	432.2867	1.35234	3.710394
5892	-8846.464	-9278.894	432.4305	1.279406	3.669393
5898	-8856.662	-9289.41	432.7481	1.38463	3.423255
5904	-8842.519	-9274.709	432.19	1.364175	3.759342
5910	-8848.922	-9281.477	432.5553	1.346169	3.558237
5916	-8847.261	-9279.53	432.2692	1.360569	3.715717
5922	-8844.309	-9276.657	432.3475	1.239698	3.740322
5928	-8849.155	-9279.674	430.5186	1.112896	4.847859
5934	-8855.041	-9285.376	430.3349	1.088208	4.963858
5940	-8840.731	-9271.512	430.7807	1.179069	4.664417
5946	-8849.806	-9281.586	431.7799	1.244395	4.063146
5952	-8853.344	-9285.486	432.1422	1.362824	3.787695
5958	-8868.824	-9302.501	433.6771	1.470343	2.818744
5964	-8850.611	-9282.633	432.0221	1.323352	3.879449
5970	-8833.061	-9265.508	432.4475	1.314852	3.638989
5976	-8832.125	-9264.691	432.5662	1.329633	3.561483
5982	-8854.916	-9286.403	431.4869	1.278729	4.2103
5988	-8850.993	-9282.78	431.7872	1.296245	4.029389
5994	-8854.925	-9286.633	431.7081	1.296245	4.074548
6000	-8867.807	-9300.478	432.6708	1.490095	3.406763
6006	-8877.026	-9310.289	433.2629	1.42696	3.094185
6012	-8872.193	-9305.241	433.0483	1.305399	3.293468
6018	-8870.572	-9303.94	433.3679	1.362114	3.070198
6024	-8869.827	-9302.696	432.869	1.319305	3.390674
6030	-8876.692	-9307.985	431.2924	1.185218	4.373288
6036	-8876.313	-9307.485	431.1717	1.229169	4.416568
6042	-8857.167	-9289.189	432.0219	1.339728	3.870163
6048	-8850.368	-9282.654	432.2856	1.222734	3.78578
6054	-8855.044	-9287.096	432.0517	1.301391	3.875041
6060	-8859.142	-9291.405	432.2621	1.218581	3.801686
6066	-8852.404	-9284.099	431.6953	1.278258	4.092061
6072	-8852.858	-9284.59	431.7317	1.241896	4.092061
6078	-8843.47	-9274.636	431.1656	1.241896	4.412853
6084	-8849.965	-9281.431	431.4658	1.278878	4.222141
6090	-8859.314	-9291.57	432.2561	1.331075	3.7403
6096	-8866.789	-9299.108	432.3192	1.343039	3.696943
6102	-8879.181	-9311.262	432.081	1.273047	3.874535
6108	-8868.194	-9300.369	432.175	1.295143	3.807767
6114	-8855.723	-9287.665	431.9414	1.260093	3.961951
6120	-8870.216	-9301.111	430.8948	1.142958	4.620751
6126	-8865.231	-9296.085	430.8541	1.156004	4.636226
6132	-8861.033	-9292.533	431.5005	1.156004	4.272155
6138	-8853.007	-9283.692	430.6849	1.156004	4.73095
6144	-8851.072	-9281.924	430.8516	1.105127	4.666115
6150	-8865.622	-9297.955	432.3327	1.314345	3.705743
6156	-8866.114	-9297.683	431.5689	1.192414	4.21271
6162	-8868.292	-9300.221	431.9293	1.244091	3.978032
6168	-8865.457	-9297.358	431.9007	1.272649	3.978032
6174	-8869.769	-9301.453	431.6835	1.319495	4.075292
6180	-8867.203	-9299.264	432.0612	1.277319	3.88343
6186	-8858.62	-9290.437	431.8174	1.267321	4.028712
6192	-8878.183	-9310.949	432.7663	1.329313	3.444989
6198	-8868.964	-9301.288	432.3245	1.312163	3.71176
6204	-8862.933	-9294.927	431.9943	1.232491	3.947459
6210	-8854.535	-9286.621	432.0863	1.204817	3.910601
6216	-8852.012	-9283.48	431.4674	1.240253	4.243178
6222	-8863.616	-9296.104	432.4884	1.254547	3.650255
6228	-8870.357	-9302.736	432.3792	1.343883	3.661786
6234	-8865.485	-9298.097	432.6118	1.238572	3.587946
6240	-8864.981	-9297.482	432.5011	1.349207	3.587946
6246	-8849.306	-9281.692	432.3857	1.319583	3.672047
6252	-8864.92	-9296.193	431.2735	1.282992	4.328707
6258	-8859.336	-9291.163	431.8278	1.292776	4.008224
6264	-8861.382	-9293.511	432.1296	1.374324	3.788354
6270	-8851.807	-9283.977	432.17	1.333906	3.788354
6276	-8851.394	-9283.634	432.2395	1.308944	3.762696
6282	-8841.199	-9273.574	432.3745	1.297607	3.691274
6288	-8838.189	-9270.318	432.1293	1.275562	3.845346
6294	-8864.682	-9297.062	432.3807	1.369449	3.646095
6300	-8875.351	-9307.473	432.1226	1.269431	3.852689
6306	-8881.58	-9313.325	431.7453	1.2917	4.055919
6312	-8876.765	-9308.578	431.8127	1.224295	4.055919
6318	-8872.446	-9304.584	432.1381	1.32314	3.812879
6324	-8864.105	-9297.276	433.1711	1.46673	3.125165
6330	-8854.125	-9286.612	432.4878	1.437402	3.544436
6336	-8863.927	-9296.738	432.811	1.375476	3.391792
6342	-8869.413	-9300.919	431.506	1.227154	4.228676
6348	-8866.482	-9297.986	431.5036	1.229586	4.228676
6354	-8841.786	-9274.373	432.5875	1.399048	3.508677
6360	-8855.354	-9287.401	432.0471	1.410911	3.814782
6366	-8840.023	-9271.782	431.7593	1.3067	4.039344
6372	-8853.704	-9285.435	431.7305	1.22958	4.099753
6378	-8854.964	-9286.524	431.5605	1.22197	4.200713
6384	-8849.262	-9280.416	431.1537	1.22197	4.430804
6390	-8842.482	-9273.9	431.4173	1.164508	4.314428
6396	-8853.938	-9285.944	432.0051	1.174733	3.974332
6402	-8852.733	-9284.344	431.6112	1.303813	4.125417
6408	-8848.472	-9280.292	431.8204	1.30153	4.007429
6414	-8866.458	-9298.923	432.4659	1.380863	3.590051
6420	-8844.287	-9276.421	432.1334	1.321197	3.816721
6426	-8839.784	-9271.894	432.1096	1.231061	3.882175
6432	-8844.339	-9276.274	431.9357	1.318568	3.931744
6438	-8839.173	-9271.657	432.4845	1.359944	3.591363
6444	-8851.311	-9284.239	432.9283	1.432211	3.289453
6450	-8847.433	-9279.791	432.3583	1.417066	3.631478
6456	-8871.995	-9304.426	432.4308	1.344528	3.631478
6462	-8854.506	-9287.117	432.6114	1.363759	3.515314
6468	-8842.992	-9275.204	432.2118	1.344299	3.758272
6474	-8838.559	-9270.978	432.4192	1.347532	3.636468
6480	-8839.188	-9271.453	432.2655	1.387504	3.702276
6486	-8843.101	-9274.837	431.7366	1.238664	4.091109
6492	-8846.991	-9278.427	431.4358	1.213597	4.276152
6498	-8849.514	-9280.95	431.4369	1.229534	4.26652
6504	-8855.935	-9287.661	431.7258	1.251251	4.090098
6510	-8857.929	-9289.975	432.0464	1.235535	3.915892
6516	-8858.091	-9288.788	430.6972	1.2323	4.681351
6522	-8850.018	-9280.885	430.8672	1.240277	4.581618
6528	-8845.554	-9276.583	431.0288	1.196347	4.51553
6534	-8852.237	-9283.279	431.0416	1.183514	4.51553
6540	-8865.722	-9297.86	432.1377	1.210832	3.877656
6546	-8872.414	-9303.395	430.9812	1.210832	4.534122
6552	-8860.067	-9291.393	431.3259	1.245294	4.320413
6558	-8867.919	-9299.365	431.4458	1.267218	4.240127
6564	-8861.855	-9293.285	431.4298	1.303847	4.22841
6570	-8862.578	-9294.541	431.9621	1.31316	3.91972
6576	-8849.63	-9281.202	431.5727	1.304806	4.146719
6582	-8869.137	-9300.685	431.5477	1.245883	4.194407
6588	-8863.75	-9295.306	431.5564	1.237231	4.194407
6594	-8865.782	-9298.484	432.7017	1.448515	3.413047
6600	-8850.622	-9283.49	432.8681	1.457934	3.309754
6606	-8848.171	-9281.589	433.4177	1.460758	2.981264
6612	-8858.758	-9291.373	432.6151	1.30817	3.545549
6618	-8867.18	-9299.953	432.7738	1.418424	3.388401
6624	-8854.224	-9286.306	432.0818	1.354835	3.827031
6630	-8851.843	-9284.589	432.7453	1.355979	3.441653
6636	-8852.047	-9284.366	432.3186	1.391946	3.669025
6642	-8838.747	-9271.614	432.8671	1.417162	3.334357
6648	-8845.75	-9277.702	431.9519	1.319394	3.922008
6654	-8844.807	-9276.804	431.9968	1.35923	3.873366
6660	-8854.253	-9286.798	432.5446	1.389389	3.539318
6666	-8845.796	-9278.573	432.7763	1.370957	3.414747
6672	-8851.733	-9283.715	431.9815	1.294936	3.919057
6678	-8858.127	-9289.886	431.759	1.290718	4.048637
6684	-8853.471	-9285.456	431.9844	1.264353	3.934896
6690	-8856.133	-9288.798	432.6651	1.431554	3.444395
6696	-8858.168	-9291.346	433.1777	1.431554	3.142135
6702	-8870.835	-9303.03	432.1945	1.324972	3.779365
6708	-8857.02	-9289.666	432.6458	1.324972	3.517856
6714	-8867.607	-9300.197	432.5903	1.38054	3.517856
6720	-8857.028	-9288.213	431.185	1.133223	4.46315
6726	-8858.693	-9289.904	431.2109	1.068639	4.484944
6732	-8859.868	-9290.08	430.2124	1.12054	5.013969
6738	-8855.514	-9285.601	430.0876	1.145188	5.069569
6744	-8844.362	-9274.952	430.5904	1.071988	4.830607
6750	-8841.905	-9273.145	431.2399	1.253139	4.364558
6756	-8838.9	-9270.99	432.09	1.263421	3.874882
6762	-8835.245	-9266.968	431.723	1.323276	4.050613
6768	-8833.095	-9264.959	431.8644	1.312845	3.975821
6774	-8829.757	-9262.03	432.273	1.329217	3.731663
6780	-8824.229	-9256.93	432.7007	1.441585	3.41769
6786	-8837.042	-9269.488	432.4454	1.325121	3.634287
6792	-8845.231	-9277.678	432.4469	1.378119	3.60265
6798	-8839.375	-9272.003	432.6274	1.39472	3.487898
6804	-8845.831	-9277.893	432.0616	1.31984	3.858811
6810	-8860.914	-9292.597	431.6832	1.339468	4.064101
6816	-8857.291	-9289.442	432.1515	1.24139	3.852233
6822	-8853.479	-9285.266	431.7878	1.285291	4.035324
6828	-8863.354	-9295.035	431.6806	1.185324	4.153336
6834	-8860.022	-9291.859	431.8364	1.285037	4.007722
6840	-8872.287	-9303.059	430.772	1.244585	4.632612
6846	-8872.875	-9303.942	431.0665	1.22634	4.477422
6852	-8861.241	-9293.595	432.3533	1.403305	3.642315
6858	-8855.636	-9288.632	432.9957	1.455472	3.235902
6864	-8867.948	-9300.653	432.7049	1.4418	3.415054
6870	-8856.401	-9288.41	432.0088	1.399603	3.843299
6876	-8841.052	-9273.135	432.0829	1.325468	3.843299
6882	-8839.969	-9272.553	432.5834	1.335198	3.548233
6888	-8847.943	-9280.536	432.5934	1.325282	3.548233
6894	-8873.279	-9305.544	432.2655	1.258231	3.776898
6900	-8870.941	-9303.212	432.2708	1.253001	3.776898
6906	-8867.944	-9299.77	431.8261	1.253001	4.031876
6912	-8872.531	-9305.017	432.4859	1.258087	3.649673
6918	-8866.34	-9298.543	432.2031	1.258087	3.812946
6924	-8861.561	-9293.015	431.4539	1.232765	4.255044
6930	-8877.455	-9309.692	432.2378	1.234983	3.806245
6936	-8869.325	-9300.605	431.2807	1.234983	4.351806
6942	-8871.729	-9303.457	431.7281	1.273366	4.076154
6948	-8857.662	-9289.913	432.2511	1.308819	3.756054
6954	-8849.954	-9281.329	431.3755	1.301974	4.26023
6960	-8845.928	-9277.545	431.617	1.301974	4.123145
6966	-8851.923	-9283.697	431.7746	1.234258	4.071957
6972	-8836.434	-9268.691	432.2574	1.238376	3.793021
6978	-8845.63	-9277.599	431.969	1.24998	3.951933
6984	-8847.599	-9278.726	431.1264	1.156365	4.483129
6990	-8832.778	-9264.624	431.8461	1.231304	4.032844
6996	-8840.943	-9272.712	431.7696	1.280475	4.04844
7002	-8844.99	-9276.88	431.8898	1.295236	3.971377
7008	-8836.273	-9268.428	432.1552	1.296697	3.818275
7014	-8842.373	-9274.812	432.4391	1.371077	3.611268
7020	-8861.047	-9293.775	432.728	1.319499	3.473117
7026	-8864.949	-9297.237	432.2877	1.258882	3.763729
7032	-8859.721	-9292.34	432.619	1.317578	3.537797
7038	-8873.088	-9304.861	431.773	1.28702	4.042778
7044	-8865.704	-9298.363	432.6586	1.353532	3.493721
7050	-8852.818	-9284.98	432.1618	1.261857	3.834535
7056	-8846.681	-9278.963	432.2817	1.264468	3.763967
7062	-8871.96	-9304.727	432.7671	1.368609	3.421502
7068	-8865.515	-9298.3	432.7847	1.359748	3.416409
7074	-8880.505	-9311.726	431.2205	1.167689	4.423718
7080	-8874.822	-9307.161	432.3389	1.360904	3.675253
7086	-8854.932	-9286.93	431.9972	1.29788	3.908343
7092	-8857.018	-9288.873	431.8543	1.33463	3.969137
7098	-8858.949	-9291.532	432.5839	1.355572	3.536113
7104	-8856.29	-9288.859	432.5684	1.371025	3.536113
7110	-8841.073	-9273.879	432.8057	1.355051	3.406828
7116	-8842.447	-9274.722	432.2751	1.308646	3.742289
7122	-8855.439	-9287.215	431.7766	1.269613	4.050636
7128	-8864.128	-9296.274	432.1465	1.248803	3.850841
7134	-8854.865	-9286.639	431.7736	1.2612	4.057192
7140	-8851.052	-9282.941	431.8891	1.383243	3.921367
7146	-8852.379	-9283.796	431.4167	1.303233	4.236213
7152	-8846.407	-9278.613	432.206	1.252896	3.814271
7158	-8846.715	-9279.39	432.6754	1.285879	3.523426
7164	-8850.802	-9282.308	431.5058	1.295851	4.189838
7170	-8854.572	-9285.472	430.8997	1.17939	4.597559
7176	-8846.226	-9277.564	431.3382	1.24819	4.311823
7182	-8849.313	-9282.327	433.014	1.383961	3.267329
7188	-8845.05	-9278.433	433.3831	1.349446	3.068672
7194	-8848.895	-9280.544	431.6492	1.251488	4.133538
7200	-8850.813	-9281.35	430.5367	1.204885	4.786411
7206	-8851.862	-9283.371	431.5091	1.250587	4.21366
7212	-8849.563	-9281.155	431.5924	1.309289	4.133002
7218	-8846.603	-9276.33	429.7272	1.18106	5.249252
7224	-8842.571	-9272.709	430.1377	1.234332	4.992242
7230	-8836.642	-9268.127	431.4856	1.23388	4.236451
7236	-8837.66	-9269.432	431.7713	1.223451	4.079975
7242	-8849.273	-9281.01	431.7372	1.257588	4.079975
7248	-8836.71	-9267.787	431.0769	1.257588	4.453959
7254	-8838.036	-9268.29	430.2544	1.219954	4.935387
7260	-8833.856	-9265.219	431.3625	1.302265	4.267466
7266	-8834.261	-9266.177	431.9163	1.315537	3.944585
7272	-8831.364	-9263.339	431.9745	1.315537	3.911249
7278	-8846.379	-9278.285	431.9061	1.385638	3.91028
7284	-8837.934	-9270.416	432.4821	1.370227	3.586821
7290	-8852.912	-9284.7	431.7875	1.279677	4.038681
7296	-8857.497	-9289.791	432.2942	1.269481	3.753901
7302	-8852.55	-9285.409	432.8587	1.367831	3.368247
7308	-8857.943	-9290.431	432.4877	1.299673	3.624523
7314	-8853.3	-9285.062	431.7612	1.291094	4.047178
7320	-8857.068	-9288.859	431.7916	1.281541	4.035293
7326	-8864.647	-9296.213	431.5657	1.313334	4.14587
7332	-8852.68	-9283.973	431.2928	1.239093	4.342618
7338	-8845.88	-9277.771	431.8913	1.280616	3.978895
7344	-8855.211	-9286.189	430.9778	1.213017	4.534834
7350	-8860.345	-9291.639	431.2936	1.236376	4.343717
7356	-8851.479	-9283.078	431.5987	1.271905	4.150637
7362	-8859.208	-9290.859	431.6508	1.219839	4.150637
7368	-8847.622	-9279.238	431.6159	1.262545	4.146217
7374	-8860.328	-9291.943	431.6159	1.262545	4.146217
7380	-8859.35	-9291.893	432.5431	1.388869	3.540467
7386	-8856.093	-9287.919	431.8264	1.256008	4.030013
7392	-8855.751	-9287.185	431.4341	1.233556	4.265791
7398	-8860	-9292.603	432.6028	1.338008	3.53532
7404	-8851.364	-9283.492	432.1282	1.374925	3.7888
7410	-8844.847	-9277.029	432.1826	1.447559	3.715528
7416	-8845.405	-9277.67	432.2652	1.279851	3.764635
7422	-8850.575	-9282.304	431.7288	1.309926	4.054928
7428	-8859.127	-9290.088	430.9614	1.214185	4.543374
7434	-8870.632	-9301.979	431.3464	1.257029	4.302161
7440	-8869.039	-9300.425	431.386	1.245513	4.286272
7446	-8865.775	-9297.119	431.3445	1.192869	4.33952
7452	-8847.073	-9278.464	431.3908	1.193495	4.313005
7458	-8848.705	-9279.909	431.2039	1.215066	4.406347
7464	-8854.781	-9285.648	430.8666	1.179191	4.616197
7470	-8886.454	-9318.246	431.7927	1.33113	4.006336
7476	-8887.997	-9320.921	432.924	1.347095	3.342097
7482	-8899.256	-9331.886	432.6297	1.288854	3.548256
7488	-8887.401	-9319.51	432.1092	1.269108	3.8606
7494	-8863.456	-9294.605	431.1489	1.183479	4.455153
7500	-8864.692	-9296.455	431.7631	1.263988	4.061542
7506	-8847.392	-9279.395	432.0033	1.316671	3.894051
7512	-8849.998	-9282.067	432.0683	1.241067	3.900156
7518	-8850.222	-9281.719	431.4963	1.189098	4.255768
7524	-8862.691	-9294.077	431.3855	1.157261	4.336489
7530	-8861.886	-9293.563	431.6774	1.182912	4.156497
7536	-8855.08	-9286.343	431.2628	1.229832	4.364804
7542	-8840.808	-9272.204	431.3962	1.183647	4.315507
7548	-8839.449	-9270.778	431.3288	1.254442	4.313582
7554	-8847.713	-9279.11	431.3964	1.186908	4.313582
7560	-8847.876	-9278.876	431.0005	1.196612	4.531295
7566	-8848.184	-9279.226	431.0427	1.196612	4.507554
7572	-8850.254	-9281.879	431.6245	1.250266	4.148272
7578	-8857.391	-9288.713	431.3215	1.246555	4.322162
7584	-8864.427	-9295.951	431.5242	1.283081	4.186649
7590	-8855.291	-9286.982	431.6914	1.223033	4.125723
7596	-8857.647	-9289.28	431.6333	1.374716	4.072434
7602	-8847.392	-9279.508	432.1165	1.338909	3.81625
7608	-8850.162	-9282.318	432.1555	1.318018	3.805823
7614	-8863.15	-9295.04	431.8895	1.297583	3.970213
7620	-8852.804	-9284.544	431.7394	1.262485	4.075935
7626	-8839.716	-9271.999	432.2833	1.27191	3.758783
7632	-8851.534	-9283.937	432.4027	1.351059	3.643974
7638	-8843.883	-9276.407	432.5244	1.360329	3.567975
7644	-8867.886	-9300.269	432.383	1.420084	3.615396
7650	-8840.899	-9272.255	431.3552	1.267814	4.291082
7656	-8844.887	-9276.56	431.6737	1.308931	4.086906
7662	-8853.577	-9285.178	431.6008	1.2715	4.149684
7668	-8838.033	-9270.153	432.1202	1.239722	3.871121
7674	-8840.954	-9272.896	431.9417	1.277124	3.952016
7680	-8839.216	-9270.935	431.7196	1.277124	4.078856
7686	-8845.57	-9276.909	431.3391	1.294371	4.285159
7692	-8849.495	-9280.008	430.5127	1.139565	4.836286
7698	-8843.272	-9273.891	430.6197	1.139565	4.776564
7704	-8870.886	-9302.871	431.9848	1.292513	3.918536
7710	-8849.144	-9281.194	432.0501	1.270974	3.893438
7716	-8846.419	-9277.839	431.4194	1.302933	4.234835
7722	-8854.616	-9287.092	432.4756	1.340683	3.607706
7728	-8851.412	-9283.164	431.7511	1.234249	4.085352
7734	-8863.441	-9294.195	430.7547	1.147507	4.69667
7740	-8865.576	-9297.152	431.5753	1.281144	4.15871
7746	-8869.134	-9301.21	432.0769	1.311336	3.854883
7752	-8844.645	-9276.171	431.5261	1.292476	4.180249
7758	-8845.362	-9276.749	431.3877	1.270056	4.271434
7764	-8844.698	-9275.602	430.9046	1.152879	4.609639
7770	-8841.189	-9272.149	430.9601	1.128519	4.592201
7776	-8846.431	-9278.279	431.8476	1.213962	4.041894
7782	-8842.764	-9274.926	432.1624	1.248129	3.84206
7788	-8844.005	-9275.607	431.6014	1.217865	4.179843
7794	-8860.172	-9292.657	432.4849	1.330537	3.608215
7800	-8859.52	-9292.063	432.5427	1.276235	3.606212
7806	-8856.328	-9287.504	431.1759	1.25279	4.400896
7812	-8844.337	-9276.755	432.4185	1.416382	3.596913
7818	-8842.229	-9274.675	432.4463	1.388626	3.596913
7824	-8836.245	-9268.706	432.4612	1.373872	3.59682
7830	-8831.754	-9263.907	432.1531	1.363672	3.780898
7836	-8834.307	-9266.46	432.1531	1.363672	3.780898
7842	-8838.838	-9271.227	432.3885	1.401302	3.623075
7848	-8850.792	-9283.315	432.5234	1.401302	3.544688
7854	-8841.742	-9274.443	432.7004	1.334572	3.480389
7860	-8844.873	-9277.928	433.055	1.318714	3.281654
7866	-8842.266	-9275.086	432.8197	1.417041	3.362291
7872	-8856.892	-9288.864	431.9728	1.255046	3.946887
7878	-8855.303	-9287.012	431.7091	1.231791	4.110677
7884	-8856.475	-9287.427	430.9517	1.230532	4.539614
7890	-8852.465	-9284.318	431.8522	1.232905	4.028454
7896	-8851.109	-9283.077	431.9678	1.23239	3.962715
7902	-8851.413	-9283.295	431.8825	1.31761	3.962715
7908	-8858.716	-9291.038	432.3216	1.355479	3.688378
7914	-8852.888	-9286.176	433.2886	1.384762	3.10401
7920	-8861.408	-9294.375	432.9676	1.442156	3.26036
7926	-8857.699	-9290.768	433.0686	1.339948	3.261055
7932	-8861.941	-9294.347	432.4061	1.248886	3.701166
7938	-8860.458	-9291.738	431.2797	1.208425	4.367356
7944	-8862.292	-9294.664	432.3723	1.338148	3.669082
7950	-8873.144	-9304.792	431.6477	1.271917	4.122793
7956	-8866.869	-9298.839	431.9692	1.241301	3.956771
7962	-8873.524	-9305.09	431.5657	1.240402	4.187278
7968	-8865.824	-9296.941	431.117	1.263525	4.428018
7974	-8838.503	-9269.828	431.3252	1.21185	4.33973
7980	-8842.179	-9274.109	431.9299	1.302019	3.944556
7986	-8841.23	-9272.792	431.5622	1.256985	4.179892
7992	-8842.574	-9273.652	431.0773	1.236255	4.465796
7998	-8844.118	-9274.756	430.6376	1.182871	4.742387
8004	-8850.336	-9281.337	431.0013	1.182871	4.538558
8010	-8840.774	-9272.655	431.8808	1.290332	3.979311
8016	-8844.424	-9276.323	431.8986	1.296742	3.965493
8022	-8847.422	-9280.019	432.5962	1.372601	3.519038
8028	-8847.715	-9280.264	432.5494	1.372601	3.546273
8034	-8856.924	-9288.909	431.9852	1.193772	3.974858
8040	-8849.185	-9280.883	431.6974	1.374065	4.036228
8046	-8855.356	-9287.193	431.8366	1.361692	3.963767
8052	-8858.917	-9291.373	432.456	1.361692	3.606887
8058	-8857.116	-9289.701	432.5851	1.456175	3.476736
8064	-8847.818	-9279.334	431.5161	1.274813	4.195928
8070	-8853.919	-9286.093	432.1742	1.335858	3.784821
8076	-8856.82	-9287.981	431.1603	1.231146	4.421888
8082	-8859.309	-9290.569	431.2603	1.215083	4.374511
8088	-8851.218	-9282.83	431.6116	1.179253	4.19596
8094	-8839.322	-9270.499	431.1768	1.179253	4.441825
8100	-8839.322	-9270.984	431.6624	1.263423	4.119263
8106	-8846.329	-9278.605	432.2757	1.370835	3.706064
8112	-8841.684	-9274.367	432.6837	1.392056	3.456565
8118	-8831.569	-9264.425	432.8566	1.362638	3.372568
8124	-8837.421	-9269.551	432.1308	1.380119	3.784327
8130	-8842.512	-9275.207	432.6947	1.274448	3.518788
8136	-8841.896	-9273.981	432.0854	1.243359	3.889007
8142	-8851.549	-9283.232	431.6835	1.259219	4.109619
8148	-8843.994	-9275.508	431.5134	1.258474	4.206759
8154	-8874.757	-9306.662	431.9053	1.285823	3.9679
8160	-8845.258	-9276.817	431.5588	1.207208	4.210084
8166	-8843.962	-9276.191	432.229	1.263336	3.794979
8172	-8842.797	-9275.283	432.4859	1.38122	3.57822
8178	-8849.249	-9281.219	431.9697	1.2739	3.937861
8184	-8849.888	-9281.729	431.841	1.296534	3.998544
8190	-8857.641	-9288.703	431.0627	1.223363	4.481265
8196	-8846.357	-9278.109	431.7526	1.215673	4.095094
8202	-8844.356	-9277.274	432.9177	1.407587	3.310162
8208	-8843.778	-9276.34	432.562	1.285711	3.589477
8214	-8838.73	-9271.048	432.3181	1.387483	3.671861
8220	-8847.555	-9280.391	432.8362	1.486567	3.311684
8226	-8864.284	-9297.561	433.2766	1.486567	3.050392
8232	-8866.033	-9298.405	432.3723	1.427037	3.61757
8238	-8851.853	-9284.811	432.9587	1.450668	3.260625
8244	-8857.05	-9290.605	433.5551	1.450668	2.904596
8250	-8874.545	-9307.416	432.8704	1.309872	3.395395
8256	-8858.04	-9290.013	431.9731	1.314506	3.912615
8262	-8846.438	-9278.253	431.815	1.237321	4.047176
8268	-8841.118	-9272.597	431.4797	1.198614	4.259794
8274	-8846.794	-9278.265	431.4707	1.188314	4.270686
8280	-8853.487	-9285.235	431.7487	1.248888	4.078364
8286	-8856.016	-9288.455	432.4395	1.27005	3.669603
8292	-8854.865	-9286.627	431.7616	1.233782	4.079646
8298	-8863.235	-9294.537	431.3016	1.188983	4.365952
8304	-8867.995	-9300.702	432.7071	1.3489	3.468157
8310	-8871.678	-9303.765	432.0874	1.355186	3.823636
8316	-8851.197	-9283.321	432.1242	1.333491	3.814946
8322	-8863.014	-9295.139	432.1242	1.333491	3.814946
8328	-8864.238	-9296.142	431.9042	1.335632	3.939988
8334	-8853.193	-9284.393	431.1999	1.335632	4.340572
8340	-8848.187	-9279.436	431.2489	1.221163	4.377533
8346	-8872.98	-9304.279	431.2983	1.249581	4.333611
8352	-8870.29	-9302.452	432.1621	1.241583	3.845992
8358	-8860.44	-9292.708	432.2681	1.402683	3.692015
8364	-8869.47	-9300.835	431.3647	1.20489	4.321301
8370	-8853.175	-9285.466	432.2915	1.37074	3.696956
8376	-8847.353	-9279.112	431.7591	1.331983	4.02503
8382	-8851.312	-9284.231	432.9186	1.415342	3.305085
8388	-8851.648	-9283.708	432.0599	1.246233	3.902019
8394	-8847.079	-9279.084	432.0045	1.304629	3.90026
8400	-8856.188	-9288.357	432.1687	1.243135	3.841343
8406	-8877.354	-9309.585	432.2311	1.304357	3.770173
8412	-8861.97	-9294.052	432.0815	1.34787	3.831242
8418	-8860.181	-9291.418	431.2375	1.292964	4.343412
8424	-8860.701	-9292.33	431.6291	1.241386	4.150736
8430	-8855.068	-9286.697	431.6291	1.241386	4.150736
8436	-8845.679	-9277.633	431.9541	1.377788	3.887249
8442	-8845.993	-9278.258	432.2648	1.248044	3.783208
8448	-8857.923	-9289.786	431.8639	1.291727	3.988192
8454	-8858.515	-9290.627	432.1123	1.246823	3.871595
8460	-8835.12	-9267.053	431.9328	1.262679	3.965364
8466	-8839.239	-9272.049	432.8106	1.312481	3.428918
8472	-8840.725	-9272.083	431.3577	1.285852	4.279472
8478	-8864.633	-9296.044	431.4116	1.23195	4.279472
8484	-8861.337	-9292.792	431.4554	1.12834	4.313319
8490	-8848.856	-9280.279	431.4231	1.230011	4.274067
8496	-8844.446	-9277.353	432.9062	1.428592	3.304559
8502	-8839.468	-9272.051	432.5827	1.308411	3.564262
8508	-8839.798	-9273.116	433.3178	1.497768	3.019015
8514	-8884.176	-9317.248	433.072	1.448043	3.195096
8520	-8869.272	-9302.321	433.0488	1.448043	3.208849
8526	-8880.664	-9313.384	432.7201	1.448043	3.402485
8532	-8875.803	-9308.45	432.6464	1.408381	3.46883
8538	-8874.967	-9307.474	432.5074	1.327617	3.596867
8544	-8870.747	-9302.584	431.8374	1.209814	4.050093
8550	-8863.999	-9295.87	431.8706	1.188443	4.043345
8556	-8850.463	-9281.714	431.2519	1.11763	4.434268
8562	-8846.308	-9277.081	430.7735	1.142901	4.688704
8568	-8843.406	-9273.963	430.5562	1.166185	4.79713
8574	-8842.849	-9274.29	431.4412	1.20807	4.276216
8580	-8845.9	-9276.774	430.8744	1.20807	4.595661
8586	-8838.251	-9269.745	431.4942	1.241899	4.227002
8592	-8828.946	-9260.32	431.3733	1.13434	4.356336
8598	-8845.378	-9277.146	431.768	1.280723	4.049224
8604	-8856.628	-9289.709	433.0816	1.448781	3.188989
8610	-8834.79	-9267.091	432.3013	1.350853	3.702804
8616	-8848.207	-9280.176	431.9684	1.27403	3.938517
8622	-8843.05	-9274.568	431.5182	1.253817	4.206641
8628	-8843.91	-9275.412	431.502	1.262721	4.21079
8634	-8859.721	-9290.422	430.701	1.282064	4.651373
8640	-8853.583	-9285.448	431.8651	1.288211	3.989504
8646	-8851.066	-9284.098	433.0317	1.362087	3.269772
8652	-8857.534	-9290.115	432.5816	1.362087	3.533654
8658	-8845.357	-9278.348	432.9911	1.388607	3.278126
8664	-8834.822	-9267.897	433.0752	1.380035	3.233484
8670	-8844.845	-9276.776	431.9314	1.319568	3.933644
8676	-8855.792	-9287.623	431.8307	1.359999	3.96811
8682	-8857.04	-9288.795	431.7555	1.288	4.052227
8688	-8853.405	-9285.219	431.8137	1.229778	4.052227
8694	-8867.886	-9300.321	432.4353	1.315489	3.645727
8700	-8857.699	-9290.08	432.3813	1.268552	3.704103
8706	-8843.51	-9275.319	431.8097	1.285873	4.022481
8712	-8843.097	-9275.022	431.925	1.285873	3.956594
8718	-8846.731	-9279.045	432.3132	1.271172	3.741939
8724	-8844.894	-9277.111	432.2164	1.227948	3.822598
8730	-8854.598	-9286.32	431.7215	1.14334	4.153946
8736	-8850.134	-9282.382	432.2477	1.224218	3.80678
8742	-8848.962	-9281.128	432.1668	1.254904	3.83563
8748	-8844.107	-9275.273	431.1658	1.218226	4.426047
8754	-8841.278	-9272.723	431.445	1.225294	4.264319
8760	-8853.966	-9286.191	432.2255	1.33855	3.75365
8766	-8850.624	-9282.723	432.0986	1.253206	3.875776
8772	-8858.361	-9290.412	432.0513	1.300567	3.875776
8778	-8849.44	-9282.043	432.6033	1.38018	3.510483
8784	-8863.274	-9295.296	432.0222	1.333646	3.87348
8790	-8869.726	-9301.995	432.2691	1.235783	3.787784
8796	-8852.511	-9283.634	431.1228	1.183887	4.469615
8802	-8849.871	-9281.953	432.082	1.19303	3.919841
8808	-8836.222	-9267.078	430.8562	1.214955	4.602004
8814	-8862.493	-9294.612	432.1192	1.271438	3.853511
8820	-8848.954	-9280.646	431.6917	1.318809	4.071016
8826	-8851.621	-9283.305	431.6838	1.249452	4.115011
8832	-8853.767	-9285.601	431.8337	1.201836	4.056727
8838	-8868.634	-9298.91	430.2759	1.116319	4.981065
8844	-8861.954	-9293.211	431.2565	1.273854	4.343491
8850	-8865.989	-9297.594	431.6057	1.194086	4.190892
8856	-8862.508	-9294.093	431.5855	1.214316	4.190892
8862	-8851.78	-9284.015	432.235	1.35831	3.736765
8868	-8859.013	-9291.736	432.7224	1.415001	3.420504
8874	-8859.111	-9291.605	432.4937	1.323686	3.607102
8880	-8853.097	-9285.002	431.9056	1.276839	3.972858
8886	-8852.936	-9284.746	431.81	1.272914	4.029716
8892	-8854.56	-9286.44	431.8793	1.211502	4.025194
8898	-8860.131	-9292.254	432.1228	1.262421	3.856638
8904	-8858.058	-9290.256	432.1985	1.248456	3.821141
8910	-8856.981	-9289.085	432.104	1.332422	3.827192
8916	-8870.607	-9303.378	432.7713	1.335715	3.43833
8922	-8860.066	-9293.047	432.9815	1.384416	3.286265
8928	-8857.108	-9289.099	431.9905	1.363453	3.874554
8934	-8865.795	-9298.677	432.8819	1.353542	3.363024
8940	-8856.154	-9287.822	431.6679	1.274663	4.109705
8946	-8856.186	-9288.565	432.379	1.286894	3.694867
8952	-8847.882	-9279.14	431.2582	1.27324	4.342898
8958	-8858.491	-9290.39	431.8997	1.27324	3.978255
8964	-8858.156	-9289.74	431.5846	1.279551	4.154324
8970	-8856.556	-9288.075	431.5187	1.358052	4.147181
8976	-8847.639	-9280.161	432.5224	1.406576	3.542217
8982	-8886.673	-9318.264	431.5912	1.202004	4.194656
8988	-8888.586	-9320.322	431.7358	1.242525	4.089349
8994	-8878.995	-9311.817	432.8222	1.325874	3.414295
9000	-8864.72	-9296.607	431.8865	1.345635	3.944416
9006	-8846.984	-9278.883	431.8988	1.356466	3.931172
9012	-8856.723	-9288.652	431.9292	1.326035	3.931172
9018	-8863.848	-9296.615	432.7666	1.38122	3.414432
9024	-8854.651	-9287.36	432.7089	1.378926	3.449508
9030	-8852.014	-9285.143	433.129	1.418077	3.179083
9036	-8850.619	-9282.956	432.3367	1.423341	3.640365
9042	-8858.868	-9291.986	433.1184	1.456586	3.162543
9048	-8858.996	-9291.826	432.83	1.473687	3.322926
9054	-8858.13	-9291.548	433.4179	1.486318	2.965771
9060	-8850.67	-9283.172	432.501	1.412863	3.550996
9066	-8862.527	-9294.29	431.7636	1.294895	4.043643
9072	-8858.63	-9290.353	431.7225	1.350358	4.035464
9078	-8867.465	-9299.847	432.3821	1.33308	3.666319
9084	-8848.806	-9280.319	431.5129	1.33308	4.164654
9090	-8864.407	-9297.083	432.6754	1.260656	3.538123
9096	-8866.124	-9297.664	431.54	1.290842	4.173274
9102	-8879.887	-9311.685	431.7982	1.334305	4.00138
9108	-8888.592	-9320.726	432.1346	1.353018	3.797742
9114	-8865.233	-9297.282	432.0489	1.179171	3.946742
9120	-8841.47	-9273.203	431.7324	1.212096	4.108649
9126	-8857.889	-9290.091	432.2019	1.259205	3.812962
9132	-8864.06	-9296.159	432.0997	1.271095	3.864918
9138	-8865.079	-9297.729	432.6497	1.281107	3.541177
9144	-8854.593	-9286.176	431.5833	1.150627	4.22824
9150	-8866.754	-9300.119	433.3649	1.309308	3.103506
9156	-8859.697	-9292.734	433.0365	1.385828	3.252951
9162	-8855.681	-9287.811	432.1307	1.319851	3.819069
9168	-8859.014	-9290.368	431.3538	1.268492	4.291502
9174	-8852.177	-9283.84	431.6629	1.198073	4.156107
9180	-8843.203	-9274.173	430.9702	1.144501	4.577588
9186	-8833.666	-9264.626	430.9597	1.144501	4.583434
9192	-8837.396	-9268.359	430.9633	1.19807	4.551339
9198	-8826.948	-9258.167	431.2186	1.189332	4.41259
9204	-8854.539	-9285.955	431.4159	1.118098	4.341417
9210	-8842.22	-9274.12	431.8999	1.302154	3.961608
9216	-8850.298	-9282.991	432.6923	1.223781	3.549699
9222	-8868.882	-9300.556	431.6738	1.230183	4.131705
9228	-8853.789	-9285.949	432.1593	1.304699	3.811295
9234	-8852.522	-9284.531	432.0085	1.237625	3.936407
9240	-8858.024	-9290.274	432.2502	1.276734	3.775045
9246	-8862.762	-9294.075	431.3137	1.223549	4.339566
9252	-8866.36	-9297.556	431.1964	1.268589	4.38042
9258	-8866.14	-9297.322	431.1824	1.169842	4.443955
9264	-8861.22	-9293.624	432.4038	1.349669	3.64415
9270	-8854.148	-9286.754	432.6063	1.376167	3.511024
9276	-8856.897	-9290.047	433.1501	1.38005	3.18911
9282	-8844.103	-9276.87	432.7668	1.404038	3.40093
9288	-8843.526	-9276.388	432.8628	1.291	3.410937
9294	-8850.4	-9282.952	432.5516	1.385248	3.537651
9300	-8850.621	-9283.36	432.7389	1.41551	3.410557
9306	-8866.593	-9299.434	432.8409	1.313553	3.410557
9312	-8870.943	-9303.354	432.4111	1.377053	3.624033
9318	-8875.685	-9308.388	432.7026	1.33195	3.480657
9324	-8861.546	-9293.758	432.2119	1.33195	3.765338
9330	-8847.559	-9279.001	431.4415	1.191727	4.285339
9336	-8853.74	-9285.14	431.4002	1.232964	4.285339
9342	-8847.995	-9278.956	430.9612	1.128709	4.591465
9348	-8847.754	-9278.704	430.9501	1.246423	4.531618
9354	-8853.077	-9285.598	432.5208	1.267149	3.624182
9360	-8846.89	-9279.63	432.7406	1.322482	3.464019
9366	-8854.639	-9286.849	432.2099	1.184788	3.851171
9372	-8846.165	-9277.358	431.193	1.184788	4.429614
9378	-8854.208	-9285.847	431.6389	1.253955	4.138013
9384	-8866.072	-9297.661	431.5892	1.303597	4.138013
9390	-8857.945	-9289.905	431.9606	1.311776	3.921378
9396	-8851.949	-9284.009	432.0602	1.212112	3.921378
9402	-8877.278	-9309.544	432.2658	1.276726	3.766093
9408	-8881.397	-9313.071	431.6737	1.272124	4.107843
9414	-8867.813	-9299.83	432.017	1.218271	3.942616
9420	-8872.431	-9304.347	431.916	1.243985	3.985685
9426	-8878.455	-9310.104	431.6493	1.243985	4.137781
9432	-8873.301	-9304.872	431.5704	1.208328	4.202866
9438	-8866.297	-9296.873	430.5754	1.189578	4.773355
9444	-8859.158	-9289.451	430.2931	1.127355	4.965338
9450	-8872.026	-9302.888	430.8621	1.204097	4.604773
9456	-8871.117	-9302.423	431.3058	1.159275	4.380355
9462	-8854.861	-9286.527	431.6662	1.293682	4.099859
9468	-8842.426	-9274.568	432.1425	1.346313	3.797037
9474	-8838.981	-9271.179	432.1982	1.290623	3.797037
9480	-8844.814	-9277.013	432.1997	1.289143	3.797037
9486	-8844.907	-9277.116	432.2095	1.289143	3.791385
9492	-8841.21	-9273.783	432.5727	1.310053	3.56911
9498	-8848.836	-9281.04	432.2037	1.293588	3.792159
9504	-8853.072	-9285.553	432.4814	1.33302	3.608781
9510	-8846.72	-9280.024	433.304	1.509755	3.020077
9516	-8854.47	-9287.516	433.0465	1.40701	3.234492
9522	-8858.687	-9291.64	432.9529	1.309606	3.347108
9528	-8845.258	-9277.194	431.9361	1.290076	3.947811
9534	-8842.616	-9274.85	432.2344	1.265482	3.79064
9540	-8841.705	-9274.373	432.6686	1.329136	3.502123
9546	-8833.935	-9266.413	432.4789	1.357991	3.595741
9552	-8847.175	-9278.961	431.786	1.275328	4.042053
9558	-8850.286	-9282.482	432.1952	1.326624	3.777987
9564	-8846.37	-9278.252	431.8822	1.385996	3.923737
9570	-8836.588	-9267.6	431.0111	1.299448	4.467483
9576	-8837.077	-9268.892	431.815	1.303786	4.009253
9582	-8836.32	-9267.729	431.4085	1.28734	4.249851
9588	-8840.256	-9271.253	430.9968	1.237709	4.510273
9594	-8843.624	-9275.255	431.6312	1.250143	4.14453
9600	-8842.759	-9273.934	431.1751	1.319483	4.363697
9606	-8845.307	-9277.158	431.8514	1.387524	3.940526
9612	-8862.424	-9294.377	431.9537	1.308638	3.927138
9618	-8861.22	-9294.145	432.9251	1.460483	3.274639
9624	-8859.282	-9292.109	432.8273	1.376306	3.381743
9630	-8862.797	-9294.891	432.0939	1.397208	3.795691
9636	-8860.194	-9291.798	431.6048	1.355691	4.099519
9642	-8856.965	-9289.091	432.1254	1.292914	3.837578
9648	-8854.009	-9285.801	431.7916	1.292914	4.028779
9654	-8868.174	-9299.891	431.7163	1.368291	4.028779
9660	-8846.057	-9277.611	431.5544	1.284531	4.168656
9666	-8847.965	-9279.783	431.818	1.32023	3.998153
9672	-8845.314	-9278.201	432.8872	1.375121	3.347247
9678	-8841.272	-9273.443	432.1702	1.392791	3.754275
9684	-8832.059	-9264.435	432.3752	1.377021	3.64486
9690	-8866.029	-9297.691	431.6617	1.272625	4.114399
9696	-8850.67	-9282.23	431.5604	1.231975	4.195076
9702	-8835.538	-9268.247	432.7088	1.378676	3.449725
9708	-8838.129	-9270.838	432.7088	1.378676	3.449725
9714	-8846.764	-9280.067	433.3029	1.379695	3.098496
9720	-8847.725	-9279.805	432.08	1.310445	3.853585
9726	-8849.696	-9281.889	432.1924	1.307698	3.790553
9732	-8843.874	-9275.347	431.4729	1.258686	4.22959
9738	-8849.831	-9282.053	432.222	1.267511	3.796639
9744	-8861.657	-9292.737	431.0798	1.293552	4.432096
9750	-8854.584	-9287.161	432.5767	1.350386	3.543326
9756	-8866.819	-9299.639	432.8204	1.34904	3.401771
9762	-8870.874	-9303.304	432.4305	1.349726	3.628622
9768	-8868.06	-9300.292	432.2323	1.394075	3.717683
9774	-8869.177	-9301.187	432.0097	1.281538	3.910566
9780	-8875.413	-9307.17	431.7566	1.168702	4.119553
9786	-8871.523	-9303.808	432.2854	1.283763	3.750735
9792	-8860.727	-9291.833	431.1062	1.152812	4.496469
9798	-8868.203	-9298.524	430.3209	1.123863	4.951849
9804	-8852.992	-9285.108	432.1164	1.241152	3.872474
9810	-8852.816	-9284.765	431.9491	1.362139	3.899059
9816	-8851.561	-9283.733	432.1719	1.362139	3.770951
9822	-8839.893	-9271.665	431.7718	1.362139	4.000588
9828	-8844.693	-9277.208	432.515	1.362644	3.572053
9834	-8833.849	-9266.979	433.1306	1.44941	3.159564
9840	-8843.045	-9276.182	433.1376	1.44238	3.159564
9846	-8839.323	-9270.969	431.6457	1.265956	4.127287
9852	-8844.148	-9275.662	431.5131	1.201309	4.239337
9858	-8844.283	-9275.771	431.4879	1.226463	4.239337
9864	-8842.628	-9274.099	431.4704	1.243975	4.239337
9870	-8851.221	-9283.327	432.1053	1.347879	3.817516
9876	-8848.904	-9280.368	431.4641	1.332586	4.192637
9882	-8846.565	-9278.453	431.8884	1.281495	3.980029
9888	-8855.535	-9287.794	432.2598	1.346055	3.729544
9894	-8849.282	-9282.021	432.7389	1.396323	3.42179
9900	-8848.031	-9280.355	432.324	1.396323	3.663331
9906	-8844.187	-9276.817	432.6295	1.371729	3.500129
9912	-8841.333	-9273.628	432.2949	1.353458	3.705001
9918	-8850.012	-9281.889	431.8776	1.330606	3.958098
9924	-8871.654	-9303.191	431.5368	1.255758	4.195021
9930	-8851.463	-9283.921	432.4579	1.294379	3.644871
9936	-8852.957	-9285.407	432.4502	1.363998	3.608944
9942	-8842.834	-9275.818	432.984	1.435181	3.254818
9948	-8835.907	-9268.927	433.0204	1.374846	3.268921
9954	-8839.811	-9272.8	432.9898	1.36539	3.292556
9960	-8843.739	-9276.641	432.9021	1.439082	3.300801
9966	-8838.384	-9270.042	431.6583	1.315086	4.092152
9972	-8839.171	-9270.508	431.3366	1.203568	4.337931
9978	-8849.896	-9280.924	431.0285	1.217098	4.504022
9984	-8854.787	-9285.697	430.91	1.071094	4.652483
9990	-8857.896	-9289.595	431.6991	1.242174	4.110468
9996	-8869.021	-9300.928	431.9073	1.250313	3.987049
10002	-8853.695	-9285.788	432.0929	1.359368	3.818051
10008	-8859.099	-9290.563	431.4644	1.273415	4.226061
10014	-8867.429	-9298.392	430.9633	1.216639	4.540945
10020	-8868.652	-9300.104	431.4518	1.184599	4.283527
10026	-8843.943	-9275.356	431.4131	1.223295	4.283527
10032	-8851.137	-9282.658	431.5211	1.27244	4.194445
10038	-8860.536	-9291.581	431.0453	1.268414	4.465697
10044	-8848.934	-9281.454	432.5199	1.380377	3.558943
10050	-8843.425	-9275.794	432.3689	1.287909	3.700127
10056	-8843.409	-9276.097	432.6879	1.282736	3.517962
10062	-8847.444	-9279.002	431.5581	1.186096	4.222455
10068	-8854.583	-9286.171	431.5884	1.155764	4.222455
10074	-8846.942	-9278.642	431.7001	1.272347	4.092709
10080	-8847.677	-9279.581	431.9035	1.223371	4.0046
10086	-8850.478	-9281.932	431.4541	1.223371	4.260254
10092	-8851.932	-9283.987	432.0553	1.176349	3.944714
10098	-8853.653	-9284.929	431.2758	1.094287	4.433937
10104	-8866.421	-9298.339	431.9182	1.207808	4.005108
10110	-8864.676	-9296.481	431.8049	1.249362	4.046094
10116	-8845.768	-9277.365	431.5973	1.275865	4.149176
10122	-8851.532	-9283.344	431.8125	1.223572	4.056444
10128	-8851.696	-9283.735	432.0397	1.316694	3.873151
10134	-8852.794	-9284.953	432.1584	1.197983	3.873151
10140	-8834.712	-9265.813	431.1009	1.206516	4.469213
10146	-8842.754	-9273.429	430.6749	1.233383	4.693253
10152	-8834.984	-9266.819	431.8352	1.225992	4.042139
10158	-8828.826	-9261.25	432.424	1.316022	3.651935
10164	-8846.114	-9278.644	432.5299	1.367535	3.560543
10170	-8858.124	-9290.289	432.1652	1.247242	3.840971
10176	-8857.58	-9289.648	432.0681	1.344367	3.840971
10182	-8885.524	-9317.941	432.4167	1.379443	3.619396
10188	-8891.501	-9323.972	432.4707	1.325454	3.619396
10194	-8854.253	-9285.754	431.5005	1.228948	4.230789
10200	-8867.092	-9298.86	431.768	1.239107	4.072973
10206	-8859.971	-9292.015	432.0437	1.249394	3.909487
10212	-8852.367	-9285.075	432.7081	1.40337	3.435683
10218	-8858.813	-9291.144	432.3312	1.346027	3.688274
10224	-8858.333	-9291.437	433.1037	1.45376	3.172916
10230	-8861.685	-9294.089	432.4042	1.377139	3.627972
10236	-8861.189	-9293.613	432.4239	1.421634	3.590765
10242	-8837.749	-9269.039	431.2903	1.266936	4.328306
10248	-8856.926	-9288.717	431.7907	1.266936	4.044165
10254	-8855.89	-9287.491	431.6007	1.270717	4.150192
10260	-8855.49	-9286.905	431.4143	1.225958	4.281337
10266	-8858.39	-9289.934	431.5442	1.19496	4.225292
10272	-8852.076	-9283.65	431.5734	1.165754	4.225292
10278	-8855.537	-9287.388	431.8514	1.239763	4.025009
10284	-8853.67	-9285.044	431.3742	1.243558	4.294044
10290	-8844.613	-9276.275	431.6622	1.243558	4.130665
10296	-8857.523	-9289.605	432.0821	1.221545	3.903455
10302	-8851.153	-9282.016	430.8629	1.203604	4.604589
10308	-8845.651	-9276.541	430.8902	1.216112	4.582249
10314	-8852.202	-9283.539	431.3367	1.199218	4.340362
10320	-8852.871	-9286.112	433.2414	1.403617	3.120884
10326	-8859.636	-9292.588	432.9519	1.437914	3.272123
10332	-8849.934	-9282.448	432.5143	1.388998	3.557158
10338	-8855.139	-9287.692	432.5527	1.350598	3.557158
10344	-8856.766	-9288.584	431.8175	1.31261	4.002748
10350	-8848.031	-9279.872	431.8414	1.31261	3.989134
10356	-8849.157	-9281.473	432.316	1.385671	3.674131
10362	-8848.979	-9281.073	432.0938	1.272103	3.867712
10368	-8846.318	-9278.164	431.8456	1.364251	3.957156
10374	-8844.391	-9277.06	432.6699	1.382253	3.470403
10380	-8842.567	-9274.808	432.2403	1.427611	3.693683
10386	-8838.263	-9270.891	432.6281	1.336967	3.521208
10392	-8838.318	-9270.803	432.4846	1.372683	3.583909
10398	-8828.829	-9260.855	432.0258	1.318461	3.880112
10404	-8845.232	-9277.249	432.0169	1.384703	3.847222
10410	-8851.438	-9283.33	431.892	1.252327	3.994661
10416	-8841.698	-9273.511	431.8124	1.33546	3.992616
10422	-8847.834	-9280.108	432.2737	1.374495	3.705081
10428	-8846.361	-9278.645	432.2833	1.318468	3.731916
10434	-8840.204	-9272.568	432.3644	1.298855	3.696359
10440	-8834.058	-9265.539	431.4808	1.27476	4.216017
10446	-8839.525	-9271.581	432.0567	1.274282	3.887744
10452	-8848.233	-9279.538	431.3054	1.274282	4.315598
10458	-8839.427	-9271.029	431.6017	1.237788	4.168339
10464	-8836.038	-9268.005	431.9668	1.240654	3.95854
10470	-8866.41	-9299.581	433.1711	1.409591	3.159139
10476	-8860.976	-9294.089	433.1128	1.426819	3.18351
10482	-8852.083	-9285.754	433.6709	1.397421	2.866756
10488	-8863.737	-9296.284	432.5469	1.277775	3.602841
10494	-8850.297	-9282.335	432.0384	1.277796	3.896217
10500	-8854.313	-9286.612	432.299	1.341969	3.70927
10506	-8849.278	-9281.917	432.6381	1.365441	3.498746
10512	-8856.204	-9287.512	431.308	1.224427	4.342299
10518	-8860.539	-9291.149	430.6103	1.184042	4.756985
10524	-8867.007	-9299.461	432.4542	1.348806	3.615423
10530	-8851.708	-9283.299	431.5904	1.226741	4.181021
10536	-8860.552	-9292.846	432.2932	1.325496	3.722136
10542	-8870.472	-9302.244	431.7716	1.218139	4.082832
10548	-8869.739	-9301.613	431.8739	1.212905	4.027515
10554	-8876.742	-9308.948	432.206	1.246161	3.818118
10560	-8878.107	-9309.991	431.8846	1.292415	3.975967
10566	-8874.266	-9305.618	431.3518	1.237644	4.310061
10572	-8857.271	-9288.759	431.4875	1.199307	4.254957
10578	-8864.678	-9296.088	431.4092	1.199307	4.299295
10584	-8857.785	-9289.617	431.8315	1.353475	3.971378
10590	-8855.324	-9287.34	432.0159	1.342619	3.871939
10596	-8861.541	-9294.055	432.5137	1.342619	3.58446
10602	-8858.416	-9290.961	432.5447	1.311674	3.58446
10608	-8860.738	-9291.96	431.2219	1.222961	4.391756
10614	-8867.321	-9298.878	431.5566	1.291621	4.163395
10620	-8859.645	-9291.093	431.4481	1.216079	4.267807
10626	-8843.066	-9275.485	432.4183	1.306353	3.660829
10632	-8849.679	-9282.301	432.6223	1.296486	3.548132
10638	-8860.641	-9293.498	432.8571	1.378633	3.362873
10644	-8855.149	-9288.199	433.0503	1.340179	3.271724
10650	-8853.28	-9285.523	432.2431	1.343858	3.740465
10656	-8848.929	-9281.03	432.1014	1.291871	3.852001
10662	-8840.345	-9271.861	431.516	1.243574	4.213714
10668	-8848.659	-9280.244	431.5853	1.174317	4.213714
10674	-8835.21	-9267.042	431.8313	1.378381	3.957279
10680	-8850.989	-9282.846	431.8573	1.364474	3.950338
10686	-8836.663	-9269.058	432.3943	1.342742	3.653697
10692	-8845.276	-9277.604	432.3275	1.268154	3.735438
10698	-8850.942	-9282.757	431.8149	1.22636	4.053473
10704	-8840.41	-9272.158	431.7485	1.22636	4.091331
10710	-8840.66	-9272.367	431.7073	1.275787	4.086642
10716	-8834.336	-9266.128	431.7919	1.236624	4.060725
10722	-8850.02	-9282.289	432.2696	1.311491	3.743817
10728	-8854.014	-9286.34	432.3259	1.347704	3.690366
10734	-8853.859	-9285.824	431.9657	1.28512	3.933715
10740	-8858.451	-9289.606	431.155	1.268024	4.404096
10746	-8847.218	-9278.581	431.3638	1.35096	4.239148
10752	-8847.181	-9278.938	431.7572	1.35096	4.015315
10758	-8858.013	-9289.601	431.588	1.244306	4.172426
10764	-8855.308	-9286.771	431.4634	1.289898	4.217287
10770	-8862.601	-9294.322	431.7218	1.237226	4.100373
10776	-8844.783	-9276.355	431.5724	1.258119	4.173465
10782	-8841.808	-9272.986	431.1779	1.226468	4.414617
10788	-8849.048	-9280.819	431.7718	1.291216	4.041103
10794	-8860.496	-9292.684	432.1882	1.304748	3.794662
10800	-8861.466	-9292.982	431.5162	1.274613	4.196007
10806	-8856.912	-9288.831	431.9198	1.328045	3.935411
10812	-8854.393	-9286.417	432.0238	1.305671	3.888603
10818	-8858.724	-9290.749	432.0256	1.268585	3.908874
10824	-8858.059	-9290.805	432.746	1.3324	3.455033
10830	-8880.644	-9313.278	432.6341	1.340736	3.515483
10836	-8880.648	-9311.95	431.3012	1.272332	4.319069
10842	-8862.489	-9295.231	432.7423	1.374488	3.432575
10848	-8863.86	-9295.935	432.0755	1.306454	3.85851
10854	-8846.311	-9278.104	431.7933	1.304292	4.021368
10860	-8843.318	-9275.5	432.1813	1.34384	3.776112
10866	-8849.932	-9282.177	432.2444	1.300625	3.764646
10872	-8856.909	-9289.533	432.6238	1.311753	3.538379
10878	-8858.073	-9290.953	432.8798	1.264112	3.416687
10884	-8841.46	-9273.455	431.9945	1.378381	3.863703
10890	-8823.798	-9256.455	432.657	1.362574	3.489432
10896	-8841.405	-9274.609	433.2043	1.427821	3.128547
10902	-8859.103	-9291.956	432.853	1.42121	3.340228
10908	-8866.704	-9299.99	433.2861	1.428947	3.079109
10914	-8879.32	-9312.523	433.2025	1.343839	3.179507
10920	-8851.945	-9284.754	432.8095	1.36634	3.398027
10926	-8850.867	-9283.093	432.2256	1.39954	3.71842
10932	-8842.102	-9274.398	432.2961	1.330308	3.71769
10938	-8848.288	-9280.664	432.3752	1.418219	3.620968
10944	-8840.798	-9273.185	432.3871	1.406402	3.620968
10950	-8838.685	-9271.274	432.5885	1.401266	3.506821
10956	-8852.396	-9284.991	432.5949	1.374903	3.51844
10962	-8847.676	-9279.976	432.3002	1.281552	3.743431
10968	-8857.14	-9288.645	431.5058	1.249888	4.2159
10974	-8858.942	-9290.903	431.9602	1.241956	3.961568
10980	-8875.631	-9307.172	431.5405	1.287639	4.174776
10986	-8863.466	-9295.039	431.5729	1.272021	4.165236
10992	-8859.676	-9291.47	431.7946	1.272778	4.038571
10998	-8864.104	-9296.113	432.0086	1.283168	3.910255
11004	-8853.905	-9285.732	431.8267	1.338728	3.982591
11010	-8876.934	-9308.522	431.5876	1.26005	4.163728
11016	-8870.365	-9302.709	432.3434	1.309901	3.702105
