Iteration	Posterior	Likelihood	Prior	rate_log_sd	tree_length
0	-8875.031	-9307.517	432.4861	1.33059	3.607487
6	-8865.464	-9298.08	432.6159	1.380959	3.502668
12	-8869.314	-9301.614	432.3004	1.310574	3.726614
18	-8869.95	-9303.364	433.4143	1.383975	3.029365
24	-8867.733	-9298.786	431.053	1.307948	4.439078
30	-8874.241	-9305.868	431.6278	1.277098	4.131178
36	-8880	-9311.335	431.3349	1.26099	4.306449
42	-8878.266	-9310.726	432.4598	1.41069	3.576231
48	-8886.346	-9318.78	432.4343	1.299581	3.65553
54	-8877.043	-9308.546	431.5034	1.145874	4.276254
60	-8888.788	-9320.668	431.8794	1.18007	4.043117
66	-8886.396	-9318.215	431.8198	1.239615	4.043117
72	-8884.311	-9316.318	432.0063	1.334798	3.881926
78	-8883.161	-9315.089	431.9277	1.326073	3.932024
84	-8885.687	-9317.804	432.1171	1.254914	3.864172
90	-8874.207	-9306.139	431.9319	1.278286	3.956967
96	-8881.949	-9313.851	431.9016	1.22347	4.005635
102	-8873.209	-9304.098	430.8893	1.199387	4.592139
108	-8883.554	-9314.486	430.9322	1.181599	4.578082
114	-8862.004	-9294.51	432.5057	1.326078	3.598711
120	-8856.334	-9287.564	431.2296	1.293071	4.347807
126	-8860.777	-9292.32	431.5435	1.281651	4.176482
132	-8853.204	-9285.006	431.8016	1.2477	4.04891
138	-8865.118	-9296.791	431.6734	1.285917	4.10017
144	-8866.745	-9298.355	431.6093	1.258676	4.152137
150	-8866.534	-9297.755	431.2206	1.167303	4.423913
156	-8872.456	-9303.668	431.2118	1.176065	4.423913
162	-8872.137	-9304.295	432.1579	1.332195	3.796313
168	-8875.418	-9307.426	432.0083	1.296636	3.902668
174	-8879.069	-9311.246	432.1772	1.255813	3.82912
180	-8885.751	-9316.871	431.1205	1.170637	4.47839
186	-8877.198	-9308.236	431.0373	1.253797	4.47839
192	-8863.106	-9295.19	432.0846	1.320738	3.845059
198	-8856.597	-9288.658	432.061	1.344371	3.845059
204	-8875.59	-9307.161	431.5716	1.379006	4.105165
210	-8875.233	-9307.921	432.6872	1.307143	3.504148
216	-8866.583	-9298.551	431.9674	1.37659	3.880271
222	-8873.585	-9305.524	431.9384	1.356023	3.908714
228	-8872.5	-9304.835	432.3356	1.379245	3.666556
234	-8864.017	-9295.382	431.3651	1.302352	4.265956
240	-8868.104	-9300.438	432.3339	1.321149	3.701143
246	-8857.367	-9289.589	432.2219	1.305905	3.774583
252	-8857.209	-9289.043	431.8336	1.345588	3.974709
258	-8861.778	-9292.887	431.1091	1.269425	4.429183
264	-8849.757	-9281.177	431.4198	1.285041	4.244751
270	-8848.397	-9280.152	431.7552	1.285041	4.054069
276	-8860.804	-9291.724	430.92	1.196858	4.576334
282	-8860.8	-9292.347	431.5464	1.282375	4.174418
288	-8866.259	-9297.798	431.5392	1.289584	4.174418
294	-8865.373	-9297.406	432.0332	1.357911	3.853207
300	-8862.979	-9295.799	432.8199	1.357911	3.396853
306	-8863.206	-9295.535	432.3292	1.403145	3.656384
312	-8855.413	-9287.554	432.1403	1.249082	3.854195
318	-8857.734	-9289.429	431.6954	1.250904	4.107603
324	-8862.331	-9294.568	432.2369	1.237254	3.805487
330	-8861.88	-9294.824	432.9437	1.400677	3.298962
336	-8863.459	-9296.077	432.6176	1.320154	3.537115
342	-8869.277	-9301.907	432.6297	1.308054	3.537115
348	-8863.216	-9294.307	431.0909	1.296204	4.424325
354	-8871.411	-9303.014	431.6032	1.251371	4.159755
360	-8858.174	-9290.151	431.977	1.318351	3.908173
366	-8867.631	-9299.553	431.9221	1.373246	3.908173
372	-8870.039	-9302.394	432.3544	1.307716	3.697061
378	-8876.985	-9309.33	432.3447	1.322618	3.694005
384	-8862.02	-9293.409	431.3888	1.287682	4.260834
390	-8868.628	-9300.434	431.8063	1.345953	3.990098
396	-8855.892	-9288.041	432.1488	1.257574	3.844434
402	-8865.632	-9297.121	431.4892	1.255668	4.222081
408	-8855.596	-9286.225	430.6296	1.212955	4.730022
414	-8863.288	-9295.118	431.8299	1.294341	4.006113
420	-8837.32	-9268.663	431.3432	1.185719	4.344311
426	-8853.406	-9284.443	431.0377	1.187957	4.515239
432	-8862.729	-9293.978	431.2484	1.164845	4.409608
438	-8863.677	-9294.108	430.4313	1.164845	4.867528
444	-8858.935	-9291.683	432.7479	1.320453	3.460908
450	-8845.923	-9278.143	432.2192	1.318092	3.769119
456	-8849.743	-9282.171	432.4285	1.284163	3.667785
462	-8866.73	-9299.686	432.9561	1.397141	3.293727
468	-8883.497	-9316.769	433.2718	1.370753	3.122357
474	-8882.418	-9315.816	433.3976	1.373995	3.045359
480	-8890.736	-9323.801	433.0654	1.42339	3.21366
486	-8874.41	-9307.521	433.1101	1.475905	3.155976
492	-8869.933	-9302.928	432.9944	1.387105	3.277044
498	-8858.105	-9290.447	432.3423	1.340588	3.685003
504	-8878.724	-9311.68	432.9563	1.364561	3.312817
510	-8864.979	-9297.061	432.0825	1.405558	3.797451
516	-8871.858	-9304.258	432.3999	1.341375	3.651195
522	-8845.116	-9278.383	433.2666	1.437835	3.085463
528	-8849.672	-9281.736	432.0641	1.3239	3.85499
534	-8854.021	-9285.786	431.7648	1.368741	4.000816
540	-8868.348	-9300.022	431.6743	1.213564	4.140822
546	-8851.585	-9283.285	431.7003	1.258152	4.100697
552	-8852.138	-9283.654	431.5163	1.222702	4.22539
558	-8858.899	-9291.212	432.3136	1.375772	3.681245
564	-8869.273	-9302.338	433.0641	1.375772	3.242579
570	-8861.425	-9293.715	432.2902	1.329298	3.721684
576	-8852.866	-9285.055	432.1899	1.28625	3.804328
582	-8871.117	-9304.767	433.6505	1.431387	2.858568
588	-8880.795	-9314.378	433.583	1.501798	2.856753
594	-8859.8	-9292.545	432.7454	1.400521	3.415532
600	-8852.788	-9285.383	432.5945	1.386923	3.511637
606	-8852.503	-9284.507	432.0048	1.386923	3.852891
612	-8866.116	-9298.048	431.9323	1.266639	3.963407
618	-8857.699	-9289.217	431.5174	1.250496	4.208991
624	-8872.782	-9305.04	432.2581	1.26956	3.774677
630	-8862.42	-9294.196	431.7756	1.26956	4.051285
636	-8860.44	-9292.576	432.1357	1.317055	3.817814
642	-8871.318	-9303.774	432.4566	1.45192	3.554132
648	-8858.359	-9291.27	432.9102	1.408842	3.31385
654	-8874.144	-9306.15	432.0053	1.408842	3.839977
660	-8851.965	-9284.459	432.4942	1.256166	3.645974
666	-8852.125	-9284.657	432.5321	1.35997	3.563702
672	-8868.2	-9300.941	432.7419	1.369427	3.435765
678	-8869.535	-9302.469	432.9339	1.295009	3.366848
684	-8859.388	-9291.724	432.3352	1.268193	3.730992
690	-8854.111	-9286.358	432.2471	1.356279	3.730992
696	-8856.14	-9288.849	432.7093	1.386686	3.444775
702	-8861.96	-9293.986	432.0258	1.233456	3.928882
708	-8855.973	-9287.111	431.1379	1.219329	4.441177
714	-8849.045	-9280.955	431.91	1.213758	4.006412
720	-8834.581	-9266.846	432.265	1.250526	3.781617
726	-8852.293	-9284.462	432.1684	1.240496	3.843015
732	-8863.573	-9295.485	431.912	1.236773	3.992095
738	-8849.908	-9281.909	432.0012	1.224421	3.948131
744	-8841.477	-9273.198	431.7207	1.252079	4.092535
750	-8854.548	-9286.297	431.7491	1.223657	4.092535
756	-8865.677	-9297.178	431.5005	1.241797	4.223494
762	-8866.188	-9297.689	431.5005	1.241797	4.223494
768	-8867.611	-9299.121	431.5102	1.289085	4.191176
774	-8867.799	-9299.348	431.5486	1.275919	4.176837
780	-8877.305	-9308.174	430.8692	1.183852	4.612148
786	-8871.963	-9302.427	430.4635	1.149368	4.858237
792	-8858.009	-9288.532	430.5226	1.090228	4.858237
798	-8857.037	-9288.827	431.7903	1.167577	4.101016
804	-8852.255	-9283.744	431.489	1.17126	4.269996
810	-8861.055	-9292.682	431.6271	1.212456	4.168283
816	-8864.957	-9295.941	430.9845	1.22914	4.521958
822	-8851.808	-9283.491	431.6831	1.300705	4.08624
828	-8857.957	-9289.895	431.9381	1.300705	3.940566
834	-8850.653	-9283.5	432.8474	1.421484	3.343389
840	-8852.277	-9285.443	433.166	1.464852	3.129316
846	-8856.554	-9288.787	432.2331	1.350193	3.742543
852	-8854.239	-9286.643	432.4037	1.350193	3.643936
858	-8862.254	-9294.943	432.6892	1.319381	3.495817
864	-8867.83	-9300.977	433.1475	1.399114	3.179385
870	-8854.601	-9287.574	432.9736	1.480866	3.233938
876	-8866.148	-9299.78	433.6323	1.480866	2.839595
882	-8849.322	-9281.235	431.913	1.271594	3.971613
888	-8838.834	-9270.861	432.0274	1.307132	3.885723
894	-8855.233	-9286.295	431.0616	1.295843	4.441051
900	-8850.908	-9284.373	433.4649	1.5791	2.88145
906	-8867.147	-9300.993	433.8461	1.580643	2.647815
912	-8858.284	-9289.758	431.4739	1.281745	4.215969
918	-8858.008	-9289.842	431.834	1.268731	4.018385
924	-8854.361	-9285.938	431.5771	1.367115	4.108803
930	-8845.679	-9278.372	432.6927	1.310251	3.499126
936	-8862.771	-9296.229	433.458	1.453012	2.961704
942	-8886.097	-9317.469	431.3718	1.344036	4.238519
948	-8872.852	-9304.914	432.0622	1.345562	3.843636
954	-8855.625	-9287.575	431.9498	1.317422	3.924308
960	-8853.482	-9285.561	432.0781	1.348273	3.832962
966	-8861.148	-9293.847	432.6991	1.417012	3.433005
972	-8849.29	-9282.362	433.0719	1.406933	3.219521
978	-8844.356	-9276.875	432.5193	1.422502	3.534765
984	-8841.444	-9273.78	432.3356	1.379258	3.666495
990	-8831.779	-9262.631	430.8518	1.247908	4.585967
996	-8834.395	-9266.188	431.7932	1.247155	4.053977
1002	-8846.368	-9279.869	433.5008	1.511402	2.900706
1008	-8870.196	-9304.076	433.8799	1.602841	2.613226
1014	-8874.248	-9307.762	433.5148	1.514071	2.890659
1020	-8863.327	-9296.427	433.1	1.510767	3.141233
1026	-8861.845	-9294.314	432.4694	1.31082	3.628666
1032	-8874.051	-9306.163	432.1116	1.365041	3.804051
1038	-8867.038	-9299.04	432.0016	1.275443	3.918707
1044	-8854.377	-9286.313	431.9363	1.331691	3.923877
1050	-8856.957	-9289.236	432.2789	1.305527	3.741938
1056	-8847.881	-9279.78	431.8996	1.280017	3.974469
1062	-8864.343	-9296.394	432.0511	1.361586	3.840844
1068	-8854.956	-9287.125	432.1682	1.341046	3.785246
1074	-8861.736	-9294.275	432.5388	1.333909	3.574964
1080	-8865.561	-9298.07	432.5086	1.364046	3.574964
1086	-8859.721	-9292.51	432.7895	1.385791	3.398308
1092	-8864.662	-9296.98	432.3173	1.380351	3.676494
1098	-8882.428	-9315.371	432.9435	1.43581	3.278327
1104	-8861.629	-9294.192	432.5628	1.254183	3.607331
1110	-8868.091	-9300.127	432.0367	1.295461	3.887098
1116	-8870.401	-9302.551	432.1495	1.30333	3.81776
1122	-8842.506	-9274.729	432.2229	1.246265	3.808337
1128	-8851.384	-9283.501	432.1178	1.347433	3.810584
1134	-8851.053	-9282.684	431.6314	1.166204	4.192114
1140	-8859.291	-9291.486	432.1948	1.346242	3.766952
1146	-8864.361	-9296.67	432.3088	1.346242	3.701131
1152	-8856.954	-9289.322	432.3675	1.370708	3.652981
1158	-8872.037	-9305.189	433.1519	1.379415	3.188417
1164	-8853.131	-9285.386	432.2558	1.341432	3.734498
1170	-8845.744	-9278.023	432.2793	1.283435	3.754448
1176	-8860.522	-9293.066	432.544	1.325785	3.576641
1182	-8858.241	-9290.4	432.1586	1.349997	3.78565
1188	-8855.78	-9287.701	431.9214	1.349997	3.921927
1194	-8862.767	-9294.901	432.1345	1.361218	3.793043
1200	-8862.694	-9294.497	431.8022	1.361826	3.983373
1206	-8864.892	-9296.141	431.2496	1.311361	4.326216
1212	-8869.068	-9301.433	432.3652	1.382723	3.647369
1218	-8873.671	-9306.206	432.5344	1.375805	3.553128
1224	-8870.118	-9302.617	432.4996	1.393696	3.56297
1230	-8860.559	-9292.924	432.3648	1.337526	3.673748
1236	-8857.578	-9290.3	432.7226	1.368348	3.447688
1242	-8847.376	-9280.035	432.6593	1.382348	3.476531
1248	-8847.178	-9280.195	433.0179	1.382239	3.266058
1254	-8847.815	-9280.359	432.5446	1.340116	3.567948
1260	-8857.931	-9290.745	432.8137	1.37246	3.391948
1266	-8859.459	-9291.837	432.3776	1.368566	3.648407
1272	-8863.97	-9297.022	433.0524	1.44446	3.208853
1278	-8860.278	-9293.873	433.595	1.506376	2.846702
1284	-8847.239	-9280.153	432.9142	1.436563	3.295176
1290	-8870.246	-9303.259	433.0129	1.337827	3.295176
1296	-8869.395	-9302.129	432.7337	1.401979	3.421532
1302	-8883.763	-9317.095	433.3314	1.325532	3.113763
1308	-8877.347	-9310.836	433.4887	1.423831	2.960799
1314	-8853.635	-9286.528	432.8935	1.405288	3.325784
1320	-8862.152	-9294.831	432.6789	1.323453	3.499482
1326	-8853.555	-9286.185	432.6297	1.372596	3.499482
1332	-8854.034	-9286.651	432.617	1.323227	3.535656
1338	-8838.947	-9270.667	431.7195	1.290991	4.071025
1344	-8850.111	-9281.632	431.5214	1.178863	4.247343
1350	-8834.228	-9265.647	431.4191	1.206797	4.289461
1356	-8852.287	-9283.945	431.6578	1.206797	4.154071
1362	-8851.347	-9283.006	431.6594	1.231527	4.139105
1368	-8847.784	-9279.735	431.9513	1.238146	3.968857
1374	-8843.485	-9275.464	431.9785	1.278607	3.930099
1380	-8851.484	-9284.182	432.6976	1.320648	3.490208
1386	-8848.521	-9280.372	431.8512	1.303032	3.989001
1392	-8858.443	-9290.33	431.8872	1.267026	3.989001
1398	-8847.883	-9280.006	432.123	1.267026	3.853861
1404	-8842.159	-9274.098	431.9394	1.328484	3.923959
1410	-8842.777	-9275.195	432.4176	1.317511	3.654775
1416	-8852.567	-9285.218	432.651	1.303277	3.527473
1422	-8881.381	-9313.819	432.4378	1.196382	3.713187
1428	-8893.571	-9325.728	432.1573	1.152263	3.900044
1434	-8882.272	-9314.328	432.0561	1.253481	3.900044
1440	-8860.081	-9290.942	430.861	1.258341	4.574934
1446	-8846.154	-9277.021	430.8674	1.251934	4.574934
1452	-8854.382	-9286.657	432.2755	1.380668	3.700458
1458	-8862.04	-9294.624	432.5836	1.335221	3.548151
1464	-8858.319	-9290.709	432.3897	1.341637	3.657005
1470	-8865.914	-9297.624	431.71	1.298079	4.072433
1476	-8875.057	-9306.573	431.5154	1.276644	4.195259
1482	-8871.114	-9302.694	431.5806	1.271037	4.161425
1488	-8869.133	-9300.914	431.7804	1.233188	4.069292
1494	-8855.191	-9287.717	432.5263	1.330311	3.584276
1500	-8859.594	-9292.119	432.5247	1.365592	3.564705
1506	-8847.8	-9279.536	431.7368	1.290469	4.061486
1512	-8868.531	-9300.61	432.0785	1.290368	3.866016
1518	-8862.168	-9293.313	431.1452	1.202003	4.446848
1524	-8870.199	-9301.476	431.2765	1.205555	4.370746
1530	-8860.082	-9291.33	431.2479	1.149296	4.418663
1536	-8857.697	-9288.606	430.9092	1.26608	4.543566
1542	-8859.56	-9291.681	432.1209	1.214752	3.885073
1548	-8862.546	-9293.951	431.4041	1.162693	4.322875
1554	-8857	-9288.877	431.8763	1.243719	4.008539
1560	-8852.051	-9283.897	431.846	1.274004	4.008539
1566	-8845.423	-9277.562	432.139	1.356572	3.793136
1572	-8871.682	-9303.722	432.0398	1.344215	3.857299
1578	-8866.233	-9298.352	432.1182	1.267734	3.856198
1584	-8864.272	-9296.036	431.7641	1.225744	4.082772
1590	-8859.565	-9291.208	431.6432	1.278188	4.121799
1596	-8862.89	-9294.091	431.2008	1.256142	4.384932
1602	-8867.283	-9299.14	431.8565	1.235039	4.024811
1608	-8865.037	-9296.762	431.7244	1.302943	4.061448
1614	-8851.382	-9284.109	432.7272	1.355674	3.452456
1620	-8850.566	-9282.201	431.6355	1.239376	4.148226
1626	-8857.015	-9289.121	432.1061	1.262545	3.866131
1632	-8867.15	-9299.616	432.4668	1.345906	3.609788
1638	-8857.589	-9290.161	432.5724	1.253279	3.602298
1644	-8857.729	-9290.244	432.5151	1.392461	3.554681
1650	-8861.728	-9294.148	432.42	1.334113	3.643808
1656	-8862.979	-9295.184	432.2054	1.296429	3.789511
1662	-8892.1	-9323.018	430.918	1.144209	4.606999
1668	-8889.297	-9319.945	430.6476	1.151063	4.754531
1674	-8875.79	-9307.773	431.9832	1.19332	3.976263
1680	-8878.499	-9310.36	431.8608	1.186073	4.050287
1686	-8883.05	-9314.913	431.8631	1.18379	4.050287
1692	-8873.646	-9304.641	430.9942	1.114844	4.580723
1698	-8856.598	-9288.417	431.819	1.246443	4.039682
1704	-8855.997	-9287.801	431.8033	1.246443	4.048638
1710	-8856.658	-9287.868	431.2101	1.201533	4.410494
1716	-8850.124	-9281.723	431.5992	1.252851	4.16119
1722	-8850.672	-9283.784	433.1121	1.427613	3.183462
1728	-8859.716	-9291.41	431.6942	1.268774	4.098083
1734	-8851.476	-9283.259	431.7827	1.268774	4.047651
1740	-8850.116	-9281.929	431.8132	1.238291	4.047651
1746	-8842.292	-9274.388	432.0966	1.328716	3.833572
1752	-8832.454	-9265.259	432.8051	1.343461	3.413988
1758	-8840.217	-9272.183	431.9657	1.339829	3.902365
1764	-8853.103	-9286.208	433.1056	1.339829	3.239285
1770	-8848.334	-9281.8	433.4653	1.422251	2.975835
1776	-8855.59	-9289.216	433.6254	1.447392	2.864074
1782	-8855.298	-9288.877	433.5797	1.493082	2.864074
1788	-8847.787	-9279.956	432.1686	1.273795	3.823755
1794	-8860.039	-9292.145	432.1058	1.315114	3.836096
1800	-8848.962	-9280.97	432.0076	1.280202	3.912521
1806	-8861.58	-9293.65	432.0701	1.217736	3.912521
1812	-8848.593	-9280.64	432.0465	1.254014	3.905235
1818	-8843.641	-9276.015	432.3739	1.254014	3.716799
1824	-8857.62	-9289.906	432.2856	1.257921	3.765532
1830	-8847.805	-9279.659	431.8542	1.198952	4.04673
1836	-8849.613	-9281.003	431.3896	1.231017	4.292431
1842	-8868.047	-9299.478	431.4311	1.189585	4.292431
1848	-8854.99	-9286.644	431.6542	1.211672	4.153354
1854	-8847.888	-9279.754	431.8661	1.322046	3.96961
1860	-8864.668	-9296.843	432.1749	1.253922	3.831571
1866	-8857.567	-9289.489	431.9222	1.228057	3.99125
1872	-8857.254	-9289.479	432.2248	1.219277	3.82275
1878	-8853.558	-9285.761	432.2032	1.20196	3.845142
1884	-8869.522	-9301.318	431.7965	1.156016	4.104048
1890	-8874.278	-9305.981	431.7032	1.24929	4.104048
1896	-8880.99	-9312.693	431.7023	1.25022	4.104048
1902	-8866.947	-9298.76	431.8128	1.252034	4.040055
1908	-8863.421	-9294.892	431.4709	1.277115	4.22025
1914	-8879.776	-9312.822	433.0458	1.431596	3.220391
1920	-8863.702	-9296.357	432.6549	1.389437	3.474921
1926	-8859.911	-9291.514	431.6026	1.277382	4.145306
1932	-8848.208	-9280.614	432.406	1.300075	3.671619
1938	-8846.953	-9279.149	432.1963	1.293256	3.796575
1944	-8846.326	-9279.165	432.839	1.429304	3.34372
1950	-8857.023	-9289.276	432.2526	1.352517	3.729975
1956	-8845.438	-9278.05	432.6122	1.326093	3.536788
1962	-8858.743	-9291.096	432.353	1.394138	3.647837
1968	-8846.965	-9279.829	432.8637	1.37021	3.36391
1974	-8853.876	-9286.693	432.8175	1.373937	3.388836
1980	-8866.524	-9298.594	432.07	1.277088	3.878526
1986	-8860.525	-9292.991	432.4662	1.300595	3.636443
1992	-8860.028	-9293.007	432.979	1.301801	3.336367
1998	-8860.469	-9293.281	432.8115	1.4171	3.367031
2004	-8867.062	-9299.522	432.4595	1.301012	3.64005
2010	-8874.204	-9306.555	432.3506	1.318069	3.693233
2016	-8875.978	-9307.98	432.0028	1.31264	3.896652
2022	-8872.125	-9304.849	432.7241	1.370504	3.445595
2028	-8872.669	-9304.328	431.6595	1.287777	4.107066
2034	-8858.722	-9290.532	431.8092	1.255869	4.039915
2040	-8864.438	-9297.018	432.5802	1.307842	3.566017
2046	-8860.974	-9292.901	431.9268	1.232299	3.986184
2052	-8852.235	-9283.806	431.5707	1.318128	4.140282
2058	-8857.966	-9289.588	431.6221	1.2668	4.140282
2064	-8852.678	-9284.531	431.8535	1.265906	4.008884
2070	-8842.78	-9274.561	431.7806	1.245395	4.062213
2076	-8854.772	-9286.194	431.4218	1.205868	4.288437
2082	-8855.192	-9286.304	431.1125	1.216882	4.456879
2088	-8848.326	-9279.753	431.427	1.213019	4.281469
2094	-8853.568	-9285.063	431.4956	1.213019	4.242601
2100	-8855.494	-9287.5	432.0065	1.279861	3.913343
2106	-8864.157	-9295.738	431.5816	1.259732	4.167321
2112	-8857.358	-9289.248	431.8904	1.268641	3.986211
2118	-8862.666	-9295.601	432.9353	1.298246	3.364163
2124	-8861.37	-9293.536	432.1654	1.298246	3.811542
2130	-8859.824	-9292.296	432.4722	1.391957	3.579928
2136	-8858.172	-9291.456	433.284	1.374944	3.112586
2142	-8864.378	-9296.119	431.7408	1.367218	4.015357
2148	-8862.202	-9294.986	432.7845	1.420698	3.380803
2154	-8863.924	-9296.2	432.2754	1.277412	3.76014
2160	-8847.766	-9280.191	432.4251	1.415257	3.593773
2166	-8853.021	-9285.039	432.0183	1.419166	3.826599
2172	-8838.947	-9270.756	431.8093	1.245711	4.045657
2178	-8850.107	-9281.899	431.7921	1.262898	4.045657
2184	-8842.374	-9274.874	432.5005	1.375432	3.573096
2190	-8844.904	-9277.584	432.6794	1.395506	3.457074
2196	-8829.303	-9261.952	432.6486	1.426323	3.457074
2202	-8849.268	-9282.326	433.0575	1.389544	3.238324
2208	-8845.162	-9277.697	432.535	1.314102	3.58869
2214	-8837.173	-9269.287	432.1139	1.251966	3.867705
2220	-8849.579	-9282.733	433.1545	1.386474	3.182709
2226	-8857.981	-9291.101	433.1203	1.492196	3.140253
2232	-8848.713	-9280.926	432.213	1.290375	3.788668
2238	-8837.146	-9269.137	431.9914	1.244279	3.94237
2244	-8830.923	-9263.147	432.2244	1.310813	3.770327
2250	-8834.375	-9266.704	432.3287	1.306878	3.712384
2256	-8842.483	-9274.147	431.6636	1.195578	4.157141
2262	-8849.607	-9280.561	430.9546	1.145014	4.586007
2268	-8844.169	-9275.375	431.2064	1.21405	4.40556
2274	-8846.263	-9277.766	431.5032	1.222156	4.233142
2280	-8851.844	-9283.348	431.5047	1.220625	4.233142
2286	-8850.204	-9281.58	431.3758	1.255452	4.286443
2292	-8843.39	-9275.057	431.6665	1.237502	4.131666
2298	-8845.659	-9277.726	432.0672	1.263685	3.887804
2304	-8874.337	-9306.67	432.3328	1.310073	3.708171
2310	-8868.491	-9300.655	432.1635	1.311535	3.804945
2316	-8861.092	-9292.767	431.6752	1.243731	4.123162
2322	-8864.471	-9297.248	432.7769	1.373637	3.412823
2328	-8867.258	-9299.69	432.4327	1.373637	3.613516
2334	-8866.108	-9298.518	432.4099	1.286365	3.677284
2340	-8857.481	-9289.988	432.5074	1.405294	3.551695
2346	-8868.225	-9300.251	432.0263	1.338304	3.868469
2352	-8875.184	-9308.195	433.0107	1.385646	3.268296
2358	-8856.617	-9289.686	433.0687	1.385646	3.234002
2364	-8853.808	-9286.197	432.3888	1.34191	3.657362
2370	-8854.846	-9286.983	432.1379	1.315781	3.817252
2376	-8837.263	-9270.429	433.1664	1.396717	3.169559
2382	-8861.849	-9293.11	431.2611	1.195403	4.385193
2388	-8869.08	-9301.077	431.9971	1.17151	3.980771
2394	-8860.079	-9292.561	432.482	1.398413	3.570452
2400	-8852.109	-9284.826	432.7171	1.284759	3.499771
2406	-8865.967	-9298.371	432.4047	1.318025	3.661937
2412	-8855.534	-9287.283	431.7489	1.233985	4.086754
2418	-8859.251	-9290.951	431.7001	1.239389	4.111471
2424	-8863.077	-9295.364	432.2869	1.276998	3.753776
2430	-8854.051	-9285.579	431.5287	1.238444	4.209427
2436	-8860.874	-9292.408	431.5341	1.171791	4.244181
2442	-8867.789	-9299.071	431.2823	1.182453	4.380536
2448	-8870.664	-9302.16	431.4955	1.219816	4.238839
2454	-8865.358	-9297.21	431.8519	1.281169	4.00109
2460	-8870.11	-9301.946	431.8353	1.29883	4.000478
2466	-8861.506	-9293.326	431.8201	1.268328	4.026588
2472	-8865.785	-9298.077	432.2923	1.339168	3.714774
2478	-8865.375	-9298.056	432.6815	1.387425	3.460598
2484	-8884.919	-9316.799	431.8801	1.387425	3.924119
2490	-8870.056	-9301.667	431.6114	1.234932	4.164445
2496	-8889.022	-9320.565	431.5422	1.304125	4.164445
2502	-8876.341	-9308.123	431.7814	1.270465	4.047423
2508	-8874.434	-9306.301	431.8665	1.27283	3.997479
2514	-8876.503	-9308.095	431.5921	1.28907	4.14466
2520	-8852.108	-9283.749	431.6412	1.294014	4.113887
2526	-8845.848	-9276.905	431.0568	1.208495	4.492919
2532	-8845.719	-9277.793	432.0742	1.373487	3.820719
2538	-8842.464	-9274.588	432.1239	1.3238	3.820719
2544	-8840.77	-9273.278	432.5076	1.413257	3.54696
2550	-8835.316	-9268.18	432.8639	1.444494	3.320161
2556	-8836.169	-9268.655	432.4859	1.392681	3.571527
2562	-8843.917	-9276.775	432.8583	1.359905	3.373139
2568	-8849.618	-9282.203	432.5855	1.323081	3.554077
2574	-8861.333	-9293.282	431.9492	1.333007	3.915722
2580	-8853.627	-9285.518	431.891	1.273619	3.983022
2586	-8850.509	-9281.199	430.6904	1.249058	4.675827
2592	-8859.99	-9291.754	431.7639	1.190964	4.102743
2598	-8861.7	-9293.211	431.5108	1.263466	4.205401
2604	-8853.286	-9285.117	431.8303	1.248672	4.031979
2610	-8848.004	-9279.759	431.7548	1.237346	4.081487
2616	-8846.773	-9278.506	431.7327	1.259407	4.081487
2622	-8859.833	-9292.309	432.4761	1.290357	3.636638
2628	-8859.697	-9292.081	432.3838	1.251962	3.712274
2634	-8847.423	-9279.242	431.8194	1.289505	4.014881
2640	-8849.663	-9281.61	431.9462	1.2132	3.985999
2646	-8855.162	-9286.348	431.1863	1.2132	4.417345
2652	-8857.691	-9289.134	431.443	1.215457	4.271004
2658	-8858.719	-9289.945	431.2254	1.28003	4.357554
2664	-8846.766	-9278.729	431.9629	1.3232	3.913484
2670	-8871.809	-9303.942	432.1327	1.294184	3.832651
2676	-8858.922	-9291.009	432.0875	1.294184	3.85865
2682	-8866.004	-9298.582	432.5784	1.434221	3.49348
2688	-8844.546	-9277.518	432.9721	1.415533	3.273417
2694	-8852.924	-9285.91	432.9859	1.443381	3.24882
2700	-8855.683	-9288.298	432.6158	1.443381	3.466252
2706	-8871.447	-9304.532	433.0846	1.468798	3.175348
2712	-8875.091	-9308.167	433.0754	1.45637	3.188164
2718	-8849.825	-9283.575	433.7502	1.45637	2.782744
2724	-8860.273	-9293.406	433.1327	1.369245	3.205853
2730	-8856.755	-9289.595	432.8398	1.416188	3.350942
2736	-8849.814	-9282.357	432.5424	1.308889	3.587395
2742	-8849.128	-9281.631	432.5025	1.348767	3.587395
2748	-8855.185	-9287.042	431.8564	1.315703	3.978752
2754	-8865.451	-9298.013	432.562	1.277884	3.593996
2760	-8859.509	-9291.382	431.8729	1.312217	3.97133
2766	-8859.617	-9291.735	432.1185	1.243573	3.869904
2772	-8856.866	-9289.875	433.0087	1.446292	3.23361
2778	-8857.977	-9291.249	433.2728	1.471178	3.061842
2784	-8854.738	-9288.144	433.4053	1.470168	2.983078
2790	-8859.888	-9293.132	433.2444	1.470168	3.079417
2796	-8860.516	-9293.535	433.019	1.470168	3.213418
2802	-8856.297	-9287.411	431.1148	1.249382	4.437268
2808	-8861.264	-9291.812	430.5487	1.08563	4.84627
2814	-8862.79	-9293.413	430.6228	1.10694	4.793031
2820	-8847.481	-9278.437	430.9552	1.170497	4.571405
2826	-8853.412	-9285.101	431.6889	1.170497	4.157009
2832	-8857.742	-9289.288	431.5464	1.313052	4.157009
2838	-8863.648	-9295.25	431.6023	1.202958	4.187762
2844	-8879.477	-9311.48	432.0024	1.253712	3.930686
2850	-8869.922	-9301.857	431.9342	1.321916	3.930686
2856	-8865.151	-9297.756	432.6048	1.309428	3.55078
2862	-8860.084	-9292.018	431.9339	1.309428	3.937973
2868	-8866.275	-9298.207	431.9322	1.276582	3.957796
2874	-8866.087	-9297.958	431.8706	1.213079	4.029263
2880	-8856.959	-9288.362	431.4022	1.213079	4.295476
2886	-8863.993	-9296.733	432.7398	1.34848	3.449246
2892	-8861.134	-9293.108	431.9733	1.34848	3.893043
2898	-8866.803	-9299.05	432.2463	1.309891	3.758228
2904	-8857.488	-9289.447	431.9586	1.310076	3.923506
2910	-8862.213	-9294.402	432.1894	1.293521	3.800443
2916	-8863.13	-9295.329	432.1986	1.284274	3.800443
2922	-8867.597	-9299.87	432.2725	1.327951	3.732677
2928	-8853.241	-9285.285	432.0438	1.314303	3.872212
2934	-8852.355	-9284.477	432.1219	1.314303	3.827317
2940	-8845.655	-9277.467	431.8118	1.314303	4.005078
2946	-8855.525	-9287.41	431.8853	1.24264	4.003991
2952	-8843.548	-9275.388	431.8399	1.227035	4.038818
2958	-8835.167	-9266.288	431.1219	1.187245	4.468262
2964	-8839.097	-9270.464	431.3665	1.21563	4.314249
2970	-8863.106	-9295.051	431.9455	1.296589	3.9387
2976	-8861.141	-9293.247	432.106	1.373826	3.802204
2982	-8860.596	-9293.342	432.746	1.387136	3.423025
2988	-8860.365	-9292.328	431.9626	1.311283	3.920494
2994	-8866.503	-9296.888	430.3852	1.206875	4.869829
3000	-8871.534	-9302.023	430.4889	1.103108	4.869829
3006	-8869.437	-9299.998	430.5607	1.191093	4.780741
3012	-8856.262	-9288.808	432.5462	1.33263	3.571404
3018	-8846.81	-9278.796	431.9859	1.29301	3.917601
3024	-8843.242	-9275.12	431.8785	1.250039	4.003685
3030	-8837.944	-9269.909	431.9648	1.201464	3.9821
3036	-8848.548	-9281.14	432.5913	1.27833	3.576713
3042	-8855.318	-9287.599	432.2814	1.287479	3.750862
3048	-8853.49	-9284.948	431.4586	1.262675	4.235452
3054	-8857.223	-9289.389	432.1661	1.287497	3.817278
3060	-8867.727	-9299.621	431.8938	1.302715	3.964807
3066	-8861.995	-9294.368	432.3731	1.385181	3.641377
3072	-8861.338	-9292.787	431.4498	1.182779	4.28566
3078	-8865.194	-9296.676	431.4814	1.217985	4.247841
3084	-8852.836	-9284.296	431.46	1.239418	4.247841
3090	-8833.286	-9265.281	431.9948	1.307791	3.904018
3096	-8842.134	-9274.495	432.3613	1.396759	3.641501
3102	-8861.341	-9293.37	432.03	1.372822	3.846524
3108	-8868.763	-9301.694	432.9309	1.450223	3.277258
3114	-8855.11	-9287.831	432.7214	1.398166	3.430985
3120	-8847.937	-9280.317	432.3802	1.351336	3.656837
3126	-8838.691	-9270.994	432.3023	1.316423	3.722112
3132	-8844.165	-9274.956	430.7913	1.143535	4.678399
3138	-8862.441	-9292.97	430.5282	1.137119	4.828969
3144	-8866.141	-9297.228	431.0878	1.187671	4.487214
3150	-8868.421	-9299.868	431.447	1.20613	4.27402
3156	-8853.937	-9285.341	431.4048	1.20588	4.298061
3162	-8852.538	-9283.56	431.0213	1.27475	4.47562
3168	-8861.403	-9293.459	432.0559	1.278713	3.885661
3174	-8863.648	-9295.359	431.7107	1.196291	4.129961
3180	-8867.135	-9299.146	432.0102	1.266941	3.918635
3186	-8870.044	-9300.741	430.6964	1.141749	4.732453
3192	-8855.339	-9288.256	432.9168	1.374208	3.330358
3198	-8860.132	-9293.339	433.2065	1.351964	3.172356
3204	-8844.509	-9277.181	432.6723	1.403122	3.456795
3210	-8842.541	-9275.475	432.9341	1.356134	3.330821
3216	-8839.787	-9272.646	432.8585	1.406607	3.345585
3222	-8836.742	-9268.946	432.2037	1.347641	3.760998
3228	-8844.521	-9277.331	432.81	1.360353	3.401247
3234	-8840.781	-9274.094	433.313	1.438974	3.05707
3240	-8825.976	-9258.194	432.2186	1.341599	3.755916
3246	-8824.344	-9256.399	432.0544	1.291987	3.878885
3252	-8837.093	-9268.862	431.7692	1.2766	4.050924
3258	-8848.824	-9281.022	432.1979	1.268041	3.810176
3264	-8863.542	-9294.93	431.3884	1.380098	4.208647
3270	-8849.84	-9282.008	432.1674	1.431727	3.733446
3276	-8853.107	-9286.468	433.3603	1.327775	3.095211
3282	-8852.064	-9284.977	432.9138	1.363291	3.338541
3288	-8848.545	-9280.422	431.8771	1.271028	3.992484
3294	-8846.891	-9278.89	431.9991	1.259018	3.929506
3300	-8851.558	-9283.599	432.0412	1.259954	3.904884
3306	-8860.468	-9292.893	432.4251	1.251806	3.688466
3312	-8856.909	-9288.8	431.8908	1.238703	4.003086
3318	-8849.52	-9280.764	431.2446	1.239167	4.369823
3324	-8841.623	-9273.495	431.8718	1.312665	3.971663
3330	-8839.456	-9271.751	432.295	1.384686	3.686895
3336	-8834.668	-9267.708	433.0397	1.409065	3.237307
3342	-8845.274	-9278.58	433.3063	1.524553	3.009831
3348	-8835.367	-9268.523	433.1554	1.381032	3.185404
3354	-8831.927	-9264.664	432.737	1.302939	3.477494
3360	-8847.118	-9278.939	431.8215	1.261382	4.029756
3366	-8852.662	-9284.605	431.9424	1.284699	3.947274
3372	-8863.123	-9296.183	433.06	1.362048	3.253094
3378	-8842.481	-9275.517	433.0356	1.386508	3.253094
3384	-8845.163	-9278.21	433.0465	1.403438	3.236643
3390	-8855.45	-9287.758	432.308	1.32622	3.713156
3396	-8854.854	-9287.186	432.3315	1.32622	3.699568
3402	-8857.036	-9289.243	432.2076	1.262997	3.807535
3408	-8861.463	-9293.503	432.0404	1.296958	3.884071
3414	-8871.66	-9303.358	431.698	1.270386	4.095013
3420	-8861.087	-9293.165	432.0781	1.261454	3.882841
3426	-8880.294	-9311.426	431.132	1.224121	4.441824
3432	-8874.059	-9305.577	431.5179	1.222592	4.224512
3438	-8863.86	-9295.791	431.9309	1.167536	4.020831
3444	-8854.281	-9286.398	432.1167	1.182261	3.906109
3450	-8855.416	-9286.823	431.4068	1.19989	4.300338
3456	-8846.051	-9277.458	431.4068	1.19989	4.300338
3462	-8841.612	-9273.146	431.5333	1.282055	4.182061
3468	-8839.117	-9270.681	431.564	1.288555	4.160895
3474	-8842.914	-9273.812	430.8988	1.219677	4.575444
3480	-8850.524	-9281.814	431.2899	1.086049	4.430628
3486	-8862.052	-9293.675	431.6227	1.165037	4.197713
3492	-8854.057	-9286.409	432.3521	1.251897	3.730609
3498	-8842.494	-9275.008	432.5141	1.338032	3.586897
3504	-8837.907	-9270.055	432.1474	1.314732	3.812364
3510	-8846.687	-9278.431	431.7434	1.316692	4.042749
3516	-8844.691	-9276.86	432.1697	1.264398	3.828534
3522	-8848.264	-9280.948	432.6839	1.348801	3.48172
3528	-8851.834	-9284.54	432.7063	1.326437	3.48172
3534	-8856.826	-9288.938	432.1118	1.330315	3.823886
3540	-8867.669	-9301.234	433.5642	1.340162	2.965726
3546	-8879.101	-9311.406	432.3054	1.361942	3.694014
3552	-8859.874	-9292.245	432.3709	1.435135	3.613649
3558	-8869.104	-9301.535	432.4311	1.362581	3.620838
3564	-8865.427	-9297.722	432.2949	1.358355	3.70214
3570	-8871.917	-9304.318	432.4009	1.331266	3.656474
3576	-8854.656	-9287.102	432.4463	1.331266	3.63021
3582	-8858.268	-9290.537	432.2688	1.251966	3.778649
3588	-8857.072	-9289.29	432.2173	1.303462	3.778649
3594	-8861.14	-9293.372	432.2325	1.391137	3.719268
3600	-8864.184	-9296.594	432.4104	1.281997	3.679507
3606	-8860.867	-9293.596	432.7288	1.256521	3.509384
3612	-8857.532	-9289.445	431.9128	1.312926	3.948095
3618	-8865.971	-9298.592	432.6206	1.306383	3.54338
3624	-8861.193	-9294.417	433.224	1.483128	3.083848
3630	-8852.124	-9284.457	432.3327	1.276413	3.727672
3636	-8862.218	-9294.343	432.1251	1.293048	3.837682
3642	-8849.922	-9282.438	432.5154	1.322548	3.595126
3648	-8850.408	-9282.866	432.4586	1.453293	3.55216
3654	-8861.988	-9293.894	431.9062	1.350482	3.930353
3660	-8864.709	-9297.191	432.4826	1.350482	3.597983
3666	-8859.248	-9291.81	432.562	1.373535	3.538386
3672	-8868.808	-9300.925	432.1168	1.327927	3.822396
3678	-8863.949	-9296.661	432.7117	1.33979	3.470766
3684	-8858.758	-9291.618	432.8602	1.337506	3.385204
3690	-8851.119	-9283.72	432.6014	1.320316	3.546457
3696	-8859.462	-9291.969	432.5068	1.392379	3.559549
3702	-8866.362	-9298.938	432.5759	1.350986	3.543416
3708	-8870.25	-9301.863	431.6132	1.364633	4.089666
3714	-8854.889	-9286.959	432.0705	1.364633	3.827933
3720	-8845.511	-9276.911	431.4	1.273024	4.262781
3726	-8849.843	-9281.529	431.6863	1.249874	4.113379
3732	-8862.882	-9294.249	431.3677	1.284174	4.274766
3738	-8858.99	-9291.143	432.1526	1.331886	3.799518
3744	-8858.947	-9291.559	432.6124	1.448808	3.465087
3750	-8855.81	-9287.928	432.1176	1.360418	3.803221
3756	-8861.421	-9292.98	431.559	1.207338	4.209903
3762	-8881.741	-9312.823	431.0813	1.221906	4.471583
3768	-8871.853	-9304.153	432.3002	1.28595	3.740938
3774	-8872.327	-9304.117	431.7898	1.204311	4.080362
3780	-8848.255	-9280.202	431.947	1.331411	3.917909
3786	-8851.195	-9283.174	431.9786	1.29982	3.917909
3792	-8852.776	-9284.944	432.1683	1.29982	3.808963
3798	-8856.802	-9288.951	432.149	1.319059	3.808963
3804	-8865.731	-9297.348	431.6162	1.273152	4.140015
3810	-8855.703	-9286.769	431.0655	1.135343	4.529171
3816	-8851.233	-9282.088	430.8547	1.225817	4.596722
3822	-8850.503	-9281.548	431.0449	1.154553	4.529962
3828	-8843.645	-9275.227	431.5821	1.212589	4.193764
3834	-8868.371	-9299.479	431.1087	1.154813	4.493917
3840	-8853.63	-9284.91	431.2798	1.228588	4.355917
3846	-8858.199	-9290.205	432.0057	1.27749	3.915172
3852	-8857.138	-9288.388	431.2503	1.24119	4.365463
3858	-8844.515	-9275.391	430.8752	1.187949	4.606468
3864	-8853.048	-9284.537	431.4891	1.263169	4.217881
3870	-8864.018	-9296.189	432.1715	1.237839	3.842763
3876	-8856.06	-9287.461	431.4008	1.302158	4.245816
3882	-8865.8	-9297.976	432.1763	1.336869	3.783001
3888	-8847.921	-9280.097	432.1763	1.336869	3.783001
3894	-8859.877	-9291.64	431.7633	1.346456	4.014419
3900	-8853.546	-9285.262	431.7161	1.247128	4.097953
3906	-8855.733	-9287.345	431.6117	1.260814	4.149557
3912	-8856.012	-9288.055	432.0433	1.239853	3.915199
3918	-8850.354	-9282.676	432.3226	1.285115	3.728494
3924	-8847.051	-9278.644	431.5927	1.20738	4.190731
3930	-8841.584	-9274.042	432.4575	1.33213	3.623186
3936	-8848.863	-9281.277	432.4142	1.313399	3.659131
3942	-8858.423	-9290.594	432.1712	1.297801	3.808436
3948	-8856.331	-9288.277	431.9462	1.311432	3.929823
3954	-8843.101	-9275.79	432.689	1.334378	3.487201
3960	-8857.427	-9290.084	432.6566	1.420895	3.455578
3966	-8865.956	-9298.674	432.7175	1.36003	3.455578
3972	-8875.606	-9308.049	432.4438	1.452381	3.561319
3978	-8866.126	-9298.67	432.5437	1.35248	3.561319
3984	-8859.547	-9291.59	432.0424	1.300062	3.881192
3990	-8859.746	-9292.121	432.3749	1.314531	3.681249
3996	-8855.687	-9287.823	432.1365	1.286899	3.834662
4002	-8866.648	-9299.446	432.7975	1.236551	3.480964
4008	-8863.277	-9295.049	431.7714	1.224567	4.079285
4014	-8862.162	-9293.82	431.6577	1.280087	4.112442
4020	-8859.405	-9291.446	432.0409	1.269138	3.899754
4026	-8863.701	-9295.63	431.9292	1.383978	3.897951
4032	-8852.913	-9285.037	432.1238	1.264612	3.854754
4038	-8858.106	-9291.233	433.1266	1.383149	3.201229
4044	-8858.049	-9290.531	432.4825	1.310786	3.621087
4050	-8854.785	-9286.667	431.8825	1.352954	3.942525
4056	-8853.219	-9285.416	432.1975	1.288226	3.798819
4062	-8862.596	-9294.586	431.9902	1.356223	3.878868
4068	-8851.859	-9284.649	432.7899	1.382075	3.400276
4074	-8849.644	-9282.449	432.8053	1.411332	3.374101
4080	-8864.979	-9297.351	432.3726	1.269161	3.7088
4086	-8880.056	-9311.879	431.8234	1.256276	4.031564
4092	-8853.725	-9285.605	431.8803	1.247284	4.004198
4098	-8851.148	-9283.124	431.9759	1.232651	3.957883
4104	-8848.592	-9279.752	431.1603	1.281242	4.393633
4110	-8838.853	-9270.953	432.1001	1.292323	3.852447
4116	-8842.032	-9274.673	432.6415	1.426889	3.460919
4122	-8853.748	-9285.758	432.01	1.202736	3.955497
4128	-8855.718	-9286.948	431.2304	1.216222	4.390775
4134	-8850.381	-9282.412	432.0309	1.248353	3.917441
4140	-8864.586	-9297.173	432.5873	1.318663	3.555597
4146	-8868.098	-9301.475	433.3771	1.34679	3.073838
4152	-8847.849	-9279.678	431.8283	1.303056	4.002062
4158	-8838.556	-9270.537	431.981	1.280033	3.927864
4164	-8833.119	-9265.089	431.9699	1.291093	3.927864
4170	-8829.962	-9262.084	432.1217	1.297001	3.837389
4176	-8842.059	-9274.169	432.1099	1.324157	3.828538
4182	-8850.08	-9282.618	432.538	1.310202	3.5892
4188	-8854.052	-9286.9	432.8478	1.362319	3.377898
4194	-8847.905	-9280.259	432.3543	1.353247	3.670725
4200	-8849.185	-9281.19	432.0045	1.344783	3.877228
4206	-8850.763	-9283.747	432.9842	1.387954	3.282539
4212	-8832.629	-9265.299	432.6695	1.334027	3.498774
4218	-8833.128	-9266.39	433.2613	1.383421	3.121065
4224	-8828.026	-9260.696	432.67	1.333006	3.499088
4230	-8867.39	-9298.387	430.9961	1.111494	4.581535
4236	-8867.27	-9298.965	431.6953	1.139641	4.170941
4242	-8874.982	-9306.406	431.4243	1.152171	4.317404
4248	-8864.164	-9296.324	432.1604	1.254653	3.839463
4254	-8858.81	-9291.671	432.861	1.334998	3.386185
4260	-8858.611	-9291.193	432.5822	1.337272	3.547731
4266	-8844.029	-9276.945	432.9157	1.373662	3.331308
4272	-8859.894	-9292.481	432.587	1.35456	3.534869
4278	-8851.499	-9284.113	432.614	1.356856	3.517837
4284	-8852.435	-9285.041	432.6058	1.324007	3.541749
4290	-8857.869	-9289.319	431.4499	1.258303	4.242818
4296	-8848.634	-9280.185	431.5513	1.234363	4.198896
4302	-8840.728	-9273.055	432.327	1.328257	3.701021
4308	-8847.17	-9279.412	432.2423	1.275124	3.780574
4314	-8830.453	-9262.421	431.9677	1.217226	3.97142
4320	-8828.513	-9260.032	431.5182	1.260092	4.203106
4326	-8833.728	-9265.101	431.373	1.266694	4.281667
4332	-8853.595	-9285.319	431.7239	1.223408	4.107005
4338	-8864.057	-9295.8	431.7429	1.160774	4.131857
4344	-8862.344	-9295.058	432.7141	1.275301	3.507029
4350	-8856.961	-9289.439	432.478	1.291075	3.635108
4356	-8849.262	-9280.794	431.5322	1.359887	4.138467
4362	-8856.469	-9288.631	432.1619	1.261244	3.834793
4368	-8855.02	-9286.051	431.0307	1.2298	4.495653
4374	-8854.885	-9286.168	431.2832	1.299417	4.313972
4380	-8867.996	-9299.373	431.377	1.219179	4.306273
4386	-8853.151	-9284.093	430.9415	1.19099	4.567571
4392	-8853.742	-9285.04	431.2974	1.251622	4.33295
4398	-8851.27	-9283.185	431.9144	1.268365	3.972642
4404	-8854.533	-9286.042	431.5092	1.253992	4.211633
4410	-8843.751	-9275.271	431.5196	1.220245	4.224909
4416	-8856.79	-9288.68	431.8908	1.220245	4.013673
4422	-8849.864	-9281.774	431.9097	1.247565	3.987262
4428	-8845.258	-9277.011	431.7529	1.228465	4.087624
4434	-8850.776	-9282.665	431.8893	1.260577	3.991462
4440	-8841.358	-9272.661	431.3036	1.219879	4.347362
4446	-8835.62	-9266.771	431.1517	1.213052	4.436928
4452	-8846.797	-9279.441	432.6449	1.335375	3.512325
4458	-8846.713	-9279.753	433.0397	1.501878	3.182368
4464	-8845.025	-9278.39	433.3657	1.467966	3.008187
4470	-8842.6	-9275.469	432.8694	1.460054	3.307725
4476	-8852.7	-9285.294	432.594	1.381528	3.515123
4482	-8849.187	-9282.136	432.9489	1.381528	3.30717
4488	-8842.255	-9275.03	432.7751	1.38532	3.407067
4494	-8852.634	-9285.553	432.919	1.437098	3.292051
4500	-8841.944	-9274.865	432.9211	1.419832	3.300979
4506	-8841.16	-9273.33	432.1697	1.316695	3.798409
4512	-8835.968	-9267.021	431.0533	1.236627	4.479093
4518	-8838.122	-9269.199	431.0775	1.256011	4.454548
4524	-8842.488	-9273.57	431.0819	1.251617	4.454548
4530	-8841.696	-9273.961	432.2644	1.330118	3.736113
4536	-8838.817	-9270.812	431.9955	1.349455	3.879744
4542	-8844.994	-9277.714	432.7198	1.403231	3.428953
4548	-8866.697	-9299.307	432.6098	1.393591	3.498869
4554	-8852.487	-9284.344	431.8571	1.29287	3.99144
4560	-8847.256	-9279.608	432.3518	1.293259	3.706924
4566	-8859.484	-9291.889	432.405	1.265507	3.692208
4572	-8862.097	-9293.567	431.4701	1.231998	4.246279
4578	-8857.646	-9289.41	431.7641	1.346093	4.014152
4584	-8865.21	-9297.879	432.6693	1.312446	3.511491
4590	-8863.969	-9295.602	431.633	1.298121	4.116242
4596	-8844.144	-9276.37	432.2258	1.3168	3.766017
4602	-8871.758	-9303.574	431.8163	1.263397	4.031552
4608	-8875.767	-9307.275	431.5086	1.338507	4.164016
4614	-8831.14	-9263.101	431.9609	1.263394	3.948922
4620	-8827.945	-9258.548	430.6029	1.188851	4.75839
4626	-8835.802	-9267.607	431.8051	1.266849	4.03595
4632	-8849.19	-9280.762	431.5721	1.200292	4.206448
4638	-8853.447	-9285.026	431.5781	1.27231	4.162114
4644	-8849.597	-9281.223	431.6261	1.262904	4.140221
4650	-8851.584	-9283.337	431.7529	1.304107	4.044516
4656	-8854.005	-9286.441	432.4362	1.27605	3.668005
4662	-8846.526	-9278.646	432.1204	1.27605	3.850187
4668	-8847.157	-9279.623	432.466	1.39589	3.581227
4674	-8839.388	-9271.296	431.9083	1.31217	3.951084
4680	-8840.736	-9273.177	432.4404	1.373122	3.609351
4686	-8852.141	-9284.385	432.244	1.366288	3.726971
4692	-8859.123	-9291.539	432.4158	1.391566	3.612874
4698	-8841.603	-9273.56	431.9569	1.433978	3.85337
4704	-8851.006	-9282.505	431.4988	1.336028	4.171015
4710	-8854.236	-9285.29	431.0548	1.254143	4.468375
4716	-8864.206	-9295.277	431.0705	1.238459	4.468375
4722	-8855.261	-9286.804	431.5427	1.243873	4.19837
4728	-8858.307	-9290.115	431.8081	1.205819	4.069101
4734	-8851.461	-9282.523	431.0627	1.17719	4.507251
4740	-8850.306	-9281.592	431.2861	1.14106	4.401773
4746	-8836.884	-9268.849	431.9649	1.221715	3.970473
4752	-8851.533	-9283.056	431.5228	1.198441	4.235444
4758	-8849.817	-9280.661	430.8439	1.220704	4.605662
4764	-8852.454	-9284.344	431.89	1.264781	3.988663
4770	-8855.557	-9287.447	431.89	1.264781	3.988663
4776	-8865.073	-9297.144	432.0712	1.275114	3.878978
4782	-8849.722	-9281.953	432.2305	1.268354	3.791223
4788	-8843.259	-9275.433	432.1739	1.25453	3.831777
4794	-8847.016	-9278.09	431.0736	1.198813	4.488917
4800	-8839.232	-9270.959	431.7268	1.214794	4.110282
4806	-8849.188	-9281.021	431.8329	1.215943	4.049138
4812	-8857.061	-9288.573	431.5121	1.182983	4.250283
4818	-8852.33	-9283.78	431.4506	1.247604	4.248509
4824	-8856.316	-9287.948	431.6319	1.314886	4.107305
4830	-8860.302	-9292.408	432.1062	1.198943	3.902601
4836	-8852.291	-9283.992	431.7015	1.246262	4.106775
4842	-8842.387	-9273.243	430.8557	1.178073	4.622941
4848	-8844.796	-9276.008	431.2119	1.192719	4.41448
4854	-8834.441	-9265.48	431.0393	1.204359	4.505125
4860	-8832.897	-9264.713	431.8157	1.23792	4.046449
4866	-8832.446	-9263.866	431.4203	1.262619	4.257171
4872	-8829.059	-9260.957	431.8981	1.28464	3.972702
4878	-8832.09	-9264.515	432.4254	1.360616	3.625261
4884	-8846.769	-9280.364	433.5953	1.442262	2.885369
4890	-8836.284	-9269.064	432.7797	1.431424	3.37728
4896	-8840.853	-9273.773	432.9198	1.344805	3.345891
4902	-8840.505	-9272.87	432.3647	1.393821	3.641238
4908	-8836.208	-9268.691	432.4829	1.324167	3.613068
4914	-8837.126	-9269.828	432.7024	1.358409	3.465301
4920	-8868.215	-9300.269	432.0535	1.227396	3.916472
4926	-8867.466	-9300.077	432.6111	1.325906	3.537523
4932	-8858.066	-9290.055	431.9884	1.197759	3.970698
4938	-8871.796	-9304.822	433.026	1.380913	3.262068
4944	-8854.88	-9287.449	432.5696	1.308626	3.571749
4950	-8846.142	-9278.414	432.2726	1.310424	3.742715
4956	-8844.94	-9276.913	431.973	1.292164	3.925498
4962	-8846.639	-9279.363	432.724	1.329518	3.469591
4968	-8842.65	-9274.911	432.2609	1.299056	3.75603
4974	-8845.872	-9278.637	432.7651	1.329978	3.445299
4980	-8845.207	-9277.013	431.8061	1.236062	4.052952
4986	-8840.754	-9273.125	432.3713	1.361323	3.656245
4992	-8834.75	-9267.163	432.4133	1.373615	3.624786
4998	-8829.43	-9262.04	432.6097	1.473673	3.45213
5004	-8837.889	-9270.483	432.5942	1.399266	3.504612
5010	-8841.391	-9273.176	431.7856	1.262068	4.049828
5016	-8849.161	-9280.363	431.2024	1.352377	4.329686
5022	-8846.673	-9279.156	432.4833	1.251728	3.654827
5028	-8860.909	-9292.341	431.4321	1.203662	4.283876
5034	-8856.806	-9287.256	430.4492	1.200697	4.837588
5040	-8847.41	-9279.201	431.7918	1.308266	4.019921
5046	-8850.366	-9282.469	432.103	1.257704	3.870717
5052	-8848.008	-9280.356	432.3479	1.408348	3.642517
5058	-8855.852	-9288.066	432.2139	1.32366	3.768924
5064	-8846.473	-9278.681	432.2082	1.25987	3.808981
5070	-8850.604	-9282.231	431.6267	1.285721	4.126904
5076	-8858.405	-9290.15	431.7451	1.285721	4.059412
5082	-8861.554	-9293.631	432.0765	1.285721	3.869813
5088	-8852.225	-9283.488	431.2634	1.117747	4.42768
5094	-8842.976	-9275.557	432.5801	1.297929	3.571839
5100	-8865.381	-9297.044	431.663	1.22212	4.142399
5106	-8851.723	-9283.562	431.8397	1.293995	4.000743
5112	-8851.26	-9283.451	432.191	1.293995	3.799211
5118	-8865.655	-9298.146	432.4914	1.246808	3.653021
5124	-8851.908	-9284.138	432.2302	1.288927	3.779569
5130	-8842.668	-9274.355	431.687	1.233111	4.122485
5136	-8843.67	-9275.428	431.7575	1.233111	4.082368
5142	-8855.659	-9287.567	431.9076	1.32766	3.942618
5148	-8849.182	-9281.042	431.8598	1.295209	3.988561
5154	-8855.975	-9287.5	431.525	1.232122	4.215124
5160	-8857.918	-9289.381	431.4633	1.202579	4.266845
5166	-8861.535	-9293.532	431.9969	1.218815	3.953794
5172	-8861.475	-9292.89	431.415	1.155302	4.320899
5178	-8861.483	-9292.808	431.3252	1.202731	4.344846
5184	-8856.458	-9288.543	432.0857	1.226463	3.898548
5190	-8857.446	-9290.195	432.7494	1.323389	3.458339
5196	-8852.331	-9284.522	432.1911	1.311372	3.789139
5202	-8875.005	-9306.729	431.724	1.151239	4.148011
5208	-8875.934	-9307.548	431.6141	1.213546	4.175086
5214	-8882.612	-9314.817	432.2046	1.377021	3.743522
5220	-8865.289	-9297.151	431.8616	1.318616	3.974101
5226	-8863.793	-9295.673	431.8794	1.300802	3.974101
5232	-8874.183	-9306.11	431.9268	1.291728	3.952178
5238	-8869.332	-9301.366	432.034	1.32173	3.873524
5244	-8862.333	-9293.657	431.3242	1.327025	4.275108
5250	-8869.173	-9301.157	431.9845	1.306025	3.910932
5256	-8866.567	-9298.973	432.4059	1.386863	3.621345
5262	-8861.376	-9293.258	431.882	1.275192	3.98726
5268	-8869.637	-9302.073	432.4358	1.378835	3.608709
5274	-8873.511	-9305.401	431.8903	1.362276	3.932691
5280	-8858.607	-9290.326	431.7186	1.323876	4.052774
5286	-8856.051	-9287.464	431.4129	1.271098	4.25657
5292	-8865.228	-9297.699	432.4717	1.309039	3.628371
5298	-8862.303	-9293.833	431.5296	1.3381	4.152322
5304	-8862.583	-9293.997	431.4143	1.165334	4.31565
5310	-8859.598	-9291.697	432.0993	1.356158	3.816205
5316	-8864.973	-9297.409	432.4363	1.31936	3.642873
5322	-8861.954	-9294.423	432.4686	1.304407	3.63283
5328	-8866.789	-9299.396	432.6072	1.304407	3.552332
5334	-8865.185	-9298.11	432.9253	1.385401	3.318754
5340	-8858.41	-9291.274	432.864	1.366707	3.365795
5346	-8854.039	-9286.7	432.6616	1.367727	3.483714
5352	-8856.857	-9288.653	431.7962	1.324715	4.008009
5358	-8860.618	-9292.613	431.9955	1.341308	3.884387
5364	-8860.6	-9293.931	433.3309	1.398588	3.070533
5370	-8876.639	-9309.366	432.7264	1.277643	3.498443
5376	-8883.509	-9316.18	432.6704	1.382188	3.470109
5382	-8862.135	-9295.357	433.2218	1.437386	3.112412
5388	-8861.874	-9295.7	433.8258	1.504958	2.706855
5394	-8880.936	-9314.849	433.9122	1.418493	2.706855
5400	-8870.255	-9302.226	431.9705	1.256952	3.947115
5406	-8859.917	-9291.975	432.0578	1.271126	3.888904
5412	-8864.871	-9296.73	431.8588	1.29116	3.991444
5418	-8859.2	-9291.265	432.065	1.267335	3.886992
5424	-8871.471	-9304.361	432.8902	1.315128	3.380725
5430	-8869.039	-9301.649	432.6095	1.325998	3.538438
5436	-8856.968	-9289.271	432.3032	1.333554	3.711679
5442	-8876.254	-9308.092	431.8384	1.307321	3.993835
5448	-8876.842	-9308.409	431.567	1.277999	4.165238
5454	-8856.505	-9288.128	431.6232	1.264539	4.140901
5460	-8868.69	-9300.817	432.1273	1.340086	3.809383
5466	-8864.04	-9296.447	432.407	1.241108	3.705159
5472	-8853.711	-9286.542	432.8311	1.344741	3.397984
5478	-8847.047	-9279.148	432.101	1.275106	3.86185
5484	-8838.476	-9270.695	432.2188	1.247941	3.809716
5490	-8857.087	-9288.969	431.8817	1.233185	4.011485
5496	-8841.295	-9273.472	432.1777	1.255683	3.828936
5502	-8828.75	-9261.024	432.2739	1.338052	3.726048
5508	-8834.648	-9266.238	431.5893	1.280987	4.15082
5514	-8858.817	-9290.772	431.9545	1.198163	3.989893
5520	-8852.679	-9284.647	431.9677	1.277882	3.936713
5526	-8847.155	-9279.172	432.0166	1.286369	3.903842
5532	-8876.664	-9309.744	433.0799	1.440703	3.194805
5538	-8877.025	-9309.907	432.8813	1.399871	3.336179
5544	-8873.293	-9305.8	432.5076	1.405908	3.551239
5550	-8876.516	-9309.017	432.5013	1.315352	3.607502
5556	-8872.947	-9305.751	432.804	1.324243	3.425886
5562	-8874.917	-9306.211	431.2935	1.208221	4.359638
5568	-8883.47	-9315.746	432.2758	1.254115	3.773367
5574	-8894.61	-9327.192	432.5821	1.277551	3.582518
5580	-8867.658	-9299.433	431.7744	1.159969	4.114388
5586	-8866.616	-9298.612	431.9966	1.178113	3.977243
5592	-8852.364	-9284.527	432.163	1.330371	3.794379
5598	-8862.981	-9294.434	431.4534	1.169306	4.291251
5604	-8868.656	-9300.314	431.6589	1.239944	4.134623
5610	-8848.896	-9280.96	432.0641	1.381909	3.821642
5616	-8857.652	-9290.502	432.8498	1.438617	3.331903
5622	-8868.757	-9301.192	432.4357	1.32514	3.639911
5628	-8873.223	-9306.147	432.9237	1.333121	3.350442
5634	-8867.622	-9298.739	431.1167	1.186952	4.471364
5640	-8859.484	-9290.207	430.7235	1.186952	4.692033
5646	-8849.11	-9280.154	431.0446	1.202339	4.503254
5652	-8842.418	-9273.822	431.4044	1.338065	4.223404
5658	-8837.986	-9270.723	432.7363	1.37457	3.436056
5664	-8842.048	-9275.156	433.1074	1.505891	3.139751
5670	-8853.352	-9285.693	432.341	1.324496	3.695057
5676	-8861.112	-9293.518	432.4062	1.286721	3.679246
5682	-8856.196	-9287.157	430.9608	1.267671	4.513634
5688	-8846.794	-9278.261	431.4668	1.267671	4.227974
5694	-8872.615	-9304.081	431.4659	1.16146	4.288635
5700	-8836.556	-9268.369	431.8131	1.188702	4.075964
5706	-8835.087	-9266.876	431.789	1.212884	4.075964
5712	-8829.571	-9261.599	432.0288	1.255693	3.914436
5718	-8836.197	-9267.841	431.644	1.2664	4.128054
5724	-8833.27	-9266.278	433.0075	1.40689	3.257658
5730	-8831.519	-9263.984	432.4645	1.393778	3.583309
5736	-8839.538	-9272.008	432.4696	1.367115	3.595884
5742	-8845.155	-9277.68	432.5252	1.31146	3.595884
5748	-8855.328	-9287.669	432.3412	1.326797	3.693635
5754	-8875.838	-9307.048	431.2096	1.174533	4.426013
5760	-8845.402	-9277.737	432.3355	1.345241	3.686252
5766	-8839.169	-9271.606	432.437	1.243738	3.686252
5772	-8845.039	-9276.86	431.8207	1.243598	4.040329
5778	-8835.915	-9267.884	431.9686	1.366149	3.885566
5784	-8842.895	-9274.482	431.5871	1.265743	4.16075
5790	-8851.365	-9282.087	430.722	1.090666	4.746724
5796	-8843.935	-9274.276	430.3409	1.155931	4.922838
5802	-8848.746	-9280.99	432.2441	1.269326	3.782841
5808	-8837.561	-9269.632	432.0709	1.271144	3.881412
5814	-8856.486	-9288.417	431.9316	1.255152	3.97036
5820	-8858.07	-9290.042	431.9717	1.337855	3.900044
5826	-8863.319	-9294.461	431.1424	1.201911	4.448476
5832	-8850.516	-9282.412	431.8954	1.344366	3.940019
5838	-8842.291	-9275.051	432.7603	1.420484	3.395077
5844	-8852.192	-9284.31	432.1184	1.301961	3.836427
5850	-8865.887	-9298.214	432.3265	1.336598	3.696449
5856	-8866.868	-9299.51	432.6414	1.314298	3.526637
5862	-8862.757	-9295.098	432.3413	1.417781	3.640904
5868	-8869.709	-9301.875	432.1661	1.363237	3.773703
5874	-8860.803	-9293.131	432.3275	1.313041	3.709499
5880	-8857.634	-9289.558	431.924	1.313041	3.941577
5886	-8859.446	-9290.638	431.1929	1.313255	4.357181
5892	-8866.439	-9299.329	432.8898	1.312893	3.382262
5898	-8880.417	-9313.154	432.7365	1.400123	3.420972
5904	-8860.339	-9292.263	431.9233	1.295633	3.951952
5910	-8852.041	-9284.773	432.7318	1.385523	3.432282
5916	-8846.36	-9278.403	432.0425	1.344944	3.855344
5922	-8861.829	-9294.703	432.8732	1.431534	3.32226
5928	-8862.382	-9294.409	432.0273	1.326983	3.87439
5934	-8859.564	-9291.945	432.3808	1.325441	3.67152
5940	-8844.37	-9276.641	432.2707	1.435528	3.67152
5946	-8846.072	-9277.489	431.4175	1.252371	4.264565
5952	-8858.926	-9291.036	432.1101	1.330945	3.824504
5958	-8847.704	-9279.58	431.8759	1.20558	4.030523
5964	-8841.444	-9272.42	430.9758	1.146847	4.573095
5970	-8831.982	-9263.508	431.5266	1.242543	4.208259
5976	-8835.397	-9266.906	431.5087	1.325388	4.1714
5982	-8847.624	-9279.959	432.3345	1.333672	3.693513
5988	-8836.197	-9268.753	432.5561	1.37473	3.541129
5994	-8841.044	-9272.379	431.3354	1.184011	4.349683
6000	-8842.73	-9274.494	431.7634	1.189875	4.103639
6006	-8845.604	-9277.466	431.8614	1.341453	3.961152
6012	-8869.156	-9300.787	431.631	1.205771	4.169891
6018	-8879.52	-9310.929	431.408	1.175625	4.313355
6024	-8866.486	-9298.313	431.8267	1.276744	4.017996
6030	-8851.979	-9283.816	431.8363	1.267114	4.017996
6036	-8864.458	-9297.111	432.6533	1.307121	3.523924
6042	-8867.638	-9298.741	431.1027	1.208577	4.467028
6048	-8863.465	-9295.06	431.5949	1.248176	4.16633
6054	-8846.296	-9278.925	432.6287	1.259919	3.565715
6060	-8862.214	-9294.567	432.3527	1.256716	3.727505
6066	-8867.868	-9300.272	432.4035	1.36981	3.632657
6072	-8869.914	-9302.42	432.5059	1.405838	3.552265
6078	-8864.121	-9297.198	433.0772	1.409223	3.215014
6084	-8860.068	-9291.915	431.8473	1.284786	4.001623
6090	-8852.158	-9284.095	431.9375	1.311674	3.934645
6096	-8855.719	-9288.193	432.4735	1.34006	3.609286
6102	-8859.748	-9291.646	431.8986	1.259166	3.98694
6108	-8861.511	-9293.368	431.8572	1.300581	3.98694
6114	-8848.778	-9280.917	432.1381	1.27928	3.838106
6120	-8861.215	-9294.051	432.836	1.443513	3.337144
6126	-8868.904	-9301.743	432.8388	1.451144	3.330992
6132	-8865.796	-9298.552	432.7561	1.369554	3.427405
6138	-8872.256	-9305.039	432.7836	1.342046	3.427405
6144	-8854.491	-9286.611	432.12	1.375927	3.792942
6150	-8861.746	-9293.848	432.102	1.248028	3.876811
6156	-8857.181	-9288.873	431.692	1.290747	4.086848
6162	-8858.94	-9290.786	431.8459	1.259487	4.016888
6168	-8870.895	-9303.567	432.672	1.379774	3.470587
6174	-8867.019	-9298.361	431.3414	1.24485	4.311894
6180	-8851.695	-9283.653	431.9582	1.238349	3.964783
6186	-8860.467	-9291.484	431.0169	1.178949	4.531966
6192	-8860.805	-9292.071	431.2652	1.184965	4.388786
6198	-8869.853	-9301.771	431.9181	1.231805	3.991472
6204	-8851.242	-9283.395	432.1531	1.281576	3.828176
6210	-8850.963	-9282.879	431.9161	1.26912	3.971245
6216	-8857.357	-9289.271	431.914	1.27125	3.971245
6222	-8842.82	-9274.563	431.7426	1.323651	4.039216
6228	-8843.768	-9276.057	432.2883	1.283377	3.74927
6234	-8846.913	-9278.169	431.256	1.256771	4.353411
6240	-8856.488	-9287.957	431.4694	1.263642	4.228733
6246	-8874.417	-9306.094	431.6773	1.223918	4.133256
6252	-8878.889	-9311.059	432.17	1.249932	3.836684
6258	-8881.483	-9313.51	432.0262	1.249932	3.919187
6264	-8878.946	-9311.553	432.6071	1.303209	3.553099
6270	-8877.855	-9310.407	432.5516	1.328476	3.57066
6276	-8875.678	-9308.263	432.5857	1.294434	3.57066
6282	-8859.78	-9291.31	431.5299	1.233046	4.211827
6288	-8857.725	-9289.859	432.1342	1.278552	3.840765
6294	-8873.519	-9306.635	433.1157	1.376391	3.211705
6300	-8879.131	-9311.727	432.5954	1.323392	3.548116
6306	-8859.634	-9292.366	432.7318	1.342524	3.457432
6312	-8856.417	-9288.717	432.2998	1.355868	3.700736
6318	-8862.422	-9294.984	432.5623	1.297967	3.582151
6324	-8871.615	-9302.349	430.7338	1.182241	4.688934
6330	-8862.737	-9293.83	431.0932	1.161945	4.498668
6336	-8862.183	-9294.268	432.0851	1.255561	3.882187
6342	-8866.087	-9299.05	432.963	1.420706	3.275753
6348	-8870.604	-9302.999	432.3953	1.379397	3.631841
6354	-8841.052	-9273.058	432.0065	1.289726	3.907715
6360	-8846.913	-9278.93	432.0167	1.279462	3.907715
6366	-8850.063	-9282.459	432.3957	1.257193	3.702339
6372	-8852.411	-9284.014	431.6035	1.237929	4.167266
6378	-8847.361	-9279.33	431.9686	1.242138	3.956657
6384	-8855.072	-9287.022	431.9496	1.23959	3.96899
6390	-8840.766	-9272.865	432.0992	1.356834	3.815921
6396	-8846.154	-9278.785	432.6311	1.425646	3.467706
6402	-8843.462	-9275.965	432.5023	1.346096	3.589098
6408	-8848.506	-9280.774	432.2673	1.346096	3.72521
6414	-8839.968	-9272.718	432.7502	1.346096	3.444569
6420	-8838.078	-9270.043	431.9652	1.248178	3.95516
6426	-8830.497	-9261.928	431.4312	1.248178	4.25919
6432	-8837.079	-9268.998	431.9197	1.289128	3.957728
6438	-8847.279	-9278.691	431.4125	1.304261	4.238
6444	-8840.355	-9271.635	431.2797	1.219896	4.360869
6450	-8855.101	-9286.834	431.7329	1.285441	4.066583
6456	-8854.95	-9286.454	431.5037	1.237724	4.224034
6462	-8841.308	-9273.07	431.7622	1.252726	4.068511
6468	-8839.624	-9271.749	432.125	1.30832	3.828979
6474	-8859.181	-9291.731	432.5502	1.271964	3.604338
6480	-8848.517	-9281.8	433.2833	1.395904	3.100493
6486	-8853.726	-9286.375	432.6493	1.32255	3.51726
6492	-8849.423	-9282.427	433.0032	1.357251	3.289484
6498	-8834.675	-9267.319	432.6445	1.39813	3.475962
6504	-8847.457	-9280.44	432.9834	1.39813	3.277058
6510	-8843.243	-9276.309	433.0655	1.469333	3.186366
6516	-8835.959	-9268.479	432.5198	1.45508	3.515498
6522	-8831.202	-9263.91	432.7082	1.398569	3.438473
6528	-8837.79	-9271.016	433.226	1.342402	3.166434
6534	-8848.618	-9281.243	432.6248	1.345433	3.518174
6540	-8836.484	-9269.355	432.8715	1.361797	3.364266
6546	-8845.67	-9278.159	432.4893	1.39994	3.565355
6552	-8842.165	-9274.051	431.8857	1.327403	3.955288
6558	-8851.193	-9283.659	432.4666	1.278262	3.649156
6564	-8858.587	-9290.978	432.3907	1.278262	3.69306
6570	-8857.406	-9288.662	431.2565	1.266909	4.347426
6576	-8866.869	-9298.92	432.0507	1.31014	3.870611
6582	-8868.471	-9300.692	432.2208	1.315656	3.769593
6588	-8859.102	-9290.559	431.4571	1.256178	4.239941
6594	-8878.362	-9310.587	432.2252	1.410544	3.712278
6600	-8860.159	-9291.782	431.6225	1.295084	4.123922
6606	-8860.174	-9290.958	430.7839	1.192399	4.655156
6612	-8860.328	-9291.472	431.1434	1.186831	4.456388
6618	-8851.428	-9282.733	431.3053	1.284992	4.309597
6624	-8847.142	-9279.324	432.1818	1.286484	3.808846
6630	-8850.804	-9283.385	432.5812	1.385975	3.519975
6636	-8854.717	-9287.271	432.5542	1.37395	3.542714
6642	-8842.046	-9274.035	431.9899	1.312686	3.904021
6648	-8855.476	-9288.12	432.6442	1.299811	3.533435
6654	-8853.932	-9285.885	431.9527	1.260863	3.955055
6660	-8857.374	-9289.5	432.1257	1.222604	3.877799
6666	-8851.617	-9283.362	431.7451	1.224051	4.094612
6672	-8863.68	-9295.549	431.8691	1.284269	3.989487
6678	-8866.706	-9299.227	432.521	1.271827	3.621315
6684	-8855.656	-9288.283	432.6268	1.26473	3.564021
6690	-8867.222	-9299.269	432.0474	1.376083	3.834625
6696	-8848.786	-9280.701	431.9151	1.289925	3.959932
6702	-8850.111	-9282.031	431.9207	1.284338	3.959932
6708	-8845.281	-9276.877	431.596	1.233122	4.174256
6714	-8850.329	-9282.554	432.2252	1.27029	3.793214
6720	-8840.601	-9272.565	431.9636	1.215819	3.974565
6726	-8846.012	-9277.976	431.9636	1.215819	3.974565
6732	-8859.5	-9291.094	431.5943	1.15098	4.221847
6738	-8848.648	-9280.175	431.5269	1.218348	4.221847
6744	-8849.886	-9281.116	431.2301	1.222918	4.387158
6750	-8845.778	-9276.813	431.0346	1.274628	4.468186
6756	-8856.865	-9289.048	432.1828	1.306035	3.797043
6762	-8859.212	-9290.19	430.9776	1.157558	4.566082
6768	-8868.164	-9299.933	431.7694	1.227937	4.07851
6774	-8861.094	-9293.255	432.1616	1.298347	3.81366
6780	-8862.593	-9294.178	431.5849	1.212514	4.19225
6786	-8863.686	-9295.9	432.2135	1.305144	3.779865
6792	-8863.884	-9296.701	432.8163	1.281723	3.44357
6798	-8838.504	-9271.059	432.5558	1.284147	3.59401
6804	-8849.49	-9282.238	432.7478	1.269096	3.490961
6810	-8850.592	-9282.337	431.745	1.262116	4.072929
6816	-8850.634	-9282.904	432.2697	1.28284	3.760291
6822	-8858.861	-9291.366	432.505	1.28284	3.624256
6828	-8864.243	-9296.446	432.2036	1.252525	3.815873
6834	-8858.88	-9291.984	433.1038	1.451479	3.174248
6840	-8866.835	-9299.616	432.7814	1.4722	3.352355
6846	-8868.724	-9301.693	432.9689	1.49069	3.230915
6852	-8856.8	-9288.655	431.8556	1.265046	4.008178
6858	-8851.718	-9284.019	432.301	1.265046	3.752547
6864	-8841.971	-9275.084	433.1134	1.365104	3.219695
6870	-8852.055	-9284.288	432.2331	1.347378	3.7442
6876	-8853.657	-9285.966	432.3089	1.254349	3.754109
6882	-8869.649	-9301.747	432.0982	1.197623	3.907922
6888	-8864.433	-9296.033	431.5995	1.283974	4.14336
6894	-8845.3	-9276.627	431.3272	1.186474	4.352935
6900	-8838.184	-9270.276	432.0916	1.314301	3.844743
6906	-8842.808	-9274.861	432.0529	1.352977	3.844743
6912	-8850.714	-9282.95	432.2358	1.30354	3.767928
6918	-8848.666	-9280.671	432.0059	1.241905	3.935436
6924	-8844.411	-9276.192	431.7814	1.241905	4.063735
6930	-8852.284	-9284.691	432.4074	1.382208	3.623215
6936	-8855.884	-9288.295	432.4108	1.359882	3.634183
6942	-8842.253	-9274.331	432.0784	1.272069	3.876586
6948	-8852.88	-9285.178	432.2979	1.279143	3.746177
6954	-8870.188	-9301.15	430.9615	1.135128	4.587719
6960	-8846.036	-9277.789	431.753	1.352001	4.01709
6966	-8843.281	-9275.503	432.2217	1.409827	3.714727
6972	-8842.031	-9274.202	432.1712	1.352859	3.776713
6978	-8841.687	-9273.887	432.2003	1.358742	3.756539
6984	-8846.927	-9278.588	431.661	1.419545	4.031097
6990	-8843.812	-9276.406	432.5932	1.376144	3.518685
6996	-8853.899	-9287.683	433.7845	1.543764	2.708393
7002	-8858.095	-9291.895	433.7998	1.528377	2.708393
7008	-8863.217	-9296.544	433.327	1.480942	3.023604
7014	-8841.932	-9275.184	433.2512	1.42832	3.100293
7020	-8859.385	-9292.737	433.3516	1.477237	3.011077
7026	-8851.568	-9284.548	432.98	1.412653	3.270488
7032	-8843.042	-9275.987	432.9451	1.351374	3.327176
7038	-8849.998	-9283.177	433.1792	1.351374	3.188904
7044	-8854.345	-9286.83	432.4852	1.314516	3.617351
7050	-8856.003	-9288.503	432.5007	1.298981	3.617351
7056	-8858.217	-9290.214	431.9974	1.297229	3.908593
7062	-8861.598	-9292.976	431.3777	1.232528	4.298344
7068	-8848.528	-9280.273	431.7446	1.22835	4.092441
7074	-8840.49	-9273.345	432.8553	1.334493	3.389809
7080	-8854.14	-9286.546	432.406	1.367422	3.632574
7086	-8863.014	-9295.106	432.0916	1.33502	3.83284
7092	-8852.666	-9284.692	432.0263	1.236952	3.92658
7098	-8851.577	-9283.55	431.9732	1.290075	3.92658
7104	-8857.305	-9289.265	431.9594	1.287116	3.936185
7110	-8850.762	-9282.668	431.9066	1.240783	3.992878
7116	-8860.094	-9291.827	431.7331	1.165189	4.134895
7122	-8859.026	-9291.566	432.5407	1.296794	3.595434
7128	-8860.461	-9292.48	432.0189	1.298869	3.895353
7134	-8851.744	-9283.85	432.1059	1.211868	3.895353
7140	-8859.556	-9291.2	431.6433	1.286157	4.117196
7146	-8859.451	-9291.888	432.4378	1.400619	3.594855
7152	-8859.866	-9292.129	432.2632	1.343595	3.728979
7158	-8849.98	-9282.801	432.8216	1.327512	3.413637
7164	-8854.73	-9287.468	432.7377	1.459646	3.385395
7170	-8852.588	-9284.981	432.3933	1.358483	3.645113
7176	-8853.813	-9286.325	432.5116	1.240198	3.645113
7182	-8862.666	-9294.913	432.2463	1.290193	3.769534
7188	-8861.479	-9293.339	431.8602	1.290193	3.991163
7194	-8849.854	-9281.819	431.9648	1.33889	3.903379
7200	-8861.746	-9294.018	432.2717	1.421094	3.679289
7206	-8848.459	-9280.854	432.3945	1.421094	3.608146
7212	-8858.142	-9290.901	432.7592	1.421094	3.395402
7218	-8863.715	-9296.186	432.4714	1.47049	3.534704
7224	-8850.551	-9283.186	432.6352	1.349031	3.510004
7230	-8851.89	-9284.558	432.6678	1.32281	3.506281
7236	-8858.458	-9290.927	432.4692	1.380314	3.588409
7242	-8852.952	-9284.817	431.8652	1.207154	4.035731
7248	-8856.503	-9287.785	431.2828	1.207154	4.366298
7254	-8858.173	-9290.639	432.4654	1.407149	3.575041
7260	-8853.233	-9285.923	432.6901	1.407149	3.444033
7266	-8839.264	-9272.262	432.9987	1.40934	3.261379
7272	-8847.155	-9280.154	432.9987	1.40934	3.261379
7278	-8844.462	-9277.461	432.9987	1.40934	3.261379
7284	-8852.005	-9284.874	432.8692	1.326139	3.386556
7290	-8850.506	-9282.967	432.4609	1.385161	3.590439
7296	-8848.583	-9281.533	432.9496	1.395835	3.29831
7302	-8857.566	-9290.395	432.8288	1.347479	3.39776
7308	-8866.03	-9299.084	433.0539	1.439598	3.210826
7314	-8866.577	-9299.655	433.0778	1.415706	3.210826
7320	-8891.408	-9322.815	431.4076	1.255526	4.26837
7326	-8884.934	-9317.255	432.3209	1.321133	3.708631
7332	-8854.729	-9286.336	431.6079	1.233883	4.16706
7338	-8856.438	-9288.033	431.5949	1.246867	4.16706
7344	-8843.133	-9274.491	431.3573	1.306747	4.267834
7350	-8853.344	-9284.696	431.3524	1.311646	4.267834
7356	-8841.059	-9273.287	432.2274	1.334222	3.755081
7362	-8835.448	-9267.309	431.8613	1.380713	3.938732
7368	-8850.691	-9283.193	432.502	1.298523	3.616864
7374	-8845.863	-9277.599	431.7357	1.246502	4.087146
7380	-8854.184	-9285.678	431.4944	1.284862	4.202556
7386	-8845.811	-9277.685	431.8734	1.282317	3.988149
7392	-8844.423	-9276.897	432.4739	1.32531	3.617627
7398	-8852.035	-9284.037	432.0019	1.315303	3.895631
7404	-8843.873	-9275.85	431.9767	1.288425	3.925524
7410	-8845.141	-9277.358	432.217	1.321171	3.768598
7416	-8839.507	-9271.561	432.0545	1.272208	3.890231
7422	-8842.863	-9275.091	432.2276	1.384176	3.7261
7428	-8844.897	-9277.409	432.5126	1.359071	3.575534
7434	-8838.742	-9270.127	431.3857	1.244538	4.287008
7440	-8840.859	-9272.554	431.6952	1.250534	4.107903
7446	-8840.623	-9271.967	431.344	1.250534	4.307186
7452	-8857.168	-9289.374	432.2054	1.281201	3.798326
7458	-8856.316	-9287.977	431.6606	1.265877	4.118897
7464	-8864.61	-9296.893	432.2835	1.323602	3.728816
7470	-8855.725	-9287.47	431.7444	1.267889	4.069986
7476	-8846.454	-9278.197	431.743	1.296379	4.054538
7482	-8833.398	-9264.991	431.5933	1.285748	4.145849
7488	-8830.719	-9262.172	431.4529	1.253142	4.244053
7494	-8831.999	-9264.22	432.2211	1.333622	3.759062
7500	-8839.439	-9271.048	431.6093	1.346783	4.102035
7506	-8845.904	-9278.471	432.5669	1.383715	3.529642
7512	-8856.122	-9288.265	432.1429	1.403324	3.76396
7518	-8846.961	-9278.341	431.3793	1.335651	4.238999
7524	-8857.839	-9289.296	431.4567	1.254354	4.241233
7530	-8845.415	-9277.291	431.8762	1.290951	3.98162
7536	-8846.991	-9278.81	431.8184	1.282685	4.019355
7542	-8841.837	-9273.358	431.5204	1.298995	4.179773
7548	-8840.547	-9272.655	432.1088	1.248078	3.872891
7554	-8841.143	-9273.157	432.0131	1.219487	3.944142
7560	-8836.053	-9267.269	431.2159	1.235853	4.387858
7566	-8834.824	-9266.039	431.2147	1.200702	4.408388
7572	-8837.635	-9268.945	431.3099	1.159231	4.37804
7578	-8844.813	-9275.815	431.0015	1.200595	4.52845
7584	-8843.477	-9274.494	431.0173	1.184798	4.52845
7590	-8843.756	-9275.745	431.9896	1.215037	3.960147
7596	-8841.335	-9273.036	431.7018	1.241243	4.10947
7602	-8836.647	-9268.12	431.473	1.241243	4.239402
7608	-8837.783	-9269.479	431.696	1.153724	4.162515
7614	-8837.54	-9269.257	431.7176	1.319102	4.056113
7620	-8847.324	-9279.996	432.6718	1.312877	3.50975
7626	-8837.724	-9270.139	432.4154	1.334969	3.645961
7632	-8847.551	-9279.971	432.4197	1.330613	3.645961
7638	-8861.624	-9293.291	431.667	1.247125	4.1259
7644	-8873.968	-9305.539	431.5708	1.221894	4.194934
7650	-8861.481	-9293.407	431.9259	1.265096	3.967971
7656	-8847.27	-9279.249	431.9783	1.29378	3.921534
7662	-8851.51	-9283.471	431.9613	1.328576	3.911308
7668	-8846.354	-9278.497	432.1438	1.369533	3.782931
7674	-8851.737	-9283.468	431.7306	1.269823	4.076766
7680	-8853.074	-9284.565	431.4908	1.232914	4.234076
7686	-8857.988	-9290.176	432.1884	1.356534	3.764691
7692	-8859.447	-9291.577	432.1306	1.390157	3.778655
7698	-8855.21	-9288.177	432.9669	1.411774	3.278726
7704	-8848.939	-9281.045	432.106	1.303757	3.842522
7710	-8851.406	-9283.381	431.9748	1.188181	3.983995
7716	-8852.973	-9283.622	430.6484	1.228458	4.71083
7722	-8857.061	-9289.085	432.0234	1.333471	3.872914
7728	-8866.792	-9299.905	433.1138	1.42623	3.18329
7734	-8868.306	-9299.931	431.6243	1.199078	4.177496
7740	-8864.525	-9297.458	432.9331	1.334466	3.344148
7746	-8858.554	-9290.898	432.3439	1.345349	3.681332
7752	-8852.602	-9284.016	431.4143	1.268696	4.25713
7758	-8852.589	-9284.003	431.4143	1.268696	4.25713
7764	-8850.405	-9282.277	431.8714	1.252958	4.006032
7770	-8864.61	-9296.36	431.7497	1.292095	4.053185
7776	-8866.265	-9297.285	431.0207	1.265573	4.481114
7782	-8858.559	-9290.729	432.1702	1.325514	3.793069
7788	-8868.313	-9300.29	431.9766	1.310541	3.912876
7794	-8848.967	-9280.581	431.614	1.30471	4.1233
7800	-8858.807	-9290.465	431.6585	1.217265	4.147741
7806	-8848.636	-9280.771	432.1351	1.254719	3.853998
7812	-8859.204	-9291.008	431.8038	1.335611	3.997451
7818	-8854.834	-9287.152	432.3172	1.350423	3.69385
7824	-8848.688	-9281.089	432.4014	1.321982	3.661602
7830	-8853.711	-9285.79	432.0784	1.304851	3.85776
7836	-8850.382	-9283.252	432.8693	1.304533	3.399155
7842	-8849.296	-9282.568	433.2723	1.356112	3.130739
7848	-8858.102	-9290.581	432.4792	1.378568	3.583649
7854	-8874.744	-9306.768	432.0245	1.331191	3.873558
7860	-8848.43	-9280.699	432.2686	1.225014	3.794282
7866	-8847.33	-9278.875	431.5453	1.224304	4.208
7872	-8848.997	-9280.822	431.8249	1.231714	4.044719
7878	-8850.02	-9281.725	431.7044	1.315271	4.065786
7884	-8863.026	-9295.67	432.6438	1.315271	3.524701
7890	-8841.649	-9273.82	432.1712	1.315271	3.798389
7896	-8844.984	-9276.698	431.7137	1.31185	4.062459
7902	-8862.233	-9293.974	431.7417	1.223429	4.09688
7908	-8855.49	-9287.259	431.7691	1.184145	4.103639
7914	-8857.363	-9288.945	431.582	1.308374	4.139422
7920	-8867.076	-9298.28	431.2048	1.226138	4.399622
7926	-8863.394	-9295.201	431.807	1.210176	4.067241
7932	-8849.624	-9281.337	431.7135	1.2272	4.110763
7938	-8859.161	-9291.245	432.0839	1.306349	3.853728
7944	-8849.553	-9282.538	432.9855	1.336151	3.312329
7950	-8842.853	-9275.67	432.817	1.428558	3.357086
7956	-8848.297	-9281.567	433.2694	1.356179	3.132432
7962	-8848.81	-9280.602	431.792	1.257286	4.048914
7968	-8857.27	-9289.114	431.844	1.280137	4.0062
7974	-8843.812	-9276.539	432.7269	1.390771	3.432099
7980	-8850.096	-9283.065	432.9686	1.360845	3.307724
7986	-8842.626	-9274.491	431.8656	1.279633	3.994144
7992	-8872.79	-9304.602	431.8118	1.233412	4.051258
7998	-8870.392	-9301.87	431.4781	1.233412	4.240978
8004	-8853.557	-9284.985	431.4276	1.283906	4.240978
8010	-8852.501	-9284.016	431.5153	1.257192	4.206382
8016	-8855.795	-9287.661	431.8659	1.289497	3.988302
8022	-8864.118	-9295.049	430.9308	1.182826	4.578167
8028	-8870.341	-9301.145	430.8043	1.182826	4.649078
8034	-8841.635	-9274.799	433.164	1.428445	3.152148
8040	-8847.252	-9280.363	433.1115	1.437138	3.178174
8046	-8860.861	-9293.837	432.9758	1.352358	3.308515
8052	-8852.24	-9284.679	432.4388	1.351257	3.62292
8058	-8859.29	-9291.648	432.3581	1.24531	3.73093
8064	-8842.002	-9273.518	431.516	1.213335	4.230857
8070	-8855.427	-9288.42	432.9929	1.394938	3.273339
8076	-8851.433	-9283.379	431.946	1.332819	3.917693
8082	-8853.516	-9285.929	432.4125	1.309991	3.662082
8088	-8859.893	-9292.731	432.8382	1.364505	3.382223
8094	-8860.265	-9293.568	433.303	1.464293	3.047926
8100	-8837.822	-9271.043	433.2212	1.344333	3.168107
8106	-8854.954	-9286.065	431.1111	1.277601	4.423421
8112	-8853.99	-9285.623	431.6331	1.268258	4.133191
8118	-8851.67	-9283.696	432.0262	1.304126	3.888121
8124	-8860.833	-9293.44	432.6069	1.286042	3.563194
8130	-8858.082	-9289.836	431.7542	1.256477	4.070907
8136	-8834.897	-9266.572	431.6754	1.335277	4.070907
8142	-8830.114	-9262.487	432.373	1.32638	3.675464
8148	-8829.2	-9261.67	432.4704	1.334665	3.614259
8154	-8836.153	-9268.7	432.5472	1.376499	3.54529
8160	-8847.93	-9279.111	431.1807	1.194909	4.430805
8166	-8849.788	-9280.417	430.6285	1.21811	4.727757
8172	-8844.739	-9276.23	431.4913	1.199806	4.252559
8178	-8852.461	-9284.263	431.8023	1.27198	4.034665
8184	-8845.38	-9277.213	431.833	1.246788	4.031483
8190	-8850.626	-9282.807	432.1815	1.268686	3.819253
8196	-8849.223	-9281.669	432.4462	1.30645	3.64462
8202	-8858.805	-9290.984	432.1792	1.241306	3.836334
8208	-8858.855	-9290.507	431.6512	1.241306	4.138215
8214	-8863.871	-9296.672	432.8017	1.342674	3.416466
8220	-8854.404	-9286.219	431.8157	1.26923	4.028575
8226	-8864.06	-9297.238	433.1776	1.362437	3.183267
8232	-8862.812	-9294.374	431.5626	1.260756	4.177503
8238	-8857.173	-9288.987	431.8136	1.300776	4.01178
8244	-8862.958	-9294.682	431.7231	1.206039	4.117343
8250	-8858.436	-9289.976	431.5402	1.218101	4.214459
8256	-8858.985	-9290.949	431.9638	1.190203	3.989126
8262	-8850.475	-9280.813	430.338	1.097793	4.956838
8268	-8858.539	-9289.666	431.1274	1.170253	4.474736
8274	-8858.089	-9288.202	430.113	1.160661	5.046891
8280	-8850.563	-9281.498	430.9353	1.125891	4.607588
8286	-8865.918	-9296.788	430.8695	1.069565	4.676004
8292	-8852.56	-9283.43	430.8695	1.069565	4.676004
8298	-8838.55	-9270.082	431.5322	1.179344	4.240952
8304	-8852.728	-9284.239	431.5108	1.211769	4.234697
8310	-8856.761	-9288.068	431.3074	1.265902	4.319202
8316	-8870.586	-9302.345	431.7588	1.316785	4.033875
8322	-8871.72	-9303.493	431.7733	1.346224	4.008817
8328	-8865.971	-9297.566	431.5957	1.188082	4.199962
8334	-8872.236	-9302.884	430.6482	1.217473	4.717074
8340	-8854.597	-9286.783	432.1859	1.212437	3.849091
8346	-8846.85	-9277.79	430.9407	1.212437	4.555962
8352	-8837.847	-9270.076	432.2282	1.298778	3.775025
8358	-8844	-9275.622	431.6216	1.237398	4.157279
8364	-8829.948	-9260.961	431.0125	1.211217	4.516305
8370	-8835.69	-9266.035	430.3448	1.198229	4.897121
8376	-8838.811	-9270.594	431.7832	1.198229	4.087574
8382	-8828.187	-9260.42	432.2327	1.37759	3.727008
8388	-8830.677	-9262.751	432.0742	1.397281	3.806996
8394	-8837.208	-9269.428	432.2197	1.420476	3.709744
8400	-8830.444	-9263.175	432.7318	1.420476	3.411818
8406	-8837.548	-9270.415	432.8667	1.424716	3.330129
8412	-8837.581	-9270.468	432.8863	1.40512	3.330129
8418	-8846.606	-9279.684	433.0776	1.358895	3.244545
8424	-8856.412	-9289.131	432.7187	1.399709	3.431615
8430	-8844.906	-9277.48	432.5742	1.340283	3.550642
8436	-8846.598	-9278.007	431.4097	1.237232	4.277533
8442	-8843.876	-9275.476	431.6007	1.23523	4.170392
8448	-8848.219	-9279.156	430.9366	1.274362	4.523471
8454	-8852.386	-9284.839	432.4524	1.320467	3.632929
8460	-8856.957	-9288.878	431.9215	1.279736	3.962092
8466	-8853.345	-9285.951	432.6058	1.364014	3.518451
8472	-8867.187	-9299.716	432.5285	1.452761	3.511761
8478	-8866.361	-9299.488	433.1264	1.496526	3.133999
8484	-8864.03	-9297.273	433.2432	1.407859	3.117281
8490	-8863.843	-9295.828	431.9844	1.333112	3.895491
8496	-8859.345	-9290.806	431.4607	1.243287	4.245211
8502	-8856.898	-9287.559	430.6606	1.179618	4.731303
8508	-8862.901	-9293.344	430.4436	1.17162	4.85693
8514	-8847.821	-9279.333	431.512	1.259455	4.206979
8520	-8849.103	-9280.659	431.5558	1.287251	4.166291
8526	-8857.301	-9288.907	431.6059	1.237194	4.166291
8532	-8854.784	-9286.676	431.8919	1.234465	4.004915
8538	-8844.961	-9276.787	431.8258	1.283166	4.014848
8544	-8847.815	-9279.625	431.81	1.310049	4.008504
8550	-8842.68	-9274.593	431.9134	1.32137	3.942906
8556	-8848.355	-9280.269	431.9144	1.32036	3.942906
8562	-8849.417	-9281.338	431.9216	1.313156	3.942906
8568	-8851.981	-9283.873	431.8918	1.315592	3.958552
8574	-8872.584	-9303.887	431.3034	1.296983	4.303896
8580	-8853.321	-9285.574	432.2529	1.296243	3.762252
8586	-8854.224	-9285.533	431.3093	1.214795	4.347028
8592	-8852.882	-9283.639	430.7572	1.140483	4.699199
8598	-8857.811	-9288.795	430.9842	1.214502	4.530382
8604	-8847.07	-9278.989	431.9188	1.163433	4.030119
8610	-8842.328	-9273.592	431.2636	1.223157	4.368092
8616	-8859.048	-9290.104	431.0562	1.263735	4.462165
8622	-8867.46	-9298.36	430.8995	1.203357	4.584224
8628	-8849.214	-9279.565	430.351	1.192442	4.896929
8634	-8851.995	-9283.85	431.8549	1.194598	4.04877
8640	-8855.034	-9286.452	431.4179	1.226226	4.279135
8646	-8843.83	-9275.264	431.4334	1.21074	4.279135
8652	-8848.096	-9280.665	432.5691	1.26083	3.599806
8658	-8851.849	-9283.662	431.8136	1.153456	4.09575
8664	-8848.305	-9280.443	432.138	1.284547	3.835186
8670	-8843.629	-9276.004	432.3749	1.388125	3.63864
8676	-8837.476	-9269.98	432.5045	1.386452	3.564359
8682	-8879.962	-9311.34	431.3781	1.322058	4.2474
8688	-8871.11	-9302.907	431.797	1.310926	4.015412
8694	-8848.418	-9281.939	433.5206	1.416652	2.945908
8700	-8857.345	-9288.864	431.5188	1.284658	4.188783
8706	-8869.194	-9301.749	432.555	1.441379	3.502949
8712	-8850.935	-9283.871	432.9354	1.328533	3.346276
8718	-8853.999	-9286.214	432.2159	1.377457	3.736786
8724	-8867.149	-9299.898	432.7486	1.35368	3.441069
8730	-8868.212	-9300.497	432.2848	1.268468	3.759871
8736	-8847.809	-9279.355	431.5469	1.274164	4.178836
8742	-8848.318	-9280.175	431.8567	1.199632	4.044872
8748	-8854.933	-9286.257	431.3241	1.262326	4.311819
8754	-8859.743	-9291.524	431.7809	1.231278	4.07007
8760	-8843.073	-9274.346	431.273	1.224165	4.362232
8766	-8848.636	-9279.61	430.9739	1.234449	4.524935
8772	-8829.982	-9261.699	431.7171	1.173224	4.139457
8778	-8849.123	-9281.216	432.093	1.266621	3.871328
8784	-8852.081	-9284.592	432.5111	1.333421	3.591329
8790	-8843.704	-9274.962	431.2577	1.262698	4.349095
8796	-8851.472	-9282.278	430.8057	1.178442	4.650755
8802	-8866.192	-9299.44	433.2481	1.488822	3.066074
8808	-8851.475	-9284.54	433.065	1.456606	3.194179
8814	-8839.678	-9271.533	431.8549	1.305164	3.985617
8820	-8846.084	-9278.584	432.5005	1.373869	3.574011
8826	-8844.079	-9276.925	432.8458	1.373869	3.372274
8832	-8854.124	-9286.677	432.5527	1.283079	3.596387
8838	-8851.325	-9283.037	431.7124	1.298873	4.070581
8844	-8856.255	-9289.521	433.2666	1.471425	3.065384
8850	-8849.334	-9281.396	432.0623	1.438102	3.790363
8856	-8842.062	-9274.176	432.1134	1.42608	3.767816
8862	-8845.075	-9277.669	432.5937	1.35571	3.530289
8868	-8833.289	-9264.836	431.5477	1.294021	4.167051
8874	-8845.649	-9277.776	432.1269	1.261977	3.854529
8880	-8837.446	-9268.731	431.2848	1.291861	4.317299
8886	-8840.061	-9272.459	432.3988	1.359382	3.641414
8892	-8835.322	-9267.402	432.0803	1.373745	3.817033
8898	-8832.038	-9264.548	432.5097	1.379317	3.565438
8904	-8844.24	-9276.82	432.5809	1.36573	3.531946
8910	-8862.576	-9295.319	432.7431	1.427831	3.400866
8916	-8866.357	-9299.231	432.8738	1.392123	3.345101
8922	-8851.937	-9285.104	433.1673	1.420986	3.154611
8928	-8845.431	-9277.928	432.4971	1.362451	3.582622
8934	-8834.84	-9266.246	431.4069	1.19497	4.303031
8940	-8830.633	-9262.533	431.9003	1.263826	3.983295
8946	-8843.631	-9275.258	431.6271	1.372443	4.077299
8952	-8844.439	-9275.869	431.4308	1.372443	4.188943
8958	-8830.514	-9262.58	432.066	1.271173	3.884172
8964	-8834.203	-9266.184	431.9802	1.29524	3.919614
8970	-8846.104	-9278.12	432.016	1.259423	3.919614
8976	-8844.232	-9275.597	431.3649	1.339535	4.244971
8982	-8848.707	-9280.416	431.7088	1.23539	4.108813
8988	-8865.681	-9297.11	431.4286	1.280441	4.24239
8994	-8871.112	-9302.511	431.3996	1.174695	4.318658
9000	-8865.256	-9297.395	432.1386	1.317673	3.815789
9006	-8845.239	-9277.454	432.2148	1.317673	3.771856
9012	-8845.936	-9277.763	431.8275	1.231295	4.043458
9018	-8851.495	-9283.123	431.6281	1.285772	4.126068
9024	-8845.221	-9277.268	432.0476	1.285772	3.886404
9030	-8846.76	-9278.835	432.0744	1.282794	3.872697
9036	-8851.863	-9283.795	431.9314	1.315251	3.936119
9042	-8858.725	-9290.736	432.0115	1.23512	3.936119
9048	-8852.546	-9284.387	431.8412	1.23322	4.034544
9054	-8857.716	-9288.886	431.1705	1.161646	4.455307
9060	-8859.161	-9291.5	432.339	1.210648	3.761978
9066	-8859.665	-9291.947	432.2823	1.257752	3.767536
9072	-8855.17	-9287.462	432.292	1.308117	3.732867
9078	-8847.178	-9279.559	432.3814	1.308117	3.681167
9084	-8855.398	-9287.789	432.3915	1.298073	3.681167
9090	-8870.354	-9302.507	432.1538	1.268451	3.835337
9096	-8871.13	-9302.663	431.533	1.317216	4.162265
9102	-8855.199	-9287.727	432.5286	1.374066	3.5575
9108	-8856.602	-9289.105	432.5034	1.399341	3.5575
9114	-8846.877	-9278.674	431.7975	1.334708	4.001578
9120	-8842.516	-9275.182	432.6662	1.351589	3.490464
9126	-8835.027	-9267.152	432.1249	1.263922	3.854572
9132	-8834.963	-9267.383	432.42	1.344906	3.637535
9138	-8836.821	-9268.816	431.9948	1.257175	3.933034
9144	-8842.29	-9274.506	432.2163	1.319627	3.769874
9150	-8841.155	-9273.617	432.4627	1.270522	3.655885
9156	-8850.256	-9282.661	432.4054	1.327784	3.655885
9162	-8847.021	-9279.173	432.1525	1.239284	3.852867
9168	-8849.866	-9282.191	432.3248	1.251094	3.746841
9174	-8850.105	-9282.378	432.2732	1.258898	3.772118
9180	-8872.381	-9302.954	430.5721	1.086335	4.832839
9186	-8868.887	-9299.788	430.9009	1.174108	4.599822
9192	-8862.878	-9294.199	431.3211	1.269155	4.30961
9198	-8853.298	-9285.317	432.0188	1.269155	3.912453
9204	-8857.599	-9289.89	432.2916	1.374709	3.694604
9210	-8854.093	-9285.916	431.8231	1.278246	4.019217
9216	-8854.982	-9286.907	431.9254	1.254076	3.974522
9222	-8839.765	-9270.819	431.0542	1.21913	4.488427
9228	-8849.484	-9281.019	431.5354	1.278355	4.182974
9234	-8855.811	-9287.801	431.9898	1.184382	3.97759
9240	-8852.505	-9284.43	431.9246	1.249532	3.97759
9246	-8851.914	-9283.825	431.9106	1.263504	3.97759
9252	-8845.021	-9277.955	432.9346	1.377184	3.318144
9258	-8843.76	-9275.364	431.6033	1.236935	4.167904
9264	-8840.882	-9272.534	431.6519	1.22934	4.144618
9270	-8851.95	-9283.174	431.2243	1.147576	4.432916
9276	-8854.231	-9285.138	430.907	1.158916	4.604958
9282	-8844.735	-9276.86	432.1245	1.247593	3.864139
9288	-8842.456	-9274.202	431.7457	1.264292	4.071305
9294	-8843.374	-9275.642	432.2677	1.263674	3.772483
9300	-8839.601	-9271.118	431.5174	1.275383	4.194863
9306	-8858.371	-9290.383	432.0116	1.305912	3.895464
9312	-8830.051	-9262.484	432.4325	1.31499	3.647611
9318	-8842.171	-9273.944	431.7722	1.327858	4.019928
9324	-8842.331	-9274.22	431.889	1.308556	3.964223
9330	-8839.352	-9272.031	432.6792	1.363657	3.475806
9336	-8860.976	-9293.149	432.1731	1.288265	3.812821
9342	-8866.558	-9298.45	431.8919	1.251929	3.994908
9348	-8867.798	-9299.076	431.2773	1.2681	4.334983
9354	-8870.957	-9302.2	431.2431	1.192501	4.39698
9360	-8869.762	-9300.952	431.1903	1.206259	4.419013
9366	-8861.618	-9293.931	432.3126	1.38814	3.674677
9372	-8853.21	-9285.135	431.9247	1.27511	3.962926
9378	-8854.477	-9286.461	431.9838	1.266836	3.933826
9384	-8857.955	-9290.717	432.7619	1.305697	3.461346
9390	-8855.044	-9286.836	431.7916	1.20718	4.077696
9396	-8854.301	-9286.554	432.2534	1.328111	3.743611
9402	-8864.611	-9296.934	432.3236	1.257836	3.743611
9408	-8866.263	-9298.616	432.3524	1.302365	3.701308
9414	-8871.624	-9304.149	432.5259	1.283907	3.611512
9420	-8859.754	-9292.208	432.4542	1.325039	3.629233
9426	-8849.889	-9282.36	432.4711	1.358593	3.599965
9432	-8861.594	-9293.5	431.9057	1.320034	3.948098
9438	-8853.312	-9285.449	432.1368	1.258148	3.851012
9444	-8862.214	-9294.234	432.0206	1.252704	3.920855
9450	-8859.584	-9291.521	431.9369	1.252704	3.968765
9456	-8858.067	-9289.978	431.9104	1.27916	3.968765
9462	-8856.509	-9288.622	432.1134	1.27916	3.852417
9468	-8877.275	-9309.479	432.2033	1.286469	3.796503
9474	-8856.608	-9289.169	432.5612	1.337427	3.559894
9480	-8878.183	-9310.171	431.9877	1.329911	3.895399
9486	-8881.239	-9313.048	431.8088	1.21486	4.063546
9492	-8871.641	-9304.07	432.4289	1.336133	3.637447
9498	-8860.223	-9291.402	431.1783	1.209623	4.423877
9504	-8871.709	-9303.143	431.4337	1.234754	4.265362
9510	-8864.304	-9296.149	431.8452	1.298364	3.995081
9516	-8861.793	-9293.968	432.1751	1.298364	3.805846
9522	-8853.514	-9285.493	431.9789	1.27508	3.93187
9528	-8848.817	-9280.376	431.5589	1.237689	4.192711
9534	-8864.566	-9295.273	430.7069	1.209915	4.688469
9540	-8861.629	-9293.328	431.699	1.135213	4.17134
9546	-8863.289	-9293.277	429.9879	1.09289	5.153794
9552	-8854.89	-9285.389	430.4984	1.120944	4.854618
9558	-8866.019	-9297.156	431.1377	1.160259	4.474528
9564	-8861.04	-9292.576	431.5359	1.249253	4.199208
9570	-8857.187	-9288.474	431.2868	1.251834	4.338831
9576	-8841.813	-9273.492	431.6786	1.240079	4.12334
9582	-8837.014	-9269.094	432.0803	1.286643	3.867094
9588	-8841.997	-9274.267	432.2705	1.38306	3.701954
9594	-8850.371	-9282.639	432.2676	1.38602	3.701954
9600	-8848.222	-9280.323	432.1012	1.397857	3.791113
9606	-8849.377	-9281.17	431.7936	1.291992	4.028168
9612	-8873.468	-9305.766	432.2981	1.359365	3.699729
9618	-8860.005	-9291.628	431.6233	1.361821	4.085484
9624	-8857.294	-9289.183	431.8896	1.267824	3.987175
9630	-8853.455	-9285.632	432.177	1.368766	3.764225
9636	-8854.037	-9286.099	432.0624	1.376446	3.825761
9642	-8860.212	-9292.899	432.6867	1.36992	3.467754
9648	-8865.034	-9296.632	431.5979	1.345501	4.10926
9654	-8850.168	-9281.495	431.327	1.308994	4.283768
9660	-8861.832	-9294.599	432.7671	1.385717	3.411476
9666	-8860.57	-9293.728	433.1581	1.386426	3.180593
9672	-8857.696	-9289.937	432.2402	1.319029	3.756467
9678	-8851.77	-9283.974	432.2043	1.354923	3.756467
9684	-8848.821	-9280.759	431.9387	1.254869	3.966509
9690	-8851.15	-9282.508	431.3574	1.224119	4.314556
9696	-8857.8	-9289.283	431.4828	1.193679	4.260794
9702	-8858.23	-9289.323	431.0932	1.181928	4.48739
9708	-8854.456	-9285.319	430.863	1.129257	4.646251
9714	-8871.629	-9303.163	431.5341	1.24046	4.205236
9720	-8857.698	-9289.267	431.5686	1.246381	4.182289
9726	-8852.196	-9283.362	431.1655	1.254998	4.405484
9732	-8844.864	-9277.593	432.7291	1.320186	3.472034
9738	-8850.457	-9282.499	432.0418	1.302928	3.879842
9744	-8859.122	-9290.388	431.2664	1.252348	4.350028
9750	-8852.668	-9284.807	432.1386	1.286909	3.833464
9756	-8851.128	-9283.127	431.9989	1.32236	3.893309
9762	-8865.993	-9297.978	431.9859	1.330488	3.896149
9768	-8861.01	-9293.323	432.3129	1.327526	3.709581
9774	-8850.206	-9283.025	432.8196	1.415222	3.363406
9780	-8840.887	-9273.087	432.2004	1.267947	3.808808
9786	-8839.984	-9272.055	432.0713	1.291084	3.86972
9792	-8838.6	-9270.648	432.0475	1.314906	3.86972
9798	-8841.825	-9273.629	431.8043	1.268003	4.035796
9804	-8832.966	-9264.183	431.2165	1.286798	4.358794
9810	-8841.824	-9273.688	431.8639	1.256049	4.008579
9816	-8826.181	-9258.097	431.9162	1.258044	3.977525
9822	-8823.761	-9255.597	431.8367	1.337593	3.977525
9828	-8839.349	-9271.912	432.5629	1.350351	3.551381
9834	-8835.55	-9267.951	432.4004	1.296652	3.676809
9840	-8840.816	-9273.668	432.8523	1.380552	3.364567
9846	-8841.334	-9273.333	431.9995	1.314055	3.897768
9852	-8849.951	-9282.053	432.1017	1.279172	3.859102
9858	-8848.109	-9280.163	432.0534	1.327514	3.859102
9864	-8855.295	-9288.111	432.8164	1.350779	3.403062
9870	-8849.558	-9281.724	432.1664	1.314698	3.801499
9876	-8851.648	-9283.869	432.2207	1.260389	3.801499
9882	-8856.381	-9288.723	432.3417	1.406531	3.647166
9888	-8849.125	-9281.469	432.3442	1.419365	3.638316
9894	-8868.257	-9301.453	433.1957	1.369982	3.168016
9900	-8855.264	-9287.711	432.4465	1.262241	3.670062
9906	-8855.303	-9287.49	432.1869	1.307749	3.793673
9912	-8861.35	-9294.336	432.9863	1.424704	3.259606
9918	-8868.702	-9301.342	432.6394	1.421752	3.465145
9924	-8849.776	-9282.331	432.555	1.322854	3.571981
9930	-8855.294	-9287.972	432.6774	1.279133	3.526175
9936	-8848.138	-9280.131	431.9926	1.400166	3.852295
9942	-8856.857	-9288.427	431.5707	1.313375	4.142985
9948	-8860.536	-9292.905	432.3691	1.272433	3.708916
9954	-8860.878	-9293.741	432.8624	1.37928	3.359339
9960	-8866.82	-9299.676	432.8561	1.38562	3.359339
9966	-8863.854	-9296.852	432.9987	1.38562	3.27537
9972	-8868	-9300.828	432.8278	1.403519	3.36545
9978	-8877.195	-9309.218	432.0231	1.403519	3.832799
9984	-8866.444	-9298.943	432.4993	1.41603	3.550137
9990	-8852.745	-9285.986	433.2406	1.386263	3.131703
9996	-8851.404	-9284.099	432.6955	1.288904	3.509923
10002	-8857.184	-9288.898	431.7135	1.296821	4.071126
10008	-8851.24	-9282.738	431.4978	1.18188	4.259006
10014	-8848.098	-9279.582	431.4849	1.202738	4.254481
10020	-8843.918	-9275.863	431.9458	1.333331	3.917506
10026	-8848.006	-9279.713	431.7062	1.234136	4.110981
10032	-8845.815	-9277.278	431.4631	1.271186	4.228055
10038	-8842.02	-9273.066	431.0463	1.271186	4.463532
10044	-8838.012	-9269.887	431.8751	1.290456	3.982528
10050	-8849.224	-9280.55	431.3267	1.159088	4.368675
10056	-8844.838	-9276.455	431.6172	1.22225	4.16836
10062	-8852.916	-9284.139	431.2228	1.227629	4.388624
10068	-8847.898	-9279.355	431.4571	1.22247	4.259044
10074	-8849.522	-9282.61	433.0886	1.480458	3.166023
10080	-8837.848	-9269.581	431.7331	1.253144	4.084865
10086	-8841.424	-9273.621	432.1968	1.365214	3.754839
10092	-8859.271	-9291.62	432.3497	1.212298	3.754839
10098	-8879.183	-9310.614	431.4311	1.235561	4.266405
10104	-8847.327	-9280.394	433.0674	1.381457	3.237247
10110	-8836.478	-9269.366	432.8888	1.406071	3.328068
10116	-8842.005	-9274.515	432.5099	1.410598	3.547132
10122	-8856.823	-9289.371	432.5477	1.410598	3.525165
10128	-8843.225	-9275.439	432.2145	1.368248	3.742883
10134	-8841.222	-9273.437	432.2145	1.368248	3.742883
10140	-8847.707	-9279.539	431.8317	1.230103	4.041783
10146	-8847.424	-9279.387	431.9632	1.317475	3.916617
10152	-8852.415	-9284.567	432.1522	1.272654	3.833856
10158	-8863.075	-9295.203	432.1279	1.286686	3.839714
10164	-8873.319	-9305.912	432.5936	1.37388	3.519776
10170	-8869.865	-9302.238	432.3733	1.309512	3.685087
10176	-8867.848	-9298.818	430.9697	1.180317	4.557723
10182	-8860.461	-9293.815	433.3538	1.439244	3.032515
10188	-8857.625	-9290.714	433.0895	1.371784	3.229923
10194	-8846.216	-9278.516	432.2999	1.305383	3.729849
10200	-8849.677	-9282.029	432.3513	1.262338	3.725046
10206	-8847.087	-9279.648	432.5615	1.340372	3.557972
10212	-8851.618	-9285.081	433.4635	1.470402	2.94794
10218	-8846.323	-9279.629	433.3055	1.465555	3.04566
10224	-8827.845	-9260.819	432.9735	1.442772	3.256505
10230	-8857.215	-9288.853	431.6381	1.298257	4.113271
10236	-8856.737	-9288.745	432.0075	1.322523	3.888295
10242	-8840.054	-9271.319	431.2656	1.275798	4.337226
10248	-8849.16	-9281.057	431.8974	1.281697	3.974745
10254	-8865.723	-9298.104	432.3813	1.262326	3.707745
10260	-8865.418	-9296.406	430.9876	1.197476	4.538056
10266	-8857.546	-9290.078	432.532	1.424113	3.526435
10272	-8849.719	-9282.428	432.7096	1.40649	3.433015
10278	-8855.42	-9288.022	432.6024	1.422737	3.486157
10284	-8849.2	-9282.038	432.8385	1.391349	3.366342
10290	-8846.093	-9278.19	432.0975	1.339325	3.826963
10296	-8846.274	-9278.485	432.2112	1.213778	3.833778
10302	-8847.471	-9279.642	432.1715	1.2535	3.833778
10308	-8850.036	-9281.905	431.8685	1.275258	3.99496
10314	-8861.463	-9294.564	433.1003	1.427405	3.19055
10320	-8879.778	-9310.338	430.5598	1.145117	4.806883
10326	-8860.661	-9291.264	430.6029	1.204674	4.749577
10332	-8861.693	-9294	432.3072	1.316104	3.719488
10338	-8849.811	-9281.796	431.9854	1.303825	3.911709
10344	-8844.182	-9275.949	431.767	1.241785	4.072019
10350	-8854.59	-9286.969	432.3788	1.293665	3.691071
10356	-8854.803	-9287.391	432.5879	1.394505	3.511115
10362	-8861.471	-9294.059	432.588	1.394339	3.511115
10368	-8842.33	-9274.319	431.9894	1.295352	3.91424
10374	-8841.49	-9273.634	432.1437	1.334539	3.803095
10380	-8853.662	-9284.896	431.2339	1.193672	4.401544
10386	-8854.121	-9284.804	430.6838	1.17073	4.723326
10392	-8846.739	-9277.822	431.0832	1.210447	4.476998
10398	-8848.205	-9279.461	431.2561	1.203161	4.383648
10404	-8844.04	-9275.876	431.8364	1.255419	4.024615
10410	-8849.861	-9281.397	431.5362	1.320418	4.158581
10416	-8843.987	-9275.957	431.9707	1.297965	3.923489
10422	-8838.38	-9270.553	432.1731	1.382575	3.758508
10428	-8848.269	-9281.379	433.11	1.436307	3.179525
10434	-8850.562	-9282.615	432.0536	1.34306	3.850037
10440	-8860.674	-9291.899	431.2247	1.150395	4.431096
10446	-8854.735	-9286.851	432.1158	1.223024	3.883256
10452	-8852.945	-9285.558	432.613	1.397044	3.49498
10458	-8844.643	-9277.001	432.3583	1.339026	3.676649
10464	-8874.979	-9307.3	432.3211	1.263257	3.74193
10470	-8865.177	-9296.969	431.7917	1.204621	4.079097
10476	-8860.935	-9292.18	431.245	1.235292	4.371772
10482	-8850.561	-9282.004	431.4425	1.164835	4.29994
10488	-8845.937	-9277.767	431.8299	1.181407	4.070563
10494	-8837.51	-9269.402	431.8924	1.251779	3.994752
10500	-8846.586	-9278.76	432.1741	1.20566	3.859721
10506	-8850.537	-9283.027	432.4904	1.233281	3.661388
10512	-8844.899	-9277.313	432.4141	1.295823	3.669362
10518	-8853.768	-9285.565	431.7975	1.19102	4.083574
10524	-8842.551	-9274.59	432.0388	1.203657	3.938507
10530	-8850.63	-9281.973	431.3438	1.124954	4.378274
10536	-8849.944	-9281.495	431.5513	1.196431	4.220413
10542	-8830.479	-9262.26	431.7809	1.308382	4.026098
10548	-8833.665	-9264.083	430.4182	1.164651	4.874979
10554	-8830.572	-9261.497	430.9256	1.232212	4.553377
10560	-8839.381	-9271.117	431.7357	1.343503	4.03186
10566	-8856.25	-9288.254	432.0037	1.378013	3.858617
10572	-8850.743	-9283.151	432.4083	1.384646	3.621279
10578	-8852.76	-9285.53	432.7701	1.328328	3.443348
10584	-8851.485	-9284.238	432.753	1.345454	3.443348
10590	-8862.002	-9293.755	431.7524	1.298105	4.048211
10596	-8854.257	-9286.069	431.8117	1.2388	4.048211
10602	-8869.134	-9300.836	431.7014	1.314647	4.067852
10608	-8865.927	-9298.056	432.1296	1.397884	3.774734
10614	-8846.043	-9278.588	432.5451	1.390547	3.538307
10620	-8846.638	-9279.522	432.8845	1.390547	3.339763
10626	-8841.456	-9274.154	432.6983	1.35593	3.46916
10632	-8840.682	-9273.013	432.3314	1.332295	3.696118
10638	-8845.011	-9277.405	432.3943	1.269353	3.696118
10644	-8846.035	-9278.107	432.0719	1.32437	3.850275
10650	-8856.054	-9287.929	431.8745	1.342471	3.953068
10656	-8861.738	-9293.949	432.2105	1.341263	3.76075
10662	-8868.528	-9300.927	432.3986	1.277414	3.688982
10668	-8866.617	-9299.624	433.0068	1.348938	3.292251
10674	-8872.808	-9306.661	433.8533	1.547231	2.663966
10680	-8858.233	-9291.501	433.2675	1.547231	3.019488
10686	-8845.446	-9278.632	433.1863	1.524376	3.081722
10692	-8857.243	-9290.43	433.1863	1.524376	3.081722
10698	-8861.769	-9294.561	432.7923	1.447056	3.360737
10704	-8857.575	-9289.369	431.794	1.311203	4.017001
10710	-8857.452	-9289.2	431.7486	1.309632	4.043787
10716	-8852.114	-9284.111	431.9969	1.215114	3.955924
10722	-8865.953	-9297.28	431.3269	1.311696	4.282295
10728	-8863.944	-9295.638	431.6939	1.29639	4.082524
10734	-8855.671	-9288.254	432.5828	1.394776	3.513918
10740	-8855.577	-9287.697	432.1195	1.300904	3.836417
10746	-8857.124	-9288.911	431.787	1.300102	4.027356
10752	-8869.628	-9302.308	432.6801	1.296619	3.514394
10758	-8873.754	-9306.007	432.2531	1.307587	3.7556
10764	-8869.841	-9302.087	432.2451	1.315555	3.7556
10770	-8855.93	-9287.392	431.4615	1.273175	4.227822
10776	-8847.238	-9279.641	432.4034	1.40516	3.612186
10782	-8849.641	-9282.359	432.7182	1.360502	3.45487
10788	-8859.017	-9291.596	432.5797	1.342481	3.546172
10794	-8869.072	-9301.614	432.5415	1.380688	3.546172
10800	-8863.629	-9296.232	432.6033	1.417698	3.488571
10806	-8856.056	-9288.53	432.474	1.361448	3.596593
10812	-8857.987	-9290.017	432.0302	1.308951	3.883092
10818	-8852.547	-9284.537	431.9905	1.334857	3.890991
10824	-8837.236	-9269.348	432.1119	1.379981	3.795285
10830	-8843.775	-9275.776	432.0012	1.27741	3.917781
10836	-8848.426	-9280.408	431.982	1.288274	3.922576
10842	-8859.46	-9291.716	432.2554	1.301153	3.757999
10848	-8867.456	-9299.754	432.2974	1.33525	3.714069
10854	-8858.97	-9291.587	432.6171	1.301254	3.548375
10860	-8865.805	-9297.564	431.7596	1.178165	4.112464
10866	-8859.914	-9290.491	430.577	1.218641	4.756228
10872	-8860.907	-9293.694	432.7876	1.390032	3.396933
10878	-8846.485	-9278.5	432.0152	1.36073	3.861954
10884	-8854.618	-9286.462	431.8446	1.363808	3.957978
10890	-8864.929	-9296.805	431.8757	1.218141	4.023454
10896	-8855.336	-9287.116	431.7807	1.313205	4.023454
10902	-8851.463	-9284.225	432.7622	1.378958	3.418348
10908	-8844.39	-9276.642	432.2524	1.267592	3.779096
10914	-8839.502	-9271.306	431.804	1.289379	4.02373
10920	-8842.496	-9274.901	432.4054	1.307604	3.667603
10926	-8855.426	-9287.707	432.2812	1.307201	3.739629
10932	-8866.828	-9299.585	432.7572	1.35503	3.435281
10938	-8869.56	-9302.392	432.8321	1.35503	3.391353
10944	-8867.67	-9300.431	432.7605	1.258763	3.4896
10950	-8864.709	-9296.362	431.6526	1.194778	4.163848
10956	-8866.376	-9298.999	432.6231	1.347475	3.517959
10962	-8856.141	-9288.524	432.3833	1.311925	3.677873
10968	-8854.447	-9286.858	432.4116	1.283641	3.677873
10974	-8870.401	-9302.776	432.3744	1.303668	3.687813
10980	-8880.729	-9312.639	431.9103	1.222943	4.001004
10986	-8876.497	-9307.801	431.3036	1.269471	4.319336
10992	-8876.491	-9307.813	431.3223	1.164151	4.36827
10998	-8866.155	-9298.473	432.3182	1.257529	3.746927
11004	-8865.574	-9298.182	432.6079	1.267981	3.573089
11010	-8854.419	-9285.861	431.4422	1.208786	4.275263
11016	-8865.352	-9297.006	431.6539	1.142254	4.192971
11022	-8856.67	-9287.698	431.0283	1.140533	4.547186
11028	-8859.5	-9290.753	431.2531	1.160495	4.40942
